iter:  400.0   lambda:  1e-08   alpha:  0.0   kernel: rbf, method:  cobyla x_init:  [2.69652152e-04 4.59980140e-05 8.11013990e-04 ... 6.91622579e-04
 7.05818331e-04 4.94421455e-04]
loss:  -3.481136931026325
loss:  -3.974346672704356
loss:  -4.473786286946957
loss:  -4.96478301953689
loss:  -5.464404579091315
loss:  -5.962573551736572
loss:  -6.459991868972104
loss:  -6.959829538164152
loss:  -7.460575673736785
loss:  -7.959916728411112
loss:  -8.460448966068753
loss:  -8.960044222200871
loss:  -9.458926194606994
loss:  -9.958548756007378
loss:  -10.456662438057897
loss:  -10.867387040663058
loss:  -11.366510980300921
loss:  -11.865662242646044
loss:  -12.364531826568237
loss:  -12.852853065113772
loss:  -13.351800747768396
loss:  -13.850810525921947
loss:  -14.350622497567084
loss:  -14.849975251108736
loss:  -15.348113586436954
loss:  -15.844281778798202
loss:  -16.312451792526524
loss:  -16.808128272036413
loss:  -17.142961924680503
loss:  -17.634337781899355
loss:  -18.129194659216047
loss:  -18.62886941544817
loss:  -19.12844632827739
loss:  -19.540663279280675
loss:  -20.040359978474644
loss:  -20.539502195815146
loss:  -21.038627207991446
loss:  -21.499288313337654
loss:  -21.99906976131125
loss:  -22.494752715264998
loss:  -22.993991610784445
loss:  -23.492842815509256
loss:  -23.959921999174675
loss:  -24.4592044677213
loss:  -24.95928977684508
loss:  -25.45850370631504
loss:  -25.958088853502566
loss:  -26.457324726162664
loss:  -26.95623160373696
loss:  -27.455943308539936
loss:  -27.9342248272797
loss:  -28.433115421752518
loss:  -28.925614772004874
loss:  -29.417584497921606
loss:  -29.91729401402743
loss:  -30.41713743642625
loss:  -30.917021789869235
loss:  -31.405409342259784
loss:  -31.89467062815076
loss:  -32.39425856854412
loss:  -32.89288867943148
loss:  -33.39219908896251
loss:  -33.89203076902391
loss:  -34.39119484726626
loss:  -34.80777068686516
loss:  -35.307466471068544
loss:  -35.80685121244591
loss:  -36.30758453726192
loss:  -36.723650233544056
loss:  -37.211595700796366
loss:  -37.71018788526002
loss:  -38.202645773178894
loss:  -38.700866049111376
loss:  -39.19996756844176
loss:  -39.672019709574386
loss:  -40.17128148662432
loss:  -40.67125733415281
loss:  -41.21094571448339
loss:  -41.71087468576192
loss:  -42.210803308387156
loss:  -42.7114616832904
loss:  -43.2105104608927
loss:  -43.71316126859347
loss:  -44.212665287573145
loss:  -44.6625334402356
loss:  -45.15993332495513
loss:  -45.659244189938214
loss:  -46.1587997963433
loss:  -46.65703907821772
loss:  -47.15078494957411
loss:  -47.50065134109445
loss:  -47.793577750493114
loss:  -48.42261726089312
loss:  -48.93399815353916
loss:  -49.4442682553685
loss:  -49.919540358444515
loss:  -50.41452349242762
loss:  -50.91385137168673
loss:  -51.36452193235359
loss:  -51.854729447556515
loss:  -52.353835517479084
loss:  -52.85023024744545
loss:  -53.29631669213862
loss:  -53.79630418994067
loss:  -54.29593624679655
loss:  -54.76498037755829
loss:  -55.25126663987525
loss:  -55.750877254336764
loss:  -56.34007969779643
loss:  -56.839445585380886
loss:  -57.33889442419661
loss:  -57.833949455437505
loss:  -58.33332303266142
loss:  -58.78197643937894
loss:  -59.28150595917247
loss:  -59.78116589049627
loss:  -60.25559783765252
loss:  -60.75084508108961
loss:  -61.24934498592076
loss:  -61.654947853365336
loss:  -62.153797760563506
loss:  -62.65072891184157
loss:  -63.15031717161504
loss:  -63.64930007526089
loss:  -64.14509527589473
loss:  -64.66880243453372
loss:  -65.16868689225926
loss:  -65.5264600149169
loss:  -65.99834257483245
loss:  -66.49733749500506
loss:  -66.99194376936907
loss:  -67.48383694905351
loss:  -67.75100353284603
loss:  -68.25097350009906
loss:  -68.75072214042552
loss:  -69.25001925775749
loss:  -69.75244121267781
loss:  -70.25197541714681
loss:  -70.75165848006102
loss:  -71.23695653887475
loss:  -71.6232958305444
loss:  -72.1843111886744
loss:  -72.67420677625081
loss:  -73.11114877617545
loss:  -73.61043786533801
loss:  -74.08846877122127
loss:  -74.5873828595648
loss:  -75.08317508104922
loss:  -75.58242984863368
loss:  -76.0427242586431
loss:  -76.54227617684508
loss:  -77.04750935356131
loss:  -77.54650862374122
loss:  -77.90662219295895
loss:  -78.40602125610471
loss:  -78.90549177955386
loss:  -79.40421920173834
loss:  -79.90286052252326
loss:  -80.37880248021004
loss:  -80.87795086962298
loss:  -81.22022784650635
loss:  -81.64044856198365
loss:  -83.3045780819414
loss:  -83.75382742413676
loss:  -84.2479233207431
loss:  -84.74049878837867
loss:  -85.20904995287798
loss:  -85.70822075846081
loss:  -86.11526436640743
loss:  -86.60938870826098
loss:  -87.07758235228796
loss:  -87.5640704884712
loss:  -87.96698516953681
loss:  -88.46623874292818
loss:  -89.04810814384345
loss:  -89.45181999728884
loss:  -89.95126141399233
loss:  -90.48017739716748
loss:  -90.94920817694853
loss:  -91.50529669000201
loss:  -91.78433453664576
loss:  -92.09671022883417
loss:  -92.15961140188081
loss:  -92.65902941331278
loss:  -92.81549705416042
loss:  -93.31474213193738
loss:  -93.7829250956187
loss:  -94.16966416116352
loss:  -94.70033299456568
loss:  -95.16348745797367
loss:  -95.55106648875135
loss:  -95.43657914398037
loss:  -95.78095147981249
loss:  -96.28075150659801
loss:  -96.75889227492976
loss:  -97.04894750245572
loss:  -97.49610568897158
loss:  -97.99598413273564
loss:  -98.49550211722075
loss:  -98.33261294006063
loss:  -98.94198009437456
loss:  -99.4411018851845
loss:  -99.60243937093702
loss:  -100.02947164592985
loss:  -100.4977699082922
loss:  -101.05730658184098
loss:  -100.8882683469775
loss:  -101.5504972901874
loss:  -102.0504520900874
loss:  -102.41405871155207
loss:  -102.91323030997141
loss:  -103.4123459268519
loss:  -103.93672459667029
loss:  -104.43647043164479
loss:  -104.83584754234667
loss:  -105.30715548399043
loss:  -105.6109625224477
loss:  -106.25081531617002
loss:  -106.75076216356321
loss:  -107.32419601111131
loss:  -107.82431975965741
loss:  -108.32407706987586
loss:  -108.82374961258053
loss:  -109.62538225887943
loss:  -109.98498636015594
loss:  -110.31982445761962
loss:  -110.81866155719996
loss:  -111.17016337763513
loss:  -111.64007197615055
loss:  -111.76332930957389
loss:  -112.2616616897135
loss:  -112.6459978822787
loss:  -112.63646548871957
loss:  -113.14136693662812
loss:  -113.49813815724278
loss:  -114.05874869866074
loss:  -114.48369279981962
loss:  -114.98342153944485
loss:  -115.48257347871328
loss:  -115.80108529837088
loss:  -116.10307266971911
loss:  -116.60212385492305
loss:  -116.943370049519
loss:  -117.4423604203879
loss:  -117.94161707934315
loss:  -118.43945004735873
loss:  -118.93919252352755
loss:  -119.02989306899751
loss:  -119.52887086346169
loss:  -119.81876980050808
loss:  -120.1402699045922
loss:  -120.6398408279558
loss:  -121.13981404527888
loss:  -121.62855848913185
loss:  -122.60003806767008
loss:  -123.08777452868088
loss:  -123.58513293675938
loss:  -124.08369307301092
loss:  -124.58347789144278
loss:  -125.08151566723234
loss:  -125.35948040626295
loss:  -125.77195267183896
loss:  -126.28605354265997
loss:  -126.78565721874315
loss:  -127.113960270496
loss:  -127.56339781328478
loss:  -128.03307742497094
loss:  -128.53306115881318
loss:  -128.87387173722587
loss:  -129.37308476377095
loss:  -129.85517032494107
loss:  -130.35252821220928
loss:  -130.84944996428956
loss:  -131.3479843796605
loss:  -131.4861240661372
loss:  -131.6002316456112
loss:  -132.0859014892955
loss:  -132.58505353925656
loss:  -133.0841641718711
loss:  -133.58321320975983
loss:  -134.09112840124146
loss:  -134.46457210993654
loss:  -134.9640245534235
loss:  -135.57560397176772
loss:  -135.7324554891335
loss:  -136.5196619411181
loss:  -137.00097241587912
loss:  -137.50039591036696
loss:  -138.00035935830059
loss:  -138.61945693541827
loss:  -139.0028613273916
loss:  -139.49626185910117
loss:  -139.83811471763545
loss:  -140.3223173272278
loss:  -140.77090322510517
loss:  -141.26044998307324
loss:  -141.76040799707675
loss:  -142.2595071305277
loss:  -142.7548329652496
loss:  -143.15281852214574
loss:  -143.70284774002423
loss:  -144.20208938318746
loss:  -143.88823320617388
loss:  -144.70141410892072
loss:  -145.20048932085044
loss:  -145.69958509620946
loss:  -146.0185255252495
loss:  -146.71112670133584
loss:  -147.12642104739413
loss:  -147.62548042154552
loss:  -148.18009530306063
loss:  -148.5962460503359
loss:  -149.01494544024675
loss:  -149.47712251296971
loss:  -149.74744490283436
loss:  -149.73618229799146
loss:  -150.2467875273779
loss:  -150.744655678533
loss:  -151.24386748941126
loss:  -151.74362564050747
loss:  -152.2496724522913
loss:  -152.07800206929997
loss:  -152.7495675762977
loss:  -153.2382656392235
loss:  -153.68286988697707
loss:  -154.17740568187978
loss:  -154.2988938879979
loss:  -154.79872292690328
loss:  -155.29183006061209
loss:  -155.79173743047892
loss:  -156.2913297979294
loss:  -156.79128231311688
loss:  -157.29307555373126
loss:  -157.37764241099038
loss:  -157.87204019382588
loss:  -158.2893539702687
loss:  -158.7759779898748
loss:  -159.27581035724347
loss:  -159.24434512635023
loss:  -159.77467975165237
loss:  -160.13867810445325
loss:  -160.27650894483781
loss:  -160.77615661740276
loss:  -161.27614934826357
loss:  -161.22024269256832
loss:  -161.6799466491315
loss:  -162.11595886745437
loss:  -162.6067575361058
loss:  -163.10595755021362
loss:  -163.60072424421426
loss:  -164.10013180716098
loss:  -164.5726846371968
loss:  -164.881802540466
loss:  -165.38119367350495
loss:  -165.86019139224
loss:  -166.30787462931568
loss:  -166.72785131058322
loss:  -167.22040113277004
loss:  -167.71894545133597
loss:  -167.97062534159758
loss:  -168.46903169554315
loss:  -168.4807117312034
loss:  -169.19796392192075
loss:  -169.63272478172559
loss:  -169.91099701459157
loss:  -170.41029818711203
loss:  -170.9444435981935
loss:  -171.44444158519389
loss:  -171.92133981104362
loss:  -172.41329866455672
loss:  -172.61960583709526
loss:  -172.92386698025888
loss:  -173.10308178222155
loss:  -173.53004967869302
loss:  -173.59452738652118
loss:  -174.3337291649422
loss:  -174.95016030423793
loss:  -175.4492892582332
loss:  -175.9492078605819
loss:  -176.38810123548598
loss:  -176.70271239285051
loss:  -176.95113432668165
loss:  -177.48541333442125
loss:  -177.98335099876343
loss:  -178.48325510354263
loss:  -178.98313845461328
loss:  -179.47587462821298
loss:  -179.9558460315655
loss:  -180.38085084563733
loss:  -180.87951426565309
loss:  -181.3794714979812
loss:  -181.5324941619224
loss:  -181.95107262964697
loss:  -182.43978063080607
loss:  -182.93509351845034
loss:  -183.43456639701083
loss:  -183.9359823273146
loss:  -183.53982594465458
loss:  -184.25376209181061
loss:  -184.7527439943087
weights:  [1.00026965e+00 1.00004600e+00 1.00081101e+00 ... 6.91622579e-04
 7.05818331e-04 4.94421455e-04]
Optimization problem did not converge.. Check the solution returned by the optimizer.
Returned solution is:
     fun: -184.7527439943087
   maxcv: 7142.8571428032055
 message: 'Did not converge to a solution satisfying the constraints. See `maxcv` for magnitude of violation.'
    nfev: 400
  status: 4
 success: False
       x: array([1.00026965e+00, 1.00004600e+00, 1.00081101e+00, ...,
       6.91622579e-04, 7.05818331e-04, 4.94421455e-04])
Train data:
------------
Train accuracy :  0.38042857142857145
Total data points: 7000
# non-protected examples: 4699
# protected examples: 2301
Non-protected in positive class: 4010 (85%)
Protected in positive class: 1906 (83%)
P-rule is: 97%

Test data: 
------------
Test accuracy :  0.337
Total data points: 3000
# non-protected examples: 2055
# protected examples: 945
Non-protected in positive class: 1873 (91%)
Protected in positive class: 827 (88%)
P-rule is: 96%
------------------------------------------------------------------------
------------------------------------------------------------------------
