iter:  500.0   lambda:  1e-08   alpha:  0.0   kernel: rbf, method:  cobyla x_init:  [4.99026751e-04 4.96201308e-05 3.81393306e-04 ... 3.86325993e-04
 1.47996759e-04 7.99939954e-04]
loss:  -3.508389070629941
loss:  -4.001970815241503
loss:  -4.501531892372919
loss:  -4.994017596512792
loss:  -5.49294738749449
loss:  -5.990790553183354
loss:  -6.489131860341516
loss:  -6.988439546218923
loss:  -7.489932740256812
loss:  -7.989584795353329
loss:  -8.490168665039452
loss:  -8.989462494017726
loss:  -9.488054113942397
loss:  -9.987525754144492
loss:  -10.485947689895232
loss:  -10.896868918978951
loss:  -11.396281635218216
loss:  -11.894520386927507
loss:  -12.392513470337859
loss:  -12.880910338079739
loss:  -13.380274099431604
loss:  -13.879210812833065
loss:  -14.378418977536592
loss:  -14.877776618003
loss:  -15.375388993458502
loss:  -15.871872915160063
loss:  -16.340147289793002
loss:  -16.835316177860165
loss:  -17.17001569293491
loss:  -17.661710809702424
loss:  -18.156510474260145
loss:  -18.65570169495536
loss:  -19.154531959076035
loss:  -19.56674203628934
loss:  -20.06650528763559
loss:  -20.566088254918057
loss:  -21.06544853631207
loss:  -21.52561580908788
loss:  -22.024974548451087
loss:  -22.520315010355215
loss:  -23.02009467271116
loss:  -23.51943866282251
loss:  -23.986928246820007
loss:  -24.486181681588196
loss:  -24.98581767105542
loss:  -25.48510051691038
loss:  -25.984542765588962
loss:  -26.48427339066402
loss:  -26.982823738782233
loss:  -27.48184597105905
loss:  -27.959912655813426
loss:  -28.45917887831417
loss:  -28.952085047557205
loss:  -29.444763692632034
loss:  -29.943850701591412
loss:  -30.443513026163693
loss:  -30.942972252587637
loss:  -31.43084605767592
loss:  -31.921709034605367
loss:  -32.42050056730646
loss:  -32.91873739186002
loss:  -33.41817316495869
loss:  -33.918054258093676
loss:  -34.41751928124284
loss:  -34.83411621128091
loss:  -35.33306979279158
loss:  -35.83229188278019
loss:  -36.333243310818084
loss:  -36.74906737705647
loss:  -37.23758401546524
loss:  -37.73691264972849
loss:  -38.22940652110357
loss:  -38.72771182911658
loss:  -39.227473152498895
loss:  -39.6988958570731
loss:  -40.19867940243074
loss:  -40.69856760016812
loss:  -41.23793125040193
loss:  -41.73699514255208
loss:  -42.23664293955512
loss:  -42.73784782884876
loss:  -43.237555197999626
loss:  -43.7419570101195
loss:  -44.24134224894855
loss:  -44.691360831330066
loss:  -45.18884326060933
loss:  -45.68807480366785
loss:  -46.187671961468865
loss:  -46.68510819161328
loss:  -47.178920861674065
loss:  -47.527952699394945
loss:  -47.82129641187682
loss:  -48.44836056695276
loss:  -48.95985888913191
loss:  -49.47063576827262
loss:  -49.945925673782035
loss:  -50.44100492468766
loss:  -50.9406447814745
loss:  -51.39194070105131
loss:  -51.8820584166955
loss:  -52.38171703542659
loss:  -52.87839901966817
loss:  -53.32528530010213
loss:  -53.824758050196316
loss:  -54.32438545626354
loss:  -54.79352407128276
loss:  -55.28072875977378
loss:  -55.77969115818129
loss:  -56.36966567738074
loss:  -56.869005174560385
loss:  -57.36856363531961
loss:  -57.863588413638816
loss:  -58.362816601162386
loss:  -58.811890813203
loss:  -59.310965011322224
loss:  -59.810752181315024
loss:  -60.28620047746817
loss:  -60.781251961253794
loss:  -61.279798540100906
loss:  -61.68517002414821
loss:  -62.18389227002528
loss:  -62.68090407410051
loss:  -63.180772499103085
loss:  -63.67939452131266
loss:  -64.17475242986859
loss:  -64.69905691134639
loss:  -65.19884343156805
loss:  -65.55600382400971
loss:  -66.02867386442377
loss:  -66.52850501396955
loss:  -67.02330102521279
loss:  -67.51579168000096
loss:  -67.7831585591497
loss:  -68.28273630921973
loss:  -68.78217516405245
loss:  -69.28164527747606
loss:  -69.784148298883
loss:  -70.2837562230518
loss:  -70.78295813392788
loss:  -71.26846233224795
loss:  -71.65467501392177
loss:  -72.21668698805402
loss:  -72.7072600639079
loss:  -73.14414980094263
loss:  -73.64393779427795
loss:  -74.12272014362982
loss:  -74.62224677142868
loss:  -75.1181592128447
loss:  -75.61742183481533
loss:  -76.07871828209112
loss:  -76.57868720755594
loss:  -77.08386152340553
loss:  -77.58379782144411
loss:  -77.94329150373173
loss:  -78.44299456122006
loss:  -78.94270466935045
loss:  -79.4414696252585
loss:  -79.94048415822859
loss:  -80.41669243624193
loss:  -80.91668391794134
loss:  -81.25840121677776
loss:  -81.67845557434596
loss:  -83.34248073339913
loss:  -83.79215519828719
loss:  -84.2864865413969
loss:  -84.77914155441675
loss:  -85.24846824322262
loss:  -85.74763348749687
loss:  -86.1538656506377
loss:  -86.64875545204694
loss:  -87.11660797287894
loss:  -87.60304506183783
loss:  -88.00603333370051
loss:  -88.50565571814089
loss:  -89.08712697053663
loss:  -89.48996571819323
loss:  -89.98949124791146
loss:  -90.51836277560264
loss:  -90.98657792622096
loss:  -91.54310127725543
loss:  -91.8215026916332
loss:  -92.13549479870153
loss:  -92.19758739926215
loss:  -92.69706290964069
loss:  -92.85353337986453
loss:  -93.35272330879799
loss:  -93.82095666030166
loss:  -94.20828159614165
loss:  -94.73881336776788
loss:  -95.20111516668541
loss:  -95.58846011681193
loss:  -95.47409998603895
loss:  -95.81848095110881
loss:  -96.3174815940815
loss:  -96.79612345587017
loss:  -97.08644458700087
loss:  -97.53314272278935
loss:  -98.03266601970634
loss:  -98.53194389087064
loss:  -98.37042460074605
loss:  -98.97807087963373
loss:  -99.47782836347895
loss:  -99.63836151930659
loss:  -100.0658267525909
loss:  -100.53428160186094
loss:  -101.09305116920596
loss:  -100.92473861676284
loss:  -101.58589620583672
loss:  -102.08503705818158
loss:  -102.44990116765436
loss:  -102.94920104963411
loss:  -103.44872217895363
loss:  -103.97388807726361
loss:  -104.47343117247348
loss:  -104.87236777379991
loss:  -105.34335232840203
loss:  -105.64730073663989
loss:  -106.28685770155248
loss:  -106.78614228656384
loss:  -107.36015926559861
loss:  -107.86037600211094
loss:  -108.36014991226384
loss:  -108.86004415617133
loss:  -109.66179506705541
loss:  -110.02072777831492
loss:  -110.35561703652587
loss:  -110.85488343738835
loss:  -111.20546300750325
loss:  -111.6755318849668
loss:  -111.79879016550883
loss:  -112.2973453203187
loss:  -112.68199957661135
loss:  -112.67213548601708
loss:  -113.17747901382936
loss:  -113.53442947733076
loss:  -114.09484697590958
loss:  -114.51987927861734
loss:  -115.01950749377583
loss:  -115.51940269209707
loss:  -115.83828951696044
loss:  -116.14003251161633
loss:  -116.63964551971958
loss:  -116.98106764972724
loss:  -117.48004268677727
loss:  -117.97921570636198
loss:  -118.47839596105177
loss:  -118.97809378906334
loss:  -119.06953782425508
loss:  -119.56894652272238
loss:  -119.8587611038412
loss:  -120.18008432402749
loss:  -120.6795773707156
loss:  -121.1793848953107
loss:  -121.66807339237346
loss:  -122.63855414142785
loss:  -123.12644428911281
loss:  -123.62382330752894
loss:  -124.12194873899503
loss:  -124.62100236641712
loss:  -125.1186886528707
loss:  -125.39577716633971
loss:  -125.8086450486887
loss:  -126.32273987585339
loss:  -126.82240470873174
loss:  -127.14993964196844
loss:  -127.59934484464839
loss:  -128.06823167720384
loss:  -128.56755871599404
loss:  -128.90854905295728
loss:  -129.40837713015287
loss:  -129.89151901743392
loss:  -130.38909442347742
loss:  -130.88645210521426
loss:  -131.3857096203696
loss:  -131.5232623033422
loss:  -131.6366547348093
loss:  -132.12213518069046
loss:  -132.62102668675848
loss:  -133.12080371471754
loss:  -133.62019917819137
loss:  -134.12768251218907
loss:  -134.50084490685572
loss:  -135.00043809778924
loss:  -135.6124240820742
loss:  -135.76926278736846
loss:  -136.55530943170803
loss:  -137.0364727568776
loss:  -137.535539958398
loss:  -138.03460998361143
loss:  -138.65304025029812
loss:  -139.03548700639067
loss:  -139.52917229810808
loss:  -139.87079695507683
loss:  -140.3548287344198
loss:  -140.8033807932193
loss:  -141.2934972675214
loss:  -141.7926599899571
loss:  -142.29242998849023
loss:  -142.78836475124967
loss:  -143.18554644108553
loss:  -143.7353233854474
loss:  -144.23437148353867
loss:  -143.9219277479789
loss:  -144.7340267830927
loss:  -145.2336808159929
loss:  -145.73315817067135
loss:  -146.051680808687
loss:  -146.7450079605571
loss:  -147.16083206772117
loss:  -147.66019197921497
loss:  -148.21536971434654
loss:  -148.6319792240258
loss:  -149.05120695426803
loss:  -149.5127435909178
loss:  -149.78337709309548
loss:  -149.77207320795574
loss:  -150.28270323926415
loss:  -150.7801497090875
loss:  -151.27964377396984
loss:  -151.779026773989
loss:  -152.28475595750047
loss:  -152.1132032596698
loss:  -152.78421155847158
loss:  -153.27240156563622
loss:  -153.71678844815239
loss:  -154.2110314410273
loss:  -154.33252071276135
loss:  -154.8322965313407
loss:  -155.32485059229873
loss:  -155.823819270293
loss:  -156.32329602915928
loss:  -156.82231554006145
loss:  -157.32417432763862
loss:  -157.4088315225179
loss:  -157.9032937896258
loss:  -158.32025204015673
loss:  -158.80731864850486
loss:  -159.3072956705912
loss:  -159.2748316102144
loss:  -159.8058572713841
loss:  -160.16974828219196
loss:  -160.30723097591545
loss:  -160.80712007140554
loss:  -161.30676402561687
loss:  -161.25193840584134
loss:  -161.71028385787054
loss:  -162.14658570348072
loss:  -162.63728740544954
loss:  -163.13645151682766
loss:  -163.63089165102647
loss:  -164.12983512641216
loss:  -164.60274687678665
loss:  -164.91165193608597
loss:  -165.41070997730395
loss:  -165.89012459935313
loss:  -166.33703506250774
loss:  -166.75745707403752
loss:  -167.25062335431414
loss:  -167.74892472247325
loss:  -168.00056410056249
loss:  -168.49913230529674
loss:  -168.51101288270877
loss:  -169.22804867198172
loss:  -169.66272409486194
loss:  -169.9405224879726
loss:  -170.4400737785894
loss:  -170.9737928728762
loss:  -171.47297830295827
loss:  -171.94921764052103
loss:  -172.44168859411
loss:  -172.64834522462368
loss:  -172.95359988426938
loss:  -173.1321338385664
loss:  -173.55877222862173
loss:  -173.62313741909125
loss:  -174.3614137246291
loss:  -174.97796174659555
loss:  -175.47794008042922
loss:  -175.97786199043287
loss:  -176.4160807147711
loss:  -176.7310605442955
loss:  -176.97964333338362
loss:  -177.51375568493467
loss:  -178.01215012793648
loss:  -178.5112577216002
loss:  -179.01111163899765
loss:  -179.50416601376693
loss:  -179.98387286763477
loss:  -180.40839625150764
loss:  -180.90721131870208
loss:  -181.40676457058683
loss:  -181.5615649567545
loss:  -181.9801849642075
loss:  -182.46839510372138
loss:  -182.96380693396847
loss:  -183.46328533354733
loss:  -183.96361779091092
loss:  -183.5669608054999
loss:  -184.28158091012224
loss:  -184.78104045710577
loss:  -185.27993205621672
loss:  -185.6841122233774
loss:  -186.22207536347418
loss:  -186.7217096214962
loss:  -187.32151650672702
