Looking for file 'adult.data' in the current directory...
File found in current directory..
Looking for file 'adult.test' in the current directory...
File found in current directory..
Loading only 10000 examples from the data
Total data points: 10000
# non-protected examples: 6754
# protected examples: 3246
Non-protected in positive class: 2080 (31%)
Protected in positive class: 372 (11%)
P-rule is: 37%
iter:  10   lambda:  1   alpha:  0.5   kernel: rbf, method:  cobyla
[0.62230064 0.16969394 0.64710854 ... 0.13785812 0.61671567 0.53923458]
loss:  126377.52378716605
loss:  126411.36357854056
loss:  126380.48769655713
loss:  126419.22147282297
loss:  126382.51417953314
loss:  126384.38952229684
loss:  126384.39838473283
loss:  126378.29100862064
loss:  126380.30219576336
loss:  126381.01296786766
weights:  [0.46121095 1.54633456 2.19932822 ... 0.56152019 7.17752571 3.05347832]
Optimization problem did not converge.. Check the solution returned by the optimizer.
Returned solution is:
     fun: 126377.52378716605
   maxcv: 18054.49396043332
 message: 'Did not converge to a solution satisfying the constraints. See `maxcv` for magnitude of violation.'
    nfev: 10
  status: 4
 success: False
       x: array([0.46121095, 1.54633456, 2.19932822, ..., 0.56152019, 7.17752571,
       3.05347832])
Train data:
------------
Train accuracy :  0.28285714285714286
Total data points: 7000
# non-protected examples: 4699
# protected examples: 2301
Non-protected in positive class: 4489 (96%)
Protected in positive class: 2218 (96%)
P-rule is: 101%

Test data: 
------------
Test accuracy :  0.2843333333333333
Total data points: 3000
# non-protected examples: 2055
# protected examples: 945
Non-protected in positive class: 1984 (97%)
Protected in positive class: 914 (97%)
P-rule is: 100%
