Looking for file 'adult.data' in the current directory...
File found in current directory..
Looking for file 'adult.test' in the current directory...
File found in current directory..
Loading only 10000 examples from the data
Total data points: 10000
# non-protected examples: 6754
# protected examples: 3246
Non-protected in positive class: 2080 (31%)
Protected in positive class: 372 (11%)
P-rule is: 37%
iter:  10   lambda:  1   alpha:  0.5   kernel: rbf, method:  cobyla
[0.62230064 0.16969394 0.64710854 ... 0.13785812 0.61671567 0.53923458]
loss:  895.2410934829359
loss:  895.0251832743104
loss:  894.7783971962563
loss:  894.5703586501381
loss:  894.3255990425052
loss:  894.0827148714361
loss:  893.839839469003
loss:  893.5908566904578
loss:  893.3431333794585
loss:  893.0968725601601
weights:  [1.00046121e+00 1.00154633e+00 1.00219933e+00 ... 5.61520195e-04
 7.17752571e-03 3.05347832e-03]
Optimization problem did not converge.. Check the solution returned by the optimizer.
Returned solution is:
     fun: 893.0968725601601
   maxcv: 23.154393960433172
 message: 'Did not converge to a solution satisfying the constraints. See `maxcv` for magnitude of violation.'
    nfev: 10
  status: 4
 success: False
       x: array([1.00046121e+00, 1.00154633e+00, 1.00219933e+00, ...,
       5.61520195e-04, 7.17752571e-03, 3.05347832e-03])
Train data:
------------
Train accuracy :  0.3067142857142857
Total data points: 7000
# non-protected examples: 4699
# protected examples: 2301
Non-protected in positive class: 4357 (93%)
Protected in positive class: 2165 (94%)
P-rule is: 101%

Test data: 
------------
Test accuracy :  0.308
Total data points: 3000
# non-protected examples: 2055
# protected examples: 945
Non-protected in positive class: 1934 (94%)
Protected in positive class: 881 (93%)
P-rule is: 99%
