Looking for file 'adult.data' in the current directory...
File found in current directory..
Looking for file 'adult.test' in the current directory...
File found in current directory..
Loading only 10000 examples from the data
Total data points: 10000
# non-protected examples: 6754
# protected examples: 3246
Non-protected in positive class: 2080 (31%)
Protected in positive class: 372 (11%)
P-rule is: 37%
iter:  10   lambda:  1   alpha:  0.5   kernel: rbf, method:  cobyla
[0.62230064 0.16969394 0.64710854 ... 0.13785812 0.61671567 0.53923458]
loss:  600.9906395967648
loss:  604.149618734217
loss:  601.0620305358559
loss:  604.9354081624792
loss:  601.2646788334732
loss:  601.4522131098436
loss:  601.4530993534534
loss:  600.8423617422366
loss:  600.8952026019567
loss:  600.9662798123989
weights:  [0.04612109 0.15463346 0.21993282 ... 0.05615202 0.71775257 0.30534783]
Optimization problem did not converge.. Check the solution returned by the optimizer.
Returned solution is:
     fun: 600.8423617422366
   maxcv: 1806.5393960433319
 message: 'Did not converge to a solution satisfying the constraints. See `maxcv` for magnitude of violation.'
    nfev: 10
  status: 4
 success: False
       x: array([0.04612109, 0.15463346, 0.21993282, ..., 0.05615202, 0.71775257,
       0.30534783])
Train data:
------------
Train accuracy :  0.29614285714285715
Total data points: 7000
# non-protected examples: 4699
# protected examples: 2301
Non-protected in positive class: 4422 (94%)
Protected in positive class: 2186 (95%)
P-rule is: 101%

Test data: 
------------
Test accuracy :  0.29233333333333333
Total data points: 3000
# non-protected examples: 2055
# protected examples: 945
Non-protected in positive class: 1969 (96%)
Protected in positive class: 903 (96%)
P-rule is: 100%
