screpancy/test_adult_data.py
Looking for file 'adult.data' in the current directory...
File found in current directory..
Looking for file 'adult.test' in the current directory...
File found in current directory..
Loading only 10000 examples from the data
Total data points: 10000
# non-protected examples: 6754
# protected examples: 3246
Non-protected in positive class: 2080 (31%)
Protected in positive class: 372 (11%)
P-rule is: 37%
iter:  1000   lambda:  1   alpha:  0.5   kernel: rbf, method:  cobyla, catol: 0.1
x_init:  [6.22300636e-05 1.69693936e-05 6.47108542e-05 ... 1.37858120e-05
 6.16715669e-05 5.39234585e-05]
loss:  912.3253791812243
loss:  912.0757160700495
loss:  911.8257589745838
loss:  911.5761740423923
loss:  911.3261974561689
loss:  911.0762971923068
loss:  910.826376755478
loss:  910.5764198625366
loss:  910.3256501482937
loss:  910.0756836625292
loss:  909.8256479507766
loss:  909.575651724307
loss:  909.3257393092392
loss:  909.0757806736049
loss:  908.8258801832293
loss:  908.6177041742609
loss:  908.3677639993937
loss:  908.1178172595437
loss:  907.8678718074186
loss:  907.6234614699543
loss:  907.373512821293
loss:  907.1235315098417
loss:  906.8735566304151
loss:  906.623602246173
loss:  906.3737457430977
loss:  906.1246196130245
loss:  905.8907035502541
loss:  905.6410256317969
loss:  905.4733265528386
loss:  905.2270495090047
loss:  904.979161791731
loss:  904.7291784478257
loss:  904.479224216647
loss:  904.2705387437767
loss:  904.0205738165965
loss:  903.7706141741335
loss:  903.5206372535774
loss:  903.2892614119771
loss:  903.0392722114142
loss:  902.790603852816
loss:  902.5406295211288
loss:  902.2907836763629
loss:  902.0560198609968
loss:  901.8060397692525
loss:  901.5559848148788
loss:  901.3060085980812
loss:  901.0560315540653
loss:  900.8060752491339
loss:  900.5562080519708
loss:  900.306242150002
loss:  900.0655623707623
loss:  899.8156677822386
loss:  899.567179652754
loss:  899.3205773059918
loss:  899.0705894503161
loss:  898.8206099996466
loss:  898.5706252942872
loss:  898.3262149501649
loss:  898.0809778751772
loss:  897.8310084518295
loss:  897.5810740696825
loss:  897.3310806790124
loss:  897.0811140570642
loss:  896.8311236337752
loss:  896.6224737825985
loss:  896.3725087431112
loss:  896.1225209005833
loss:  895.8725010100294
loss:  895.6636784481525
loss:  895.4191384817896
loss:  895.169407250407
loss:  894.922828377578
loss:  894.6730905144473
loss:  894.4231116291404
loss:  894.1862924627992
loss:  893.9363302567264
loss:  893.6863399748858
loss:  893.4167532939371
loss:  893.1667831207108
loss:  892.9168296056308
loss:  892.6661262647358
loss:  892.4161628698309
loss:  892.1646223034091
loss:  891.914628877391
loss:  891.6889920090755
loss:  891.4397611282532
loss:  891.1898124060906
loss:  890.939814839131
loss:  890.6905351491956
loss:  890.4432204991128
loss:  890.2651225250881
loss:  890.1177025253384
loss:  889.8049909112516
loss:  889.550006578347
loss:  889.2944739214901
loss:  889.0570563076685
loss:  888.8085596210074
loss:  888.5585880214771
loss:  888.3328466644691
loss:  888.08670123665
loss:  887.8367937411308
loss:  887.5881395244145
loss:  887.3637591165377
loss:  887.1137599805613
loss:  886.8638017758327
loss:  886.6284366077618
loss:  886.3839818520697
loss:  886.1340289408507
loss:  885.8374977713138
loss:  885.587542590252
loss:  885.3375811963498
loss:  885.0892856222902
loss:  884.8393243401325
loss:  884.6142944275756
loss:  884.3643169042421
loss:  884.114359874039
loss:  883.8754324321201
loss:  883.6275052510749
loss:  883.3778019496648
loss:  883.1746936992926
loss:  882.9247489558467
loss:  882.6749234246565
loss:  882.4249467953953
loss:  882.1749772515492
loss:  881.925182116015
loss:  881.6628003476342
loss:  881.4128061547678
loss:  881.2332246090783
loss:  880.9940023268662
loss:  880.7440484259687
loss:  880.4951565455812
loss:  880.2475816357249
loss:  880.1127534989492
loss:  879.8627819118743
loss:  879.6128225092725
loss:  879.3628346756182
loss:  879.1110340000441
loss:  878.8610474784535
loss:  878.6110628240389
loss:  878.3660922676231
loss:  878.1714272051266
loss:  877.8910020782486
loss:  877.6440290914895
loss:  877.4234210184381
loss:  877.1734387076431
loss:  876.9338660245362
loss:  876.6840523847363
loss:  876.435727888458
loss:  876.1859245642047
loss:  875.9545052197496
loss:  875.7045473715815
loss:  875.4524687328468
loss:  875.2024982798165
loss:  875.0223122733026
loss:  874.7723300358579
loss:  874.5223534461503
loss:  874.27250216954
loss:  874.0227243193405
loss:  873.7835590675361
loss:  873.5335897562416
loss:  873.3596596425664
loss:  873.1488408635462
loss:  872.3166071594737
loss:  872.0910668226476
loss:  871.8432633021703
loss:  871.5960489800406
loss:  871.3612330570389
loss:  871.1112534624203
loss:  870.9073852149535
loss:  870.6594827106843
loss:  870.4246535502751
loss:  870.1811474256435
loss:  869.9785805940254
loss:  869.7286076931038
loss:  869.4374188980503
loss:  869.2350437756828
loss:  868.9850447524605
loss:  868.7205405923437
loss:  868.4841290531042
loss:  868.2056939556664
loss:  868.0656522551214
loss:  867.906989425204
loss:  867.8729080366709
loss:  867.6230287830482
loss:  867.5438386453186
loss:  867.2938756547136
loss:  867.0590607933856
loss:  866.8640313316423
loss:  866.5986491134189
loss:  866.3669922960026
loss:  866.1720274810398
loss:  866.2286093251253
loss:  866.0548096230087
loss:  865.8048378980245
loss:  865.565084837875
loss:  865.419692417524
loss:  865.1960137261752
loss:  864.9460242244782
loss:  864.696178963963
loss:  864.77402000835
loss:  864.4720675138266
loss:  864.2221168915264
loss:  864.1378368768719
loss:  863.9220102646422
loss:  863.6871703284273
loss:  863.4072718378438
loss:  863.4887136833943
loss:  863.1588906429927
loss:  862.9089225466159
loss:  862.7242739121739
loss:  862.4742903671242
loss:  862.2243704556598
loss:  861.9617060875951
loss:  861.7117260210028
loss:  861.5104399369382
loss:  861.2742582061204
loss:  861.1222051392966
loss:  860.8035029253574
loss:  860.553523154124
loss:  860.2652255453421
loss:  860.0150537394416
loss:  859.7650559639449
loss:  859.5150649937673
loss:  859.1138493630092
loss:  858.9334361883645
loss:  858.765494546545
loss:  858.5155341815699
loss:  858.3395424024168
loss:  858.104292230181
loss:  858.0405836105516
loss:  857.791059026905
loss:  857.5984181558226
loss:  857.5994701446425
loss:  857.3504922211356
loss:  857.169423203384
loss:  856.8885879045642
loss:  856.6747373541159
loss:  856.4247867543585
loss:  856.1748088351686
loss:  856.0128521046372
loss:  855.8607291122595
loss:  855.6107552044393
loss:  855.4385780627402
loss:  855.1886840023099
loss:  854.9387608076773
loss:  854.688844393545
loss:  854.4388771641488
loss:  854.3917550693724
loss:  854.1417930100981
loss:  853.9945759396438
loss:  853.8326310303801
loss:  853.5826296979824
loss:  853.3326308109454
loss:  853.0882034287544
loss:  852.6032566147161
loss:  852.3588547576653
loss:  852.1093963096635
loss:  851.8596526516205
loss:  851.6096878240861
loss:  851.3604396302771
loss:  851.2190794719803
loss:  851.0115364227726
loss:  850.7536832921924
loss:  850.5036835883282
loss:  850.3386077909229
loss:  850.113565074189
loss:  849.8786653820821
loss:  849.6286717172901
loss:  849.4570926418984
loss:  849.207128934097
loss:  848.9652053023111
loss:  848.7159635023659
loss:  848.4671983489154
loss:  848.2174129184947
loss:  848.1478050836854
loss:  848.0905594947994
loss:  847.8472986466453
loss:  847.5975933867453
loss:  847.3476326325434
loss:  847.0976629761786
loss:  846.8433950451002
loss:  846.6560628954401
loss:  846.4061127873772
loss:  846.1002915160549
loss:  846.0206652075834
loss:  845.6274673487882
loss:  845.386333346547
loss:  845.1363378963279
loss:  844.8863701443906
loss:  844.5782032414189
loss:  844.3863800597068
loss:  844.138568404672
loss:  843.9662867739396
loss:  843.723855631934
loss:  843.499233086215
loss:  843.254147561175
loss:  843.0041667037908
loss:  842.7542060039038
loss:  842.5060175635921
loss:  842.3055663511491
loss:  842.0302515216127
loss:  841.7802918171435
loss:  841.9333373204989
loss:  841.5303263153019
loss:  841.2803503313671
loss:  841.0303961365183
loss:  840.8682260930448
loss:  840.5207129480522
loss:  840.3121061352903
loss:  840.0621202639037
loss:  839.7841651575073
loss:  839.5751417688002
loss:  839.3651471853811
loss:  839.1335080666101
loss:  838.9971004635195
loss:  838.9995747276417
loss:  838.7471400452947
loss:  838.4979196445893
loss:  838.2479799404507
loss:  837.9980106229771
loss:  837.7446271421127
loss:  837.8289938329655
loss:  837.4946860177872
loss:  837.2500989681386
loss:  837.0275083205242
loss:  836.7797981421352
loss:  836.7150101028783
loss:  836.4650244390341
loss:  836.2184507444379
loss:  835.9684928288724
loss:  835.718532087957
loss:  835.468570386469
loss:  835.2174588203236
loss:  835.1714531366852
loss:  834.9235940651175
loss:  834.7147919881662
loss:  834.4706827843175
loss:  834.2206843974079
loss:  834.2372099880855
loss:  833.9708900959105
loss:  833.7886770228488
loss:  833.7176207141454
loss:  833.4676702161577
loss:  833.2176551090272
loss:  833.2423436327364
loss:  833.0151196102406
loss:  832.7964270558114
loss:  832.550505219217
loss:  832.3006047315208
loss:  832.052214285587
loss:  831.8023379596455
loss:  831.5647344033512
loss:  831.4090126745301
loss:  831.1590472298032
loss:  830.9190737629202
loss:  830.6950406174831
loss:  830.4845824361241
loss:  830.2379678322835
loss:  829.9885119980634
loss:  829.8615673709124
loss:  829.6120472788002
loss:  829.604906965171
loss:  829.246332819783
loss:  829.0286059841667
loss:  828.8890380346558
loss:  828.6390880616904
loss:  828.3721557196811
loss:  828.1222379999467
loss:  827.8834905016455
loss:  827.6371397425401
loss:  827.5327518801483
loss:  827.3794565522543
loss:  827.2891672984671
loss:  827.0753109818085
loss:  827.0411341655846
loss:  826.6707282043117
loss:  826.3626461066974
loss:  826.1126703700604
loss:  825.8626920316848
loss:  825.6417480216899
loss:  825.4838810646752
loss:  825.3580366448022
loss:  825.0908097787324
loss:  824.8413213873498
loss:  824.5913667545854
loss:  824.3413767890685
loss:  824.0947795216683
loss:  823.8545496967909
loss:  823.64078511222
loss:  823.3910975876657
loss:  823.1411045347562
loss:  823.0594971996121
loss:  822.8495365198198
loss:  822.6050855777969
loss:  822.3569561491221
loss:  822.106957187045
loss:  821.8560642434259
loss:  822.0507221742862
loss:  821.6957638841637
loss:  821.4458002423647
loss:  821.1958477365914
loss:  820.9922568330159
loss:  820.7230415640712
loss:  820.4730521237564
loss:  820.1732418955378
loss:  820.0180322511887
loss:  819.7779817757233
loss:  819.5281755510849
loss:  819.2781879840304
loss:  819.028216569877
loss:  818.7520688359291
loss:  818.542303668015
loss:  818.3146560016805
loss:  818.2259008847939
loss:  817.9970318227001
loss:  817.8083890324049
loss:  817.6720273490844
loss:  817.421731764111
loss:  817.1874597391162
loss:  816.9374943120511
loss:  816.8007680570433
loss:  816.5508723379036
loss:  816.3450038654755
loss:  816.3578568112596
loss:  816.1194802506958
loss:  815.8695754584155
loss:  815.6192693429622
loss:  815.372574394551
loss:  815.4262751177783
loss:  815.1226520875618
loss:  814.8782312538057
loss:  814.6338289355211
loss:  814.3836842355337
loss:  814.1428429411098
loss:  814.1415450996828
loss:  813.8081334815707
loss:  813.6462319535947
loss:  813.6620298948814
loss:  813.5107974158811
loss:  813.1651506480158
loss:  812.9152179226528
loss:  812.6800570039966
loss:  812.4301040094523
loss:  812.1316978606645
loss:  811.8821546231934
loss:  811.6321757957581
loss:  811.3821950233313
loss:  811.34069666974
loss:  811.4461790567107
loss:  811.0907100240566
loss:  810.8407546408039
loss:  810.6157357170973
loss:  810.3657781175987
loss:  810.1158029233102
loss:  809.9310668032757
loss:  809.6962288673326
loss:  809.779847199925
loss:  809.4311849035961
loss:  809.0936710458241
loss:  808.8437034880587
loss:  808.6094867256745
loss:  808.3512624660628
loss:  808.1689989919702
loss:  807.9194973864265
loss:  807.6763603572831
loss:  807.4264174325062
loss:  807.1764281017767
loss:  806.9264514677614
loss:  806.6769870239709
loss:  806.6845023645135
loss:  806.4271348753479
loss:  806.1924529133892
loss:  805.9575991657575
loss:  806.0568239011857
loss:  805.7092160445
loss:  805.4557224045633
loss:  805.3028161076494
loss:  805.0518369770354
loss:  804.8018624573424
loss:  804.5689405818744
loss:  804.3189820127944
loss:  804.0906411340642
loss:  803.8409730128382
loss:  803.6617569932228
loss:  803.4595262019551
loss:  803.1149447526507
loss:  802.8649492485266
loss:  802.6149967536338
loss:  802.3650186446257
loss:  802.1150396257492
loss:  801.8655364870821
loss:  801.6155911537962
loss:  801.0316512365667
loss:  800.7816567689529
loss:  800.8061543203503
loss:  800.5316715055955
loss:  800.8465489374826
loss:  800.2817056205129
loss:  800.0440644195671
loss:  799.793473555949
loss:  799.6961436340024
loss:  799.5845469735925
loss:  799.3521718560127
loss:  799.1022015028224
loss:  799.015386240212
loss:  798.8616846020541
loss:  798.6117074100652
loss:  798.8741748842164
loss:  798.6736718127213
loss:  798.2943375459408
loss:  798.0443402103135
loss:  797.7943584176357
loss:  797.544396051879
loss:  797.2944175841678
loss:  797.0444578149204
loss:  796.8004394889253
loss:  796.5504497867935
loss:  796.3004890205762
loss:  796.0517679766231
loss:  795.8018074192003
loss:  795.5530964822987
loss:  795.3031411881077
loss:  795.2429661678104
loss:  794.8747630729287
loss:  794.6247885228515
loss:  794.4170948598212
loss:  794.1673960277681
loss:  793.9061260140797
loss:  793.6667754726711
loss:  793.4256476125582
loss:  793.684946035766
loss:  793.2837132002503
loss:  793.1346846685202
loss:  792.9281793049367
loss:  792.7031992088764
loss:  792.5519000723286
loss:  792.3265626560877
loss:  792.1920509065036
loss:  791.9424173555185
loss:  791.9114903954978
loss:  791.6838553738145
loss:  791.5825936841645
loss:  791.4241883759412
loss:  791.1894793475009
loss:  790.9340882316625
loss:  790.6847114914608
loss:  790.4347193219004
loss:  790.1847610825445
loss:  789.9403478574303
loss:  790.0540090131145
loss:  789.8698106269642
loss:  789.6198141695446
loss:  790.0411645803124
loss:  789.3698629553797
loss:  789.1349318379869
loss:  788.884496686087
loss:  788.9085236052603
loss:  788.6718267027361
loss:  788.7602233175496
loss:  788.4219368784521
loss:  788.0709579227647
loss:  788.2346699592864
loss:  787.7791018351057
loss:  787.6410524707519
loss:  787.1907843911747
loss:  786.9450904044011
loss:  786.7043340741227
loss:  786.6658456769202
loss:  786.6841320376967
loss:  786.5244157035345
loss:  786.5907461402253
loss:  786.6496770300478
loss:  786.2744471156068
loss:  786.0244660749704
loss:  785.8395832727292
loss:  785.5896717311016
loss:  785.4377227726409
loss:  785.187227591912
loss:  784.9372064147583
loss:  784.6873149330871
loss:  784.4498714779506
loss:  784.3991592543741
loss:  784.3135167929477
loss:  784.0639022116193
loss:  783.8442770463921
loss:  783.9471421316949
loss:  783.80194890434
loss:  783.5519794891086
loss:  783.3020035927349
loss:  783.0589843749129
loss:  782.8082629899302
loss:  782.5583393010186
loss:  782.3083724802265
loss:  782.0833772209952
loss:  781.8333916014268
loss:  781.6176893590948
loss:  781.3677085713988
loss:  781.1450307072993
loss:  781.398578777262
loss:  780.9199614691511
loss:  780.8699780770096
loss:  781.0000116640008
loss:  780.6257450456674
loss:  780.7103403438883
loss:  780.392376884964
loss:  780.1424242476271
loss:  779.8924626917797
loss:  779.5632400722637
loss:  779.3883920323625
loss:  779.2089743835743
loss:  778.9650394258209
loss:  778.7452306809379
loss:  778.5461935788246
loss:  778.297157478986
loss:  778.0905620055623
loss:  778.4902983853738
loss:  777.8136507980652
loss:  777.6226458559346
loss:  777.3679813945936
loss:  777.3536429428032
loss:  777.0502269221212
loss:  776.8387850080796
loss:  776.5888208801003
loss:  776.338843804343
loss:  776.0888557157369
loss:  775.9077547034462
loss:  775.6577857082054
loss:  775.4907570509138
loss:  775.2526770284536
loss:  775.0103153414509
loss:  774.8300165708979
loss:  774.5849832410595
loss:  774.3349832779264
loss:  774.132403297635
loss:  773.8824345300037
loss:  773.6324634539691
loss:  773.5939930728678
loss:  773.3492274695333
loss:  773.1256609265606
loss:  772.8601064861871
loss:  772.610126292539
loss:  772.3701785350465
loss:  771.9761061291716
loss:  771.7261471563925
loss:  771.4640721138243
loss:  771.4904755978174
loss:  771.21409858828
loss:  770.9750207098496
loss:  770.7938164005112
loss:  770.7774248060083
loss:  770.5276334589482
loss:  770.2714214799449
loss:  770.0214433398422
loss:  769.8055287482894
loss:  769.568390545462
loss:  769.3758009130847
loss:  769.1307342874554
loss:  768.9491293078758
loss:  768.9576846992665
loss:  768.6983081030279
loss:  768.4483548908862
loss:  768.1984139911897
loss:  768.3447916996279
loss:  767.9688598014519
loss:  767.718876263832
loss:  767.4597581299427
loss:  767.209873520972
loss:  767.0116129046909
loss:  766.8081198404257
loss:  766.919054164517
loss:  766.5905405369037
loss:  766.5724164151937
loss:  766.34701281625
loss:  766.4188361330317
loss:  766.0949676722819
loss:  765.8893958698388
loss:  765.9808738596735
loss:  765.7268122778364
loss:  765.4861684342665
loss:  765.1487349510826
loss:  764.917171750756
loss:  765.0818500378421
loss:  764.667210938883
loss:  764.3882279202368
loss:  764.3887126954046
loss:  764.4287627450383
loss:  764.0410596259683
loss:  764.2187430719489
loss:  763.4946947722162
loss:  763.2236391619815
loss:  763.0001090344208
loss:  762.7501333364839
loss:  762.498935051894
loss:  762.5192356890032
loss:  761.939601352276
loss:  761.6896013581794
loss:  761.7207597410993
loss:  761.542980883233
loss:  761.7291276596986
loss:  761.739918913737
loss:  761.5006115429412
loss:  761.276317758575
loss:  761.0263423836274
loss:  760.7353136985155
loss:  760.3637697041613
loss:  760.113791699393
loss:  759.8573866965927
loss:  759.6074270698442
loss:  759.3291328798919
loss:  759.0780112159837
loss:  758.8280015833391
loss:  758.5780136025766
loss:  758.3372672839298
loss:  758.1348638408653
loss:  757.925672178169
loss:  757.6778251860286
loss:  757.4359925391445
loss:  757.3076170184866
loss:  757.0486355751857
loss:  756.8285040303557
loss:  756.5645406239059
loss:  756.4849519678705
loss:  756.3958627606988
loss:  756.5245213473719
loss:  756.0521936337855
loss:  755.9152076924065
loss:  755.6652204356255
loss:  755.6606542858303
loss:  755.4232153595856
loss:  755.2771000697213
loss:  755.0272237270904
loss:  754.7876577896575
loss:  754.8756606993496
loss:  754.5410651995965
loss:  754.4035619679845
loss:  755.0515189468606
loss:  754.1464723628724
loss:  754.0955338778487
loss:  753.8455429270848
loss:  753.595561879236
loss:  753.3566195624039
loss:  753.2007052362751
loss:  752.9507471235581
loss:  752.6748980567402
loss:  752.5065362788016
loss:  752.328069982703
loss:  752.0780874440976
loss:  752.1299233526944
loss:  751.8308901852507
loss:  751.6737184802025
loss:  751.7797447160259
loss:  751.4402020992378
loss:  751.4353209994772
loss:  751.3179076793562
loss:  751.1081220966854
loss:  750.8581287286781
loss:  750.7209242293738
loss:  750.4796254528698
loss:  750.2296294692104
loss:  750.2990659686064
loss:  749.9858913924083
loss:  749.9174876205623
loss:  749.8859240777664
loss:  750.4824974971693
loss:  749.635932363659
loss:  749.3194487526848
loss:  749.2303288340152
loss:  748.7650057094984
loss:  748.7072932432637
loss:  748.462813069186
loss:  748.2128374368648
loss:  747.987855348899
loss:  747.7378998308518
loss:  747.6338623939621
loss:  747.3837927693481
loss:  747.1338122320235
loss:  746.8867128440553
loss:  746.6367570652164
loss:  746.6358156433186
loss:  746.6012321772021
loss:  746.3591483262845
loss:  746.221584971756
loss:  745.9723165083258
loss:  745.9189014895364
loss:  745.6689669226329
loss:  745.5029446357078
loss:  745.3900107637912
loss:  745.1389337466337
loss:  744.9160605700251
loss:  744.88079986747
loss:  744.6241008940617
loss:  744.8007972118838
loss:  744.3741409529302
loss:  744.4820144463501
loss:  744.1241695986078
loss:  743.8717344584084
loss:  743.6216060405528
loss:  743.9360827825168
loss:  743.7297897626888
loss:  743.3992107285806
loss:  743.2177821216671
loss:  743.1658232644915
loss:  742.9159754063224
loss:  743.0090620257619
loss:  742.665976937185
loss:  742.7379313511731
loss:  742.4159959086427
loss:  742.1660375794762
loss:  741.9218900043647
loss:  741.4005009017105
loss:  741.1519500491877
loss:  741.016085078471
loss:  740.7639863469435
loss:  740.5141102086948
loss:  740.3074098454565
loss:  740.0574554422566
loss:  739.7470616193729
loss:  739.5015882820878
loss:  739.4949933798589
loss:  739.2450068848054
loss:  739.0672338505683
loss:  738.5783397706406
loss:  738.3283716942994
loss:  738.2474282536571
loss:  738.0184392702809
loss:  738.4027496869239
loss:  737.7684625004687
loss:  737.6396597731668
loss:  737.3898730669531
loss:  737.1215934806052
loss:  736.9065616936285
loss:  736.6756841052513
loss:  736.7907828546406
loss:  736.4257301953621
loss:  736.1757342627585
loss:  736.0222888533547
loss:  735.7723144187463
loss:  735.5557683956913
loss:  735.3113467803896
loss:  735.0613641223468
loss:  734.7964984121509
loss:  734.5465038902371
loss:  734.3062128104001
loss:  734.0584146137949
loss:  733.7935867007102
loss:  733.6682591585285
loss:  733.4183016905558
loss:  733.1714444078667
loss:  732.9214650548251
loss:  733.1343928678442
loss:  732.8907564064909
loss:  732.6407684013436
loss:  732.3907855365161
loss:  732.1408007408733
loss:  731.8937706441222
loss:  731.6437880655114
loss:  731.3950725193972
loss:  731.1451143342947
loss:  730.8430926557077
loss:  730.7072544387764
loss:  730.4631141024206
loss:  730.346245430827
loss:  730.1649277316993
loss:  730.0673956549463
loss:  729.9724344295594
loss:  729.5953520000071
loss:  729.3362854760765
loss:  729.4871667659781
loss:  729.0717161293065
loss:  729.4202534212804
loss:  729.1338013087245
loss:  728.8217335411209
loss:  728.5718112553925
loss:  728.3218611625928
loss:  728.1903184784157
loss:  728.711292182224
loss:  727.971194549806
loss:  727.8109275243407
loss:  727.6322832651448
loss:  727.8307606843558
loss:  727.8460434376207
loss:  727.6673810539326
loss:  727.5823860696854
loss:  727.4261122220978
loss:  727.6183532363552
loss:  727.4803183246886
loss:  727.2288478455473
loss:  726.978437359123
loss:  726.7141606865705
loss:  726.4641661705531
loss:  725.9118139561774
loss:  725.4783141812308
loss:  725.2283558953878
loss:  725.1555924294289
loss:  724.8961319471756
loss:  724.629141722055
loss:  724.3791528515346
loss:  724.1325885194875
loss:  723.8826025149014
loss:  723.6212706909006
loss:  723.525823605548
loss:  723.2424530181064
loss:  722.9997115122378
loss:  722.7497495314245
loss:  722.6261065878933
loss:  722.3996120076554
loss:  722.3349235608753
loss:  722.3598112503688
loss:  722.2409502891146
loss:  722.5432924694406
loss:  721.7696098660434
loss:  721.5196440080356
loss:  721.2696627615068
loss:  721.0654515890502
loss:  720.8154759064487
loss:  720.864482539853
loss:  720.7550036967272
loss:  720.5472814515562
loss:  720.1577823061539
loss:  719.7480093114635
loss:  719.4980131231418
loss:  719.2480576231235
loss:  719.3364472241242
loss:  719.25170396098
loss:  718.9993746544791
loss:  718.9637561265472
loss:  718.7930508607468
loss:  718.5430684085758
loss:  718.2936315281004
loss:  718.0161612641048
loss:  717.7710780993671
loss:  717.4899927773033
loss:  717.4130762518661
loss:  717.3219245283694
loss:  717.595061241595
loss:  717.0719251217613
loss:  716.9575715438033
loss:  716.7063868861495
loss:  716.4667695542397
loss:  716.4576079332546
loss:  716.5245858722885
loss:  716.2076464602324
loss:  715.9631887982157
loss:  715.859123551549
loss:  715.6885448358485
loss:  715.5217851682738
loss:  715.2778269146365
loss:  715.3176520075515
loss:  715.031538252593
loss:  714.6370777497465
loss:  715.1327880035635
loss:  714.789139291597
loss:  714.7632467781233
loss:  714.3554757219995
loss:  714.105531943322
loss:  713.8555712587367
loss:  713.796838237252
loss:  713.546879412301
loss:  713.3014982181929
loss:  713.6725664579035
loss:  713.228863304651
loss:  713.4147748989551
loss:  713.1901085731109
loss:  712.9401899142232
loss:  712.6902138074902
loss:  712.4402541450032
loss:  712.5334617736136
loss:  712.1902924909408
loss:  711.9495586862424
loss:  711.6995607957874
loss:  711.4509874460811
loss:  711.2408324039745
loss:  711.144903115658
loss:  710.8949306100484
loss:  710.7775211619556
loss:  710.5526647167413
loss:  710.3803809124781
loss:  710.3881132525017
loss:  710.1406212074756
loss:  709.8906095621561
loss:  709.6628546524021
loss:  709.4036894994684
loss:  709.1534724236267
loss:  708.9048635104887
loss:  708.7104511304155
loss:  708.4577621123265
loss:  708.2559246692318
loss:  708.2132821998596
loss:  708.3947105104294
loss:  707.9606327958268
loss:  707.8843923363602
loss:  707.6345021284907
loss:  707.3979128374187
loss:  707.1479639510036
loss:  706.8979795626722
loss:  707.1254084058678
loss:  706.6826822396471
loss:  706.7389121804132
loss:  706.5292757526975
loss:  706.8814487265951
weights:  [1.00006223e+00 1.00001697e+00 1.00006471e+00 ... 1.37858120e-05
 6.16715669e-05 5.39234585e-05]
Optimization problem did not converge.. Check the solution returned by the optimizer.
Returned solution is:
     fun: 706.5292757526975
   maxcv: 480.2807713144051
 message: 'Did not converge to a solution satisfying the constraints. See `maxcv` for magnitude of violation.'
    nfev: 1000
  status: 4
 success: False
       x: array([1.00006223e+00, 1.00001697e+00, 1.00006471e+00, ...,
       1.37858120e-05, 6.16715669e-05, 5.39234585e-05])
Train data:
------------
Train accuracy :  0.4427142857142857
Total data points: 7000
# non-protected examples: 4699
# protected examples: 2301
Non-protected in positive class: 3747 (80%)
Protected in positive class: 1745 (76%)
P-rule is: 95%

Test data: 
------------
Test accuracy :  0.346
Total data points: 3000
# non-protected examples: 2055
# protected examples: 945
Non-protected in positive class: 1860 (91%)
Protected in positive class: 815 (86%)
P-rule is: 95%
[912.3253791812243, 912.0757160700495, 911.8257589745838, 911.5761740423923, 911.3261974561689, 911.0762971923068, 910.826376755478, 910.5764198625366, 910.3256501482937, 910.0756836625292, 909.8256479507766, 909.575651724307, 909.3257393092392, 909.0757806736049, 908.8258801832293, 908.6177041742609, 908.3677639993937, 908.1178172595437, 907.8678718074186, 907.6234614699543, 907.373512821293, 907.1235315098417, 906.8735566304151, 906.623602246173, 906.3737457430977, 906.1246196130245, 905.8907035502541, 905.6410256317969, 905.4733265528386, 905.2270495090047, 904.979161791731, 904.7291784478257, 904.479224216647, 904.2705387437767, 904.0205738165965, 903.7706141741335, 903.5206372535774, 903.2892614119771, 903.0392722114142, 902.790603852816, 902.5406295211288, 902.2907836763629, 902.0560198609968, 901.8060397692525, 901.5559848148788, 901.3060085980812, 901.0560315540653, 900.8060752491339, 900.5562080519708, 900.306242150002, 900.0655623707623, 899.8156677822386, 899.567179652754, 899.3205773059918, 899.0705894503161, 898.8206099996466, 898.5706252942872, 898.3262149501649, 898.0809778751772, 897.8310084518295, 897.5810740696825, 897.3310806790124, 897.0811140570642, 896.8311236337752, 896.6224737825985, 896.3725087431112, 896.1225209005833, 895.8725010100294, 895.6636784481525, 895.4191384817896, 895.169407250407, 894.922828377578, 894.6730905144473, 894.4231116291404, 894.1862924627992, 893.9363302567264, 893.6863399748858, 893.4167532939371, 893.1667831207108, 892.9168296056308, 892.6661262647358, 892.4161628698309, 892.1646223034091, 891.914628877391, 891.6889920090755, 891.4397611282532, 891.1898124060906, 890.939814839131, 890.6905351491956, 890.4432204991128, 890.2651225250881, 890.1177025253384, 889.8049909112516, 889.550006578347, 889.2944739214901, 889.0570563076685, 888.8085596210074, 888.5585880214771, 888.3328466644691, 888.08670123665, 887.8367937411308, 887.5881395244145, 887.3637591165377, 887.1137599805613, 886.8638017758327, 886.6284366077618, 886.3839818520697, 886.1340289408507, 885.8374977713138, 885.587542590252, 885.3375811963498, 885.0892856222902, 884.8393243401325, 884.6142944275756, 884.3643169042421, 884.114359874039, 883.8754324321201, 883.6275052510749, 883.3778019496648, 883.1746936992926, 882.9247489558467, 882.6749234246565, 882.4249467953953, 882.1749772515492, 881.925182116015, 881.6628003476342, 881.4128061547678, 881.2332246090783, 880.9940023268662, 880.7440484259687, 880.4951565455812, 880.2475816357249, 880.1127534989492, 879.8627819118743, 879.6128225092725, 879.3628346756182, 879.1110340000441, 878.8610474784535, 878.6110628240389, 878.3660922676231, 878.1714272051266, 877.8910020782486, 877.6440290914895, 877.4234210184381, 877.1734387076431, 876.9338660245362, 876.6840523847363, 876.435727888458, 876.1859245642047, 875.9545052197496, 875.7045473715815, 875.4524687328468, 875.2024982798165, 875.0223122733026, 874.7723300358579, 874.5223534461503, 874.27250216954, 874.0227243193405, 873.7835590675361, 873.5335897562416, 873.3596596425664, 873.1488408635462, 872.3166071594737, 872.0910668226476, 871.8432633021703, 871.5960489800406, 871.3612330570389, 871.1112534624203, 870.9073852149535, 870.6594827106843, 870.4246535502751, 870.1811474256435, 869.9785805940254, 869.7286076931038, 869.4374188980503, 869.2350437756828, 868.9850447524605, 868.7205405923437, 868.4841290531042, 868.2056939556664, 868.0656522551214, 867.906989425204, 867.8729080366709, 867.6230287830482, 867.5438386453186, 867.2938756547136, 867.0590607933856, 866.8640313316423, 866.5986491134189, 866.3669922960026, 866.1720274810398, 866.2286093251253, 866.0548096230087, 865.8048378980245, 865.565084837875, 865.419692417524, 865.1960137261752, 864.9460242244782, 864.696178963963, 864.77402000835, 864.4720675138266, 864.2221168915264, 864.1378368768719, 863.9220102646422, 863.6871703284273, 863.4072718378438, 863.4887136833943, 863.1588906429927, 862.9089225466159, 862.7242739121739, 862.4742903671242, 862.2243704556598, 861.9617060875951, 861.7117260210028, 861.5104399369382, 861.2742582061204, 861.1222051392966, 860.8035029253574, 860.553523154124, 860.2652255453421, 860.0150537394416, 859.7650559639449, 859.5150649937673, 859.1138493630092, 858.9334361883645, 858.765494546545, 858.5155341815699, 858.3395424024168, 858.104292230181, 858.0405836105516, 857.791059026905, 857.5984181558226, 857.5994701446425, 857.3504922211356, 857.169423203384, 856.8885879045642, 856.6747373541159, 856.4247867543585, 856.1748088351686, 856.0128521046372, 855.8607291122595, 855.6107552044393, 855.4385780627402, 855.1886840023099, 854.9387608076773, 854.688844393545, 854.4388771641488, 854.3917550693724, 854.1417930100981, 853.9945759396438, 853.8326310303801, 853.5826296979824, 853.3326308109454, 853.0882034287544, 852.6032566147161, 852.3588547576653, 852.1093963096635, 851.8596526516205, 851.6096878240861, 851.3604396302771, 851.2190794719803, 851.0115364227726, 850.7536832921924, 850.5036835883282, 850.3386077909229, 850.113565074189, 849.8786653820821, 849.6286717172901, 849.4570926418984, 849.207128934097, 848.9652053023111, 848.7159635023659, 848.4671983489154, 848.2174129184947, 848.1478050836854, 848.0905594947994, 847.8472986466453, 847.5975933867453, 847.3476326325434, 847.0976629761786, 846.8433950451002, 846.6560628954401, 846.4061127873772, 846.1002915160549, 846.0206652075834, 845.6274673487882, 845.386333346547, 845.1363378963279, 844.8863701443906, 844.5782032414189, 844.3863800597068, 844.138568404672, 843.9662867739396, 843.723855631934, 843.499233086215, 843.254147561175, 843.0041667037908, 842.7542060039038, 842.5060175635921, 842.3055663511491, 842.0302515216127, 841.7802918171435, 841.9333373204989, 841.5303263153019, 841.2803503313671, 841.0303961365183, 840.8682260930448, 840.5207129480522, 840.3121061352903, 840.0621202639037, 839.7841651575073, 839.5751417688002, 839.3651471853811, 839.1335080666101, 838.9971004635195, 838.9995747276417, 838.7471400452947, 838.4979196445893, 838.2479799404507, 837.9980106229771, 837.7446271421127, 837.8289938329655, 837.4946860177872, 837.2500989681386, 837.0275083205242, 836.7797981421352, 836.7150101028783, 836.4650244390341, 836.2184507444379, 835.9684928288724, 835.718532087957, 835.468570386469, 835.2174588203236, 835.1714531366852, 834.9235940651175, 834.7147919881662, 834.4706827843175, 834.2206843974079, 834.2372099880855, 833.9708900959105, 833.7886770228488, 833.7176207141454, 833.4676702161577, 833.2176551090272, 833.2423436327364, 833.0151196102406, 832.7964270558114, 832.550505219217, 832.3006047315208, 832.052214285587, 831.8023379596455, 831.5647344033512, 831.4090126745301, 831.1590472298032, 830.9190737629202, 830.6950406174831, 830.4845824361241, 830.2379678322835, 829.9885119980634, 829.8615673709124, 829.6120472788002, 829.604906965171, 829.246332819783, 829.0286059841667, 828.8890380346558, 828.6390880616904, 828.3721557196811, 828.1222379999467, 827.8834905016455, 827.6371397425401, 827.5327518801483, 827.3794565522543, 827.2891672984671, 827.0753109818085, 827.0411341655846, 826.6707282043117, 826.3626461066974, 826.1126703700604, 825.8626920316848, 825.6417480216899, 825.4838810646752, 825.3580366448022, 825.0908097787324, 824.8413213873498, 824.5913667545854, 824.3413767890685, 824.0947795216683, 823.8545496967909, 823.64078511222, 823.3910975876657, 823.1411045347562, 823.0594971996121, 822.8495365198198, 822.6050855777969, 822.3569561491221, 822.106957187045, 821.8560642434259, 822.0507221742862, 821.6957638841637, 821.4458002423647, 821.1958477365914, 820.9922568330159, 820.7230415640712, 820.4730521237564, 820.1732418955378, 820.0180322511887, 819.7779817757233, 819.5281755510849, 819.2781879840304, 819.028216569877, 818.7520688359291, 818.542303668015, 818.3146560016805, 818.2259008847939, 817.9970318227001, 817.8083890324049, 817.6720273490844, 817.421731764111, 817.1874597391162, 816.9374943120511, 816.8007680570433, 816.5508723379036, 816.3450038654755, 816.3578568112596, 816.1194802506958, 815.8695754584155, 815.6192693429622, 815.372574394551, 815.4262751177783, 815.1226520875618, 814.8782312538057, 814.6338289355211, 814.3836842355337, 814.1428429411098, 814.1415450996828, 813.8081334815707, 813.6462319535947, 813.6620298948814, 813.5107974158811, 813.1651506480158, 812.9152179226528, 812.6800570039966, 812.4301040094523, 812.1316978606645, 811.8821546231934, 811.6321757957581, 811.3821950233313, 811.34069666974, 811.4461790567107, 811.0907100240566, 810.8407546408039, 810.6157357170973, 810.3657781175987, 810.1158029233102, 809.9310668032757, 809.6962288673326, 809.779847199925, 809.4311849035961, 809.0936710458241, 808.8437034880587, 808.6094867256745, 808.3512624660628, 808.1689989919702, 807.9194973864265, 807.6763603572831, 807.4264174325062, 807.1764281017767, 806.9264514677614, 806.6769870239709, 806.6845023645135, 806.4271348753479, 806.1924529133892, 805.9575991657575, 806.0568239011857, 805.7092160445, 805.4557224045633, 805.3028161076494, 805.0518369770354, 804.8018624573424, 804.5689405818744, 804.3189820127944, 804.0906411340642, 803.8409730128382, 803.6617569932228, 803.4595262019551, 803.1149447526507, 802.8649492485266, 802.6149967536338, 802.3650186446257, 802.1150396257492, 801.8655364870821, 801.6155911537962, 801.0316512365667, 800.7816567689529, 800.8061543203503, 800.5316715055955, 800.8465489374826, 800.2817056205129, 800.0440644195671, 799.793473555949, 799.6961436340024, 799.5845469735925, 799.3521718560127, 799.1022015028224, 799.015386240212, 798.8616846020541, 798.6117074100652, 798.8741748842164, 798.6736718127213, 798.2943375459408, 798.0443402103135, 797.7943584176357, 797.544396051879, 797.2944175841678, 797.0444578149204, 796.8004394889253, 796.5504497867935, 796.3004890205762, 796.0517679766231, 795.8018074192003, 795.5530964822987, 795.3031411881077, 795.2429661678104, 794.8747630729287, 794.6247885228515, 794.4170948598212, 794.1673960277681, 793.9061260140797, 793.6667754726711, 793.4256476125582, 793.684946035766, 793.2837132002503, 793.1346846685202, 792.9281793049367, 792.7031992088764, 792.5519000723286, 792.3265626560877, 792.1920509065036, 791.9424173555185, 791.9114903954978, 791.6838553738145, 791.5825936841645, 791.4241883759412, 791.1894793475009, 790.9340882316625, 790.6847114914608, 790.4347193219004, 790.1847610825445, 789.9403478574303, 790.0540090131145, 789.8698106269642, 789.6198141695446, 790.0411645803124, 789.3698629553797, 789.1349318379869, 788.884496686087, 788.9085236052603, 788.6718267027361, 788.7602233175496, 788.4219368784521, 788.0709579227647, 788.2346699592864, 787.7791018351057, 787.6410524707519, 787.1907843911747, 786.9450904044011, 786.7043340741227, 786.6658456769202, 786.6841320376967, 786.5244157035345, 786.5907461402253, 786.6496770300478, 786.2744471156068, 786.0244660749704, 785.8395832727292, 785.5896717311016, 785.4377227726409, 785.187227591912, 784.9372064147583, 784.6873149330871, 784.4498714779506, 784.3991592543741, 784.3135167929477, 784.0639022116193, 783.8442770463921, 783.9471421316949, 783.80194890434, 783.5519794891086, 783.3020035927349, 783.0589843749129, 782.8082629899302, 782.5583393010186, 782.3083724802265, 782.0833772209952, 781.8333916014268, 781.6176893590948, 781.3677085713988, 781.1450307072993, 781.398578777262, 780.9199614691511, 780.8699780770096, 781.0000116640008, 780.6257450456674, 780.7103403438883, 780.392376884964, 780.1424242476271, 779.8924626917797, 779.5632400722637, 779.3883920323625, 779.2089743835743, 778.9650394258209, 778.7452306809379, 778.5461935788246, 778.297157478986, 778.0905620055623, 778.4902983853738, 777.8136507980652, 777.6226458559346, 777.3679813945936, 777.3536429428032, 777.0502269221212, 776.8387850080796, 776.5888208801003, 776.338843804343, 776.0888557157369, 775.9077547034462, 775.6577857082054, 775.4907570509138, 775.2526770284536, 775.0103153414509, 774.8300165708979, 774.5849832410595, 774.3349832779264, 774.132403297635, 773.8824345300037, 773.6324634539691, 773.5939930728678, 773.3492274695333, 773.1256609265606, 772.8601064861871, 772.610126292539, 772.3701785350465, 771.9761061291716, 771.7261471563925, 771.4640721138243, 771.4904755978174, 771.21409858828, 770.9750207098496, 770.7938164005112, 770.7774248060083, 770.5276334589482, 770.2714214799449, 770.0214433398422, 769.8055287482894, 769.568390545462, 769.3758009130847, 769.1307342874554, 768.9491293078758, 768.9576846992665, 768.6983081030279, 768.4483548908862, 768.1984139911897, 768.3447916996279, 767.9688598014519, 767.718876263832, 767.4597581299427, 767.209873520972, 767.0116129046909, 766.8081198404257, 766.919054164517, 766.5905405369037, 766.5724164151937, 766.34701281625, 766.4188361330317, 766.0949676722819, 765.8893958698388, 765.9808738596735, 765.7268122778364, 765.4861684342665, 765.1487349510826, 764.917171750756, 765.0818500378421, 764.667210938883, 764.3882279202368, 764.3887126954046, 764.4287627450383, 764.0410596259683, 764.2187430719489, 763.4946947722162, 763.2236391619815, 763.0001090344208, 762.7501333364839, 762.498935051894, 762.5192356890032, 761.939601352276, 761.6896013581794, 761.7207597410993, 761.542980883233, 761.7291276596986, 761.739918913737, 761.5006115429412, 761.276317758575, 761.0263423836274, 760.7353136985155, 760.3637697041613, 760.113791699393, 759.8573866965927, 759.6074270698442, 759.3291328798919, 759.0780112159837, 758.8280015833391, 758.5780136025766, 758.3372672839298, 758.1348638408653, 757.925672178169, 757.6778251860286, 757.4359925391445, 757.3076170184866, 757.0486355751857, 756.8285040303557, 756.5645406239059, 756.4849519678705, 756.3958627606988, 756.5245213473719, 756.0521936337855, 755.9152076924065, 755.6652204356255, 755.6606542858303, 755.4232153595856, 755.2771000697213, 755.0272237270904, 754.7876577896575, 754.8756606993496, 754.5410651995965, 754.4035619679845, 755.0515189468606, 754.1464723628724, 754.0955338778487, 753.8455429270848, 753.595561879236, 753.3566195624039, 753.2007052362751, 752.9507471235581, 752.6748980567402, 752.5065362788016, 752.328069982703, 752.0780874440976, 752.1299233526944, 751.8308901852507, 751.6737184802025, 751.7797447160259, 751.4402020992378, 751.4353209994772, 751.3179076793562, 751.1081220966854, 750.8581287286781, 750.7209242293738, 750.4796254528698, 750.2296294692104, 750.2990659686064, 749.9858913924083, 749.9174876205623, 749.8859240777664, 750.4824974971693, 749.635932363659, 749.3194487526848, 749.2303288340152, 748.7650057094984, 748.7072932432637, 748.462813069186, 748.2128374368648, 747.987855348899, 747.7378998308518, 747.6338623939621, 747.3837927693481, 747.1338122320235, 746.8867128440553, 746.6367570652164, 746.6358156433186, 746.6012321772021, 746.3591483262845, 746.221584971756, 745.9723165083258, 745.9189014895364, 745.6689669226329, 745.5029446357078, 745.3900107637912, 745.1389337466337, 744.9160605700251, 744.88079986747, 744.6241008940617, 744.8007972118838, 744.3741409529302, 744.4820144463501, 744.1241695986078, 743.8717344584084, 743.6216060405528, 743.9360827825168, 743.7297897626888, 743.3992107285806, 743.2177821216671, 743.1658232644915, 742.9159754063224, 743.0090620257619, 742.665976937185, 742.7379313511731, 742.4159959086427, 742.1660375794762, 741.9218900043647, 741.4005009017105, 741.1519500491877, 741.016085078471, 740.7639863469435, 740.5141102086948, 740.3074098454565, 740.0574554422566, 739.7470616193729, 739.5015882820878, 739.4949933798589, 739.2450068848054, 739.0672338505683, 738.5783397706406, 738.3283716942994, 738.2474282536571, 738.0184392702809, 738.4027496869239, 737.7684625004687, 737.6396597731668, 737.3898730669531, 737.1215934806052, 736.9065616936285, 736.6756841052513, 736.7907828546406, 736.4257301953621, 736.1757342627585, 736.0222888533547, 735.7723144187463, 735.5557683956913, 735.3113467803896, 735.0613641223468, 734.7964984121509, 734.5465038902371, 734.3062128104001, 734.0584146137949, 733.7935867007102, 733.6682591585285, 733.4183016905558, 733.1714444078667, 732.9214650548251, 733.1343928678442, 732.8907564064909, 732.6407684013436, 732.3907855365161, 732.1408007408733, 731.8937706441222, 731.6437880655114, 731.3950725193972, 731.1451143342947, 730.8430926557077, 730.7072544387764, 730.4631141024206, 730.346245430827, 730.1649277316993, 730.0673956549463, 729.9724344295594, 729.5953520000071, 729.3362854760765, 729.4871667659781, 729.0717161293065, 729.4202534212804, 729.1338013087245, 728.8217335411209, 728.5718112553925, 728.3218611625928, 728.1903184784157, 728.711292182224, 727.971194549806, 727.8109275243407, 727.6322832651448, 727.8307606843558, 727.8460434376207, 727.6673810539326, 727.5823860696854, 727.4261122220978, 727.6183532363552, 727.4803183246886, 727.2288478455473, 726.978437359123, 726.7141606865705, 726.4641661705531, 725.9118139561774, 725.4783141812308, 725.2283558953878, 725.1555924294289, 724.8961319471756, 724.629141722055, 724.3791528515346, 724.1325885194875, 723.8826025149014, 723.6212706909006, 723.525823605548, 723.2424530181064, 722.9997115122378, 722.7497495314245, 722.6261065878933, 722.3996120076554, 722.3349235608753, 722.3598112503688, 722.2409502891146, 722.5432924694406, 721.7696098660434, 721.5196440080356, 721.2696627615068, 721.0654515890502, 720.8154759064487, 720.864482539853, 720.7550036967272, 720.5472814515562, 720.1577823061539, 719.7480093114635, 719.4980131231418, 719.2480576231235, 719.3364472241242, 719.25170396098, 718.9993746544791, 718.9637561265472, 718.7930508607468, 718.5430684085758, 718.2936315281004, 718.0161612641048, 717.7710780993671, 717.4899927773033, 717.4130762518661, 717.3219245283694, 717.595061241595, 717.0719251217613, 716.9575715438033, 716.7063868861495, 716.4667695542397, 716.4576079332546, 716.5245858722885, 716.2076464602324, 715.9631887982157, 715.859123551549, 715.6885448358485, 715.5217851682738, 715.2778269146365, 715.3176520075515, 715.031538252593, 714.6370777497465, 715.1327880035635, 714.789139291597, 714.7632467781233, 714.3554757219995, 714.105531943322, 713.8555712587367, 713.796838237252, 713.546879412301, 713.3014982181929, 713.6725664579035, 713.228863304651, 713.4147748989551, 713.1901085731109, 712.9401899142232, 712.6902138074902, 712.4402541450032, 712.5334617736136, 712.1902924909408, 711.9495586862424, 711.6995607957874, 711.4509874460811, 711.2408324039745, 711.144903115658, 710.8949306100484, 710.7775211619556, 710.5526647167413, 710.3803809124781, 710.3881132525017, 710.1406212074756, 709.8906095621561, 709.6628546524021, 709.4036894994684, 709.1534724236267, 708.9048635104887, 708.7104511304155, 708.4577621123265, 708.2559246692318, 708.2132821998596, 708.3947105104294, 707.9606327958268, 707.8843923363602, 707.6345021284907, 707.3979128374187, 707.1479639510036, 706.8979795626722, 707.1254084058678, 706.6826822396471, 706.7389121804132, 706.5292757526975, 706.8814487265951]