iter:  900.0 , lambda:  1 , alpha:  0.1111111111111111 , kernel: rbf method:  cobyla , catol:  0.0001 batches:  100
x_init:  [0.00052159 0.00088037 0.00044541 ... 0.00051592 0.0001218  0.00047598]
loss:  217.87741528671245
loss:  233.05647401469508
loss:  232.72542744573212
loss:  233.56086864069923
loss:  231.05891477969584
loss:  232.3092520854766
loss:  234.49655915272407
loss:  234.79767974381593
loss:  224.21213689045615
loss:  217.70232848347098
loss:  234.32245769573288
loss:  217.59115054019367
loss:  233.89995654235983
loss:  230.50489844188843
loss:  228.91028730256198
loss:  232.6204153802685
loss:  224.88544597504227
loss:  233.85125253321166
loss:  232.9668869414445
loss:  234.15199204240375
loss:  233.12371376158973
loss:  233.65145944161128
loss:  217.72972294714313
loss:  217.11521359317007
loss:  232.8775993855008
loss:  233.2917236226897
loss:  223.5262430941325
loss:  232.10458376396838
loss:  223.3684078296513
loss:  233.22139354762092
loss:  229.6659688390419
loss:  230.1251287978272
loss:  231.94576004258988
loss:  230.88407046377495
loss:  229.54213287729243
loss:  218.8991187187782
loss:  217.98442314318078
loss:  231.04401862155433
loss:  221.60575518829214
loss:  232.9482182490002
loss:  218.50060176168697
loss:  233.1509978507787
loss:  228.30659184410672
loss:  230.21880832524874
loss:  234.0205143833872
loss:  233.15377665444825
loss:  232.4895926061775
loss:  230.7483714952023
loss:  232.5025170953996
loss:  227.75160211664024
loss:  232.32647517021402
loss:  233.37372746435568
loss:  232.4483738621945
loss:  232.53305376180333
loss:  225.81945579051995
loss:  221.65243608734096
loss:  217.1582478083097
loss:  231.97609102285992
loss:  233.03733305879376
loss:  233.5670070032431
loss:  226.1028792860391
loss:  217.78735960912462
loss:  217.21151944735675
loss:  232.00608741005226
loss:  232.24189758044506
loss:  223.16929538492624
loss:  216.8791321164851
loss:  232.48287318424033
loss:  232.5032995791381
loss:  232.53562034370896
loss:  231.3199798613647
loss:  232.49626304412894
loss:  229.59624496922268
loss:  231.3530388559961
loss:  231.55788708519714
loss:  232.21065539418117
loss:  217.3802936639912
loss:  225.67530264850316
loss:  232.86203125233772
loss:  231.12261708158184
loss:  232.33576799502634
loss:  231.94493736921535
loss:  224.99311918744357
loss:  218.6604809692625
loss:  232.47959009125051
loss:  232.51115145920429
loss:  216.84337201315608
loss:  231.43805593615286
loss:  231.50279875034133
loss:  231.26705016999472
loss:  230.3184495956154
loss:  231.71311033779355
loss:  224.5739043044606
loss:  225.65614977196316
loss:  231.86082567641026
loss:  225.12393794769685
loss:  230.7851925854963
loss:  230.79092323189832
loss:  231.51526005025372
loss:  231.64461319667302
loss:  231.72525677304148
loss:  228.3985646439973
loss:  231.5894800357497
loss:  221.6645903897246
loss:  229.59394623430944
loss:  231.72264433621964
loss:  226.49252011282823
loss:  231.72462958167768
loss:  231.65934838257746
loss:  232.38290318996897
loss:  230.44195377669234
loss:  231.35155003177366
loss:  218.7221192909662
loss:  230.75562818545444
loss:  230.50770205702804
loss:  230.22455600465076
loss:  231.5432653809141
loss:  231.57813878525846
loss:  230.1885427262474
loss:  231.69247868399307
loss:  229.6022318843313
loss:  229.21836198809737
loss:  230.1800664433754
loss:  223.4567825640078
loss:  225.570998616998
loss:  231.32008256801123
loss:  232.37164823436564
loss:  231.703640129558
loss:  231.0011359838759
loss:  229.03529979120177
loss:  230.1700419113601
loss:  228.10174759519643
loss:  228.2501746551746
loss:  228.90468664552566
loss:  232.49945535475877
loss:  219.15643221277784
loss:  231.71906701421625
loss:  230.29904119398833
loss:  219.35083022710145
loss:  231.1523058973097
loss:  230.44343327045885
loss:  224.92604893632875
loss:  229.80434737668787
loss:  231.37606537244395
loss:  231.466125048651
loss:  230.14730302363256
loss:  230.42186682064
loss:  229.77488831730602
loss:  231.78041795615349
loss:  231.5534236486434
loss:  229.31643734524667
loss:  225.8933046036642
loss:  232.25256454620455
loss:  230.37313590284384
loss:  224.6169151352692
loss:  230.06877345916396
loss:  230.93781705441387
loss:  230.43129922453883
loss:  231.0878949246536
loss:  230.43713695665116
loss:  229.78580597349242
loss:  231.55456347870626
loss:  231.41443313761278
loss:  228.2494380271178
loss:  226.44220899156952
loss:  231.66442936496782
loss:  230.86620333240006
loss:  217.67736551142053
loss:  231.36400813036857
loss:  228.92235343478197
loss:  225.12850223034675
loss:  231.91477536752805
loss:  230.85735278955292
loss:  231.96386955197465
loss:  225.76784224255462
loss:  231.37068635850613
loss:  220.90068282344015
loss:  231.08006010649765
loss:  230.77913954255266
loss:  225.20068376468785
loss:  231.35395414684007
loss:  226.63720632239085
loss:  229.78316373630432
loss:  230.03375657381173
loss:  226.63574377486196
loss:  231.62160114319337
loss:  230.67907842050315
loss:  230.95385589785369
loss:  225.3559701339168
loss:  228.94087817332755
loss:  230.77448353294253
loss:  230.20161407782382
loss:  230.44223462527688
loss:  230.54416421608056
loss:  226.8356266225251
loss:  223.44752172811417
loss:  231.37380691304813
loss:  216.6815235093433
loss:  230.33489765429374
loss:  229.19211314121148
loss:  228.71976864165566
loss:  227.97259197846483
loss:  228.82664478337813
loss:  229.78200984924476
loss:  225.0119119197764
loss:  225.44266636537503
loss:  225.42958226540267
loss:  230.2826488532726
loss:  229.89981172264203
loss:  228.28357628665506
loss:  227.5193097584549
loss:  229.1543830770838
loss:  225.97221696974276
loss:  218.30138725665208
loss:  230.34276414613984
loss:  229.4025807838329
loss:  230.29463171366373
loss:  226.0921728978882
loss:  217.35643395292703
loss:  230.4013603286658
loss:  224.5922440609675
loss:  226.3243831312544
loss:  217.17498882433833
loss:  230.07229638553423
loss:  226.75145300954276
loss:  230.31034414756593
loss:  223.76977165504516
loss:  229.5518475402984
loss:  229.33913216917392
loss:  229.07851211496853
loss:  230.1596584624722
loss:  230.3029689473999
loss:  229.19431807852905
loss:  222.9378897044851
loss:  228.8097758993157
loss:  229.2929218141923
loss:  229.1901288052015
loss:  219.25702353658525
loss:  222.37747917789792
loss:  228.2828461260421
loss:  228.28208381754945
loss:  230.67546541616233
loss:  230.17380985704082
loss:  229.76756550909866
loss:  226.14811289168222
loss:  225.92141123266217
loss:  229.68621272875637
loss:  227.04090475282123
loss:  230.70485896594178
loss:  228.9561934834001
loss:  230.2600693868471
loss:  230.6829323324423
loss:  231.28743215704634
loss:  228.19479935621655
loss:  224.50758234685424
loss:  231.27625954820613
loss:  224.70804153427864
loss:  225.82112320711545
loss:  229.70145577194964
loss:  223.59052559375934
loss:  229.86268615918755
loss:  229.8170629414295
loss:  226.04820117022425
loss:  231.03936020091476
loss:  230.29298812960718
loss:  230.30420475806105
loss:  223.70653819526953
loss:  216.24162159747107
loss:  229.63458441259502
loss:  217.12363298163962
loss:  229.01884963403435
loss:  229.73775064431385
loss:  230.2285765444832
loss:  230.076742164768
loss:  225.7172821087207
loss:  225.73651951841381
loss:  229.71441074603166
loss:  217.77517087056796
loss:  217.72913859980315
loss:  226.28945556838812
loss:  230.1473631046344
loss:  229.40073386959466
loss:  222.25637595848872
loss:  223.91709723380256
loss:  229.56227739854052
loss:  225.54932210504987
loss:  227.76070972180437
loss:  217.70884411626594
loss:  224.0790269115275
loss:  225.77156878196823
loss:  229.66343354644482
loss:  225.15995408490832
loss:  228.6214945028039
loss:  228.98884713241733
loss:  228.47555313606094
loss:  228.40971473260552
loss:  215.94946597015186
loss:  228.7031284757753
loss:  223.6881393390671
loss:  227.8169928148813
loss:  229.64755151357886
loss:  223.82068859083205
loss:  224.07115362442386
loss:  216.1281308600652
loss:  221.4163782889922
loss:  225.890714217907
loss:  228.64817346181974
loss:  225.3983079729719
loss:  228.82526885043856
loss:  217.4614960229392
loss:  228.76546205010195
loss:  228.9776441643708
loss:  224.1889558426374
loss:  228.68638763920436
loss:  228.88894824012277
loss:  228.4805051189167
loss:  224.39277698168854
loss:  228.83055663368268
loss:  226.79807539711868
loss:  214.9889207429648
loss:  228.5663928740928
loss:  225.4074914535918
loss:  228.98513214298282
loss:  228.55121641381115
loss:  228.01024882319166
loss:  229.26958400898255
loss:  227.34231254660335
loss:  224.39027872853376
loss:  224.6630468671388
loss:  219.88049475160494
loss:  226.74044065046294
loss:  215.85857017843904
loss:  222.11172483902692
loss:  226.93654691845802
loss:  222.04772092547176
loss:  229.2890825255274
loss:  226.6383593316253
loss:  222.6042723751812
loss:  222.65847312914562
loss:  225.9320756096553
loss:  228.26587119147248
loss:  228.2923478103293
loss:  226.5206935438395
loss:  229.47689155261648
loss:  228.11764642505165
loss:  224.19852348120426
loss:  229.15624271665592
loss:  228.70615417846335
loss:  229.4627149516998
loss:  221.49039983513154
loss:  229.0187600229646
loss:  226.47963666192996
loss:  227.80969097013764
loss:  224.95730948810592
loss:  227.56136771441408
loss:  226.74917341398836
loss:  229.08504626563408
loss:  229.0510409292152
loss:  227.3424863743751
loss:  228.69180977013963
loss:  228.06482832946196
loss:  228.80920176313248
loss:  222.847483488986
loss:  228.87674946435067
loss:  228.8015444257912
loss:  217.4595197981415
loss:  222.654300637507
loss:  229.58839107026913
loss:  221.84648396066925
loss:  226.27891968079174
loss:  228.70872868364856
loss:  228.7103317260807
loss:  228.4225745253185
loss:  221.8180514091526
loss:  228.3762604184404
loss:  228.90955561614615
loss:  223.1353391125217
loss:  228.6103288541476
loss:  216.4782669696299
loss:  227.05521079366335
loss:  228.01151452396385
loss:  227.70345672480434
loss:  220.14227517598414
loss:  228.0376477035922
loss:  214.34621069063803
loss:  226.55310910495652
loss:  225.36422040940522
loss:  227.04707672522417
loss:  226.52402270714924
loss:  226.06393276651647
loss:  215.20129142858758
loss:  225.65816868148377
loss:  224.01584228022716
loss:  227.91540291053403
loss:  227.32161953991408
loss:  214.82077893025198
loss:  222.84673410340375
loss:  225.9252847883085
loss:  227.03510585815894
loss:  226.72989099640242
loss:  226.15104010972036
loss:  227.23428578261706
loss:  222.78927246343704
loss:  227.46032624168654
loss:  227.44747670362133
loss:  225.92102414319044
loss:  226.0129472688319
loss:  225.69883490143667
loss:  217.60770252932926
loss:  214.50843432266325
loss:  219.88358226009015
loss:  227.3215933507791
loss:  222.08653376188485
loss:  227.30178965801827
loss:  222.27400624431613
loss:  226.38758696687407
loss:  219.665473605747
loss:  222.2564655253275
loss:  227.460601027747
loss:  222.05836758517088
loss:  225.51952650835116
loss:  227.72490219991653
loss:  226.57030089350883
loss:  222.53935008987887
loss:  220.0096648327713
loss:  223.51147583558324
loss:  227.86020250227364
loss:  227.9458152382981
loss:  225.79449364418895
loss:  226.73759943206807
loss:  220.96709977143814
loss:  228.18293050671736
loss:  223.70724816387948
loss:  227.83347531581174
loss:  226.78973209092104
loss:  223.76680898889475
loss:  227.4438148328851
loss:  226.86884210579464
loss:  227.45707770200727
loss:  227.179754828385
loss:  227.08900203921002
loss:  227.28488534627968
loss:  214.67135583593895
loss:  227.4871637708854
loss:  224.2026635059385
loss:  215.01007677057177
loss:  227.28692571948102
loss:  227.331799164814
loss:  227.3496106560137
loss:  224.3669398264061
loss:  216.95727650797505
loss:  226.9312959123215
loss:  225.39380439423903
loss:  227.69141953910074
loss:  227.4652972308135
loss:  215.89772530837382
loss:  226.28559965425663
loss:  228.4020980982802
loss:  222.9697266496411
loss:  219.0925349142995
loss:  222.78160368843962
loss:  223.13681710774455
loss:  217.01629421479686
loss:  224.7544649585342
loss:  227.05076997177105
loss:  224.12023256193385
loss:  221.26119357033676
loss:  216.89113411855075
loss:  227.74168787681603
loss:  226.37073065484836
loss:  226.84087264246307
loss:  226.7628691461641
loss:  226.85039638255142
loss:  227.33153039720426
loss:  227.2357412041318
loss:  228.07228103340995
loss:  226.1454076061281
loss:  221.69899576595395
loss:  225.85117324205999
loss:  227.49206342886382
loss:  214.1347208659692
loss:  223.33570724371114
loss:  226.93408134546956
loss:  225.65263282488766
loss:  226.78431557885833
loss:  222.96364943560047
loss:  216.7920059701314
loss:  219.5190278407915
loss:  225.6172450479093
loss:  214.15447980885222
loss:  226.330321964034
loss:  227.221075756477
loss:  222.7178266918886
loss:  214.27732271346386
loss:  225.28138708282918
loss:  214.2483640502826
loss:  226.26503893808146
loss:  214.68927868657016
loss:  226.02115106011166
loss:  222.88880476992804
loss:  224.84496040566137
loss:  226.88732942255118
loss:  227.28593387009863
loss:  214.6912248322811
loss:  226.1060772534865
loss:  225.85902703837698
loss:  227.3825748120645
loss:  225.74366381410206
loss:  225.38453161211697
loss:  222.1649451678996
loss:  215.27707667059505
loss:  217.61945166719647
loss:  225.5124985219187
loss:  215.4024639753545
loss:  215.68162242514663
loss:  226.3259915709959
loss:  215.98440932539916
loss:  225.51535705056557
loss:  223.18783655202057
loss:  215.01968007045997
loss:  223.89482558137558
loss:  215.1860577499983
loss:  227.3097759578689
loss:  221.7520862270934
loss:  222.85524661793903
loss:  226.91093014107255
loss:  224.13706066317152
loss:  222.51208102977935
loss:  222.4158289063209
loss:  226.30723650648392
loss:  225.40485547627046
loss:  226.94772744513946
loss:  226.75564178317399
loss:  220.20308648795955
loss:  226.68844211538206
loss:  225.14210943314265
loss:  225.87529723920542
loss:  222.29146556912067
loss:  225.66432651639983
loss:  225.76077001513883
loss:  226.17328378304111
loss:  225.87326970192788
loss:  226.50277364260486
loss:  226.81321363316056
loss:  227.91702300229628
loss:  219.58671527718892
loss:  214.18768946096318
loss:  216.74568399134182
loss:  227.4173293367553
loss:  226.28858580891327
loss:  225.53320911065737
loss:  214.34461756439038
loss:  225.65385980452638
loss:  215.6691065412949
loss:  219.51949961259385
loss:  224.0180898255663
loss:  221.76232579911127
loss:  226.4568793175535
loss:  226.89313141939564
loss:  218.42530773641397
loss:  223.13102969389584
loss:  225.38750559387628
loss:  220.61180805786847
loss:  220.90545221586694
loss:  226.54958863503046
loss:  222.54327891242778
loss:  225.92440417848385
loss:  225.9629176562376
loss:  226.504542828149
loss:  226.1705339918652
loss:  226.93466335833335
loss:  226.26526681348722
loss:  213.5520604612696
loss:  213.97626099308928
loss:  225.54243272835333
loss:  224.73108809501514
loss:  225.16663964133792
loss:  221.0915357218411
loss:  226.84046459499476
loss:  226.7424730373227
loss:  224.8691283600506
loss:  226.0704195790467
loss:  222.72320673277878
loss:  221.58547870383444
loss:  220.99388550161612
loss:  224.6570094019496
loss:  225.45605546765637
loss:  213.04166082325605
loss:  223.22065401122865
loss:  225.07703225386277
loss:  220.54171838668324
loss:  217.45360487795583
loss:  222.26352348393982
loss:  218.2321069269279
loss:  214.58796730597058
loss:  221.36917884383575
loss:  212.68750457679053
loss:  225.40743942740036
loss:  218.70755963709473
loss:  213.47772029527744
loss:  218.72752118258268
loss:  225.10670813897
loss:  225.0774783634562
loss:  224.26317887720768
loss:  225.2121498068894
loss:  214.25485226561963
loss:  212.4708370788278
loss:  220.0764636893939
loss:  223.3776190969155
loss:  223.84088292003082
loss:  223.49254247954997
loss:  220.7174141733542
loss:  224.89763536376543
loss:  224.79218119355025
loss:  225.1058518570901
loss:  224.1498317891077
loss:  224.7331960109872
loss:  224.77059925284516
loss:  218.560427983283
loss:  223.74422934292656
loss:  220.20000629373845
loss:  224.3808914739507
loss:  225.86035276291378
loss:  212.92732432709727
loss:  214.8663968524936
loss:  224.87017410708316
loss:  212.25772182141952
loss:  222.76841038745147
loss:  218.0049168413766
loss:  218.97033807969123
loss:  224.00254050435927
loss:  223.8880408145319
loss:  211.85478553184677
loss:  224.41693968549816
loss:  211.5247316495005
loss:  212.81302361950506
loss:  223.0067878794239
loss:  224.16573354602593
loss:  220.43061713070554
loss:  224.90141183284706
loss:  211.17330124982004
loss:  222.7295973834219
loss:  218.17259371103697
loss:  215.7672174642709
loss:  223.76059198698707
loss:  222.29915198160205
loss:  217.88393401562217
loss:  223.34913053649638
loss:  223.7919578584084
loss:  223.87713309289023
loss:  222.04329199095875
loss:  224.9207245844227
loss:  212.2018000909728
loss:  222.67491360881232
loss:  220.25725134637733
loss:  222.99730699549775
loss:  219.55660173471904
loss:  221.3217962943859
loss:  223.46824902196298
loss:  224.2465570374543
loss:  211.66044160326626
loss:  215.30698195138763
loss:  223.19256037943845
loss:  219.02047429882126
loss:  221.01659863784238
loss:  216.50364501042063
loss:  222.94697668502653
loss:  216.99618520731056
loss:  222.77037572451152
loss:  223.1879216515382
loss:  221.29943805121007
loss:  222.14585603989542
loss:  223.25239319677476
loss:  222.5480974435396
loss:  213.45336083406954
loss:  223.22088197496385
loss:  223.84115483945217
loss:  218.78364069484186
loss:  220.14569982805222
loss:  218.7493051164646
loss:  223.40216450189808
loss:  223.92936307125595
loss:  215.74153163713282
loss:  218.8871951131493
loss:  223.43663110280323
loss:  223.50209319866678
loss:  223.58539636957056
loss:  223.189921475337
loss:  224.93485805812034
loss:  218.790525597908
loss:  224.33512598535006
loss:  222.70830967699726
loss:  218.72328039399397
loss:  222.02538517186213
loss:  218.64268196460736
loss:  207.36979075766448
loss:  203.4319204807845
loss:  218.0742379204267
loss:  218.58829597937589
loss:  218.23335943336673
loss:  218.7467879807388
loss:  220.62624881632874
loss:  215.13756195698187
loss:  201.06176168471893
loss:  213.3718439525674
loss:  200.94625348407595
loss:  212.03790591966902
loss:  204.46792180127338
loss:  203.39708730590561
loss:  201.20373104240497
loss:  202.0200751055979
loss:  197.86393333298105
loss:  213.3182205182407
loss:  216.33948404643488
loss:  210.89628232594868
loss:  212.60881495639669
loss:  212.99469050857164
loss:  207.29955538190234
loss:  214.76341275802207
loss:  197.79201922197265
loss:  194.16231169454247
loss:  208.13810688573722
loss:  210.7193326645013
loss:  210.64409149669822
loss:  196.10677501627683
loss:  208.8814421212828
loss:  194.18727664918197
loss:  209.33069293524827
loss:  212.31003942402074
loss:  209.50588930755993
loss:  212.17785788337198
loss:  212.19796196556126
loss:  204.0736656914661
loss:  197.07493364099122
loss:  210.60034250968997
loss:  209.17500381493895
loss:  193.93906073044693
loss:  190.1113522554265
loss:  186.8577231420123
loss:  186.91367553387886
loss:  185.38900202757986
loss:  202.40334385246038
loss:  184.21596824669405
loss:  185.46247185943054
loss:  201.51310261361527
loss:  184.5594922294953
loss:  184.206208751282
loss:  201.85598343515403
loss:  201.27017817369213
loss:  201.279944160086
loss:  184.13166433013498
loss:  176.43987571587715
loss:  190.52237757690295
loss:  190.92310872559648
loss:  194.44710731183852
loss:  177.44194187157382
loss:  195.54750329813345
loss:  187.4123908204616
loss:  177.68792311804822
loss:  193.66170320043963
loss:  194.21863322508665
loss:  184.40136357976573
loss:  192.33530191857352
loss:  188.0042624308571
loss:  178.90925856529108
loss:  175.47362756763295
loss:  171.71369841648826
loss:  171.9066558626326
loss:  187.63489736603213
loss:  185.0627224568085
loss:  167.80616640013716
loss:  164.07709709594772
loss:  183.63731449325212
loss:  183.91286969577786
loss:  156.80943157174593
loss:  160.06730282390328
loss:  153.41630848615853
loss:  172.74937609976968
loss:  174.33904952695636
loss:  175.83158634742927
loss:  170.74248380627034
loss:  172.20009221417934
loss:  176.63413895510755
loss:  175.83354777202072
loss:  172.88793870426946
loss:  173.61085836409865
loss:  173.7949919847821
loss:  154.4221001262335
loss:  171.77343317414432
loss:  167.66406530312867
loss:  151.18002457354171
loss:  147.41004337463565
loss:  164.09845838093364
loss:  162.25746320948775
loss:  147.25730648903473
loss:  168.80758103115886
loss:  139.1638383392069
loss:  140.27633004161117
loss:  138.04475213496977
loss:  162.38472588655063
loss:  152.987589517257
loss:  159.23165503991336
loss:  158.13364510890872
loss:  151.55796778205143
loss:  160.13602450681603
loss:  154.74718191008301
loss:  159.7288098597599
loss:  140.51897002796173
loss:  160.47691091066264
loss:  135.28642673860926
loss:  136.6777729084056
loss:  137.37075105843977
loss:  141.3730265551854
loss:  135.5297489326814
loss:  135.56009214511707
loss:  137.18064814471379
loss:  143.95988062004113
loss:  133.48998353603963
loss:  150.98785847280922
loss:  134.31831667710313
loss:  156.78576616100665
loss:  155.36511653921391
loss:  133.6633411352824
loss:  155.15798179227028
loss:  151.60173448019128
loss:  151.54878936765746
loss:  132.99858384378555
loss:  155.68381270477124
loss:  133.82963228423512
loss:  130.2643234990559
loss:  133.64886629219833
loss:  131.03597132002025
loss:  127.89203087505975
loss:  148.88711502403825
loss:  130.24403665639144
loss:  139.65610951453027
loss:  130.6319549074849
loss:  149.20813224869102
loss:  146.69136335824535
loss:  127.76287069180168
loss:  123.51459674720161
loss:  124.20884594656565
loss:  134.41395545820544
loss:  123.86160664355911
loss:  131.69705200363674
loss:  122.28831657027193
loss:  121.73190620337783
loss:  139.02896840704614
loss:  124.56304879831157
loss:  137.69670117251115
loss:  140.75836361944718
loss:  120.7892490574297
loss:  136.78677811362314
loss:  142.15324808952698
loss:  115.60265398999567
loss:  119.92238073810105
loss:  111.21653687629254
loss:  112.22276719105263
loss:  132.46060133712456
loss:  128.35403860372048
loss:  128.68399752760558
loss:  108.89417484983002
loss:  102.11528299608091
loss:  117.79089003830589
loss:  121.11526518240044
loss:  101.52324585825409
loss:  112.19760913906703
loss:  91.83428765016875
loss:  108.61469432817378
loss:  105.93583058872433
loss:  106.67713687240612
loss:  92.21360799831862
loss:  108.38878707501908
loss:  93.48770928084431
loss:  100.5143696446803
loss:  111.1778674585478
loss:  108.32183439128973
loss:  107.62864275350495
loss:  108.53351533693473
loss:  106.6947759125579
loss:  103.18064139018539
loss:  106.92640818054389
loss:  105.09956798575868
loss:  101.31851245135927
loss:  105.11373038254597
loss:  98.13624723464872
loss:  110.12700349791241
loss:  109.573382951062
loss:  109.61592647960141
loss:  93.5573075755978
loss:  110.3544914574659
loss:  93.96355899046107
loss:  110.07566547919578
loss:  103.16887464449074
loss:  112.07984750500464
loss:  109.24875814568942
loss:  91.44466534304131
loss:  93.12236095124645
loss:  92.40132093522881
loss:  110.30140918607725
weights:  [0.00052159 0.00088037 0.00044541 ... 0.00051592 0.0001218  0.00047598]
cy dot constraint : -9.768281756526399
Optimization problem did not converge.. Check the solution returned by the optimizer.
Returned solution is:
     fun: 91.44466534304131
   maxcv: 9.768381756526399
 message: 'Did not converge to a solution satisfying the constraints. See `maxcv` for magnitude of violation.'
    nfev: 900
  status: 4
 success: False
       x: array([0.00052159, 0.00088037, 0.00044541, ..., 0.00051592, 0.0001218 ,
       0.00047598])
Train data:
------------
Train accuracy :  0.6467142857142857
Total data points: 7000
# non-protected examples: 4699
# protected examples: 2301
Non-protected in positive class: 2508 (53%)
Protected in positive class: 878 (38%)
P-rule is: 71%

Test data: 
------------
Test accuracy :  0.645
Total data points: 3000
# non-protected examples: 2055
# protected examples: 945
Non-protected in positive class: 1125 (55%)
Protected in positive class: 369 (39%)
P-rule is: 71%
------------------------------------------------------------------------
------------------------------------------------------------------------
