iter:  600.0 , lambda:  1 , alpha:  0.2222222222222222 , kernel: rbf method:  cobyla , catol:  0.0001 batches:  100
x_init:  [7.07475401e-04 9.45782870e-04 7.81560443e-04 ... 5.16667256e-04
 4.71911991e-06 1.71374512e-06]
loss:  438.11108984726394
loss:  467.9385648007744
loss:  467.2860958346289
loss:  468.9362973616426
loss:  463.9827301139498
loss:  466.4645358871178
loss:  470.8735201363237
loss:  471.40941359008593
loss:  451.5395461495864
loss:  438.2593864492926
loss:  470.79414912813417
loss:  438.35733463845565
loss:  471.285951531449
loss:  464.51003131695865
loss:  461.34021559194144
loss:  468.7130489346353
loss:  453.6495831539104
loss:  471.20491308691993
loss:  469.49000997922036
loss:  471.7772185633416
loss:  469.724298500413
loss:  470.7775664317338
loss:  438.89518074518594
loss:  437.6493495623664
loss:  469.7188389387625
loss:  470.5713970217144
loss:  451.3790182044403
loss:  468.17445107403836
loss:  451.0518661231499
loss:  470.43991462868433
loss:  463.3250497550174
loss:  464.3042478176544
loss:  467.8751464756213
loss:  465.74328685142126
loss:  463.16956077841905
loss:  441.6983057444609
loss:  437.8851092739057
loss:  466.06142703062534
loss:  447.5188341427316
loss:  469.86055850183976
loss:  440.94978661756033
loss:  470.27183007153633
loss:  460.62404426225095
loss:  464.4489324163935
loss:  472.04831791316826
loss:  470.3760947801128
loss:  468.9511811693164
loss:  465.47433151284
loss:  468.9758821344354
loss:  459.5279090547225
loss:  468.6172811568401
loss:  470.7128151039136
loss:  468.85894709901623
loss:  469.105317616448
loss:  456.07526429070725
loss:  447.5789936682972
loss:  438.20407924915963
loss:  467.938150066271
loss:  470.03972690961
loss:  471.1053817236094
loss:  456.2587297897931
loss:  439.51105523819746
loss:  437.82349560830096
loss:  468.01908648547925
loss:  468.5361394767403
loss:  450.7413315711465
loss:  437.63957212246584
loss:  469.4201472588054
loss:  469.4611942676052
loss:  469.5382319939136
loss:  467.09469860116985
loss:  469.45105659792193
loss:  463.6513894232359
loss:  467.23295608524825
loss:  467.5582597359993
loss:  468.86169493623606
loss:  439.1630665187965
loss:  456.3259223189343
loss:  470.24443710674933
loss:  466.7661022619367
loss:  469.1563282516391
loss:  468.3578441995808
loss:  454.9305078097925
loss:  441.683809388319
loss:  469.431681721646
loss:  469.4837602556376
loss:  438.0327730494209
loss:  468.91420271770187
loss:  469.0476815932018
loss:  468.5721424631267
loss:  466.65950165268947
loss:  469.46947182478357
loss:  453.784015365758
loss:  456.0351075220457
loss:  469.75314098187346
loss:  454.934168217732
loss:  467.59621909489834
loss:  467.63323233391895
loss:  469.0657402035166
loss:  469.3239125950774
loss:  469.4621650826488
loss:  462.8236552774122
loss:  469.21572206530976
loss:  447.81943147994093
loss:  465.2100239421252
loss:  469.48545310256765
loss:  459.0120027678854
loss:  469.4763078886088
loss:  469.36306631869036
loss:  470.79669012816186
loss:  466.8913223301194
loss:  468.7373323585384
loss:  441.76945350568997
loss:  467.5362032984071
loss:  467.0148271538646
loss:  466.50105196384203
loss:  469.122162613449
loss:  469.1815669663203
loss:  466.3972081286551
loss:  469.42866588264746
loss:  465.2326720347919
loss:  464.46014718931053
loss:  466.4149754744975
loss:  451.55683810236616
loss:  457.1660229768237
loss:  468.6861616411
loss:  470.7748057697129
loss:  469.44856239594696
loss:  468.03068376979564
loss:  463.8928173224641
loss:  466.36269381883193
loss:  462.2274052707805
loss:  462.52582158625364
loss:  463.8517487232605
loss:  471.0123731174498
loss:  442.5954515894139
loss:  469.4789212029957
loss:  466.49134984505565
loss:  442.975441386923
loss:  468.33507777973205
loss:  466.91048126736683
loss:  454.5210633471345
loss:  465.6264511969962
loss:  468.78520661096144
loss:  468.899630448607
loss:  466.3144087392754
loss:  466.89773962258425
loss:  465.56115659773536
loss:  469.594090105471
loss:  469.15206226083774
loss:  464.6838670123697
loss:  456.5059888788841
loss:  470.53460984484695
loss:  466.79410821402234
loss:  453.9311842463398
loss:  466.17194192700646
loss:  467.8845631984963
loss:  466.8780987583659
loss:  468.20471500219196
loss:  466.81405129162135
loss:  465.5897629106963
loss:  469.1437687900698
loss:  468.87428988900774
loss:  462.52400618693207
loss:  458.91221038802007
loss:  469.36705989919454
loss:  467.7721055321657
loss:  439.7617088590785
loss:  468.7619681548751
loss:  463.86576879402617
loss:  456.2848771836984
loss:  469.86725224708397
loss:  467.7435321607832
loss:  469.9668329883581
loss:  456.26056898333695
loss:  468.7740732163757
loss:  446.2838170672433
loss:  468.1903028601341
loss:  467.5853186014741
loss:  455.0829669822547
loss:  468.7421034206835
loss:  459.3034526108619
loss:  465.5845468048977
loss:  466.10082466593354
loss:  459.3002394720151
loss:  469.2847554924262
loss:  467.38338243432116
loss:  467.9374614469299
loss:  455.41049320791063
loss:  463.9136079054955
loss:  467.57629300909724
loss:  466.4237738489674
loss:  466.90811563407124
loss:  467.0707996278944
loss:  459.69783223474957
loss:  451.4127004248666
loss:  468.7816789429951
loss:  437.8085540341458
loss:  469.43584268534175
loss:  467.1433097225316
loss:  466.18143857099415
loss:  464.5239497602601
loss:  466.40114744895845
loss:  468.33769649909107
loss:  458.7324277244998
loss:  455.24651996590296
loss:  459.5730499521164
loss:  469.34263853355094
loss:  468.43110789267206
loss:  465.2949965321782
loss:  463.8022690832177
loss:  467.0346431390951
loss:  456.3329616919236
loss:  441.696009271631
loss:  469.46122986136174
loss:  467.57061496870307
loss:  469.36582490302743
loss:  456.52492874977395
loss:  439.0593305532356
loss:  469.5714282883585
loss:  453.5316298030753
loss:  461.23315293608357
loss:  439.2599553007816
loss:  468.8695617426544
loss:  462.2291042917592
loss:  469.37541718489695
loss:  451.8454574312839
loss:  467.8913088913267
loss:  467.33553259513013
loss:  466.91246676170056
loss:  469.0572015295194
loss:  469.35630095972675
loss:  467.14756692486776
loss:  454.4905343057957
loss:  466.3671569362741
loss:  467.3478182883694
loss:  467.13971687210136
loss:  442.90350755916865
loss:  448.952954679012
loss:  465.2936367825842
loss:  465.29204651092067
loss:  470.11230001221224
loss:  469.1260400108622
loss:  468.1647749775402
loss:  461.02042754087825
loss:  460.57702504581334
loss:  468.0674932395454
loss:  462.82053572089046
loss:  470.07062681010603
loss:  466.6646270409301
loss:  469.2979566554517
loss:  470.044800297671
loss:  471.2398005825794
loss:  465.17141523461254
loss:  453.2538087445276
loss:  471.21557330834526
loss:  458.1088943676058
loss:  460.35007404460777
loss:  468.1755683400483
loss:  451.4475039702441
loss:  468.500528691911
loss:  468.4027197525662
loss:  456.4823600174868
loss:  470.7831834882792
loss:  469.3630538430185
loss:  469.3632474574858
loss:  451.7055186439707
loss:  437.2777518385408
loss:  468.56058941751735
loss:  439.4108176849216
loss:  467.32222252264626
loss:  468.71858073588936
loss:  469.71489203732017
loss:  469.4246917491682
loss:  456.3276594659611
loss:  456.35971536139334
loss:  468.7078600281833
loss:  440.6717734025978
loss:  440.58298966204177
loss:  457.43043095894313
loss:  469.56706884155716
loss:  468.09299529418865
loss:  449.209231817127
loss:  452.5373888214101
loss:  468.41764954030236
loss:  456.0106551932745
loss:  464.76972925055514
loss:  440.54421084716347
loss:  457.2369987793116
loss:  456.38513023188904
loss:  468.61609710375365
loss:  459.5650430971393
loss:  466.519486925382
loss:  467.2797668364965
loss:  466.19201550937873
loss:  466.1208663754069
loss:  437.12901282567157
loss:  466.8053129891565
loss:  452.58729489298616
loss:  465.3831543412749
loss:  468.9926612890655
loss:  453.0327166392262
loss:  457.84171193122086
loss:  438.0125406482467
loss:  447.40402485753395
loss:  461.5415957291309
loss:  467.06518215378077
loss:  456.2172388940345
loss:  467.4232820063615
loss:  440.48219234007564
loss:  467.24348481449044
loss:  467.6900305016068
loss:  453.6692954209689
loss:  467.141236873222
loss:  467.55038737721594
loss:  466.7267325614027
loss:  458.4988265306954
loss:  467.4079996106612
loss:  463.29871305109157
loss:  437.4941450625654
loss:  467.3897073113612
loss:  461.0648178004977
loss:  468.2308830597203
loss:  467.3684763517503
loss:  466.28371103288066
loss:  468.8034398768258
loss:  464.93748503807774
loss:  458.9909183875608
loss:  459.5891105024416
loss:  447.5155693817364
loss:  463.75253662787543
loss:  437.504880942377
loss:  451.9900177295398
loss:  464.11825479428285
loss:  454.3041879822226
loss:  468.84230686368795
loss:  463.534868025194
loss:  455.4312198782438
loss:  453.1797372868944
loss:  462.12338025888346
loss:  466.7178506736914
loss:  466.85326929334747
loss:  462.8764168531484
loss:  469.2038311663391
loss:  466.5012827303816
loss:  458.64925932836354
loss:  468.5574336790251
loss:  467.68681631537163
loss:  469.18140215867214
loss:  453.17720245002795
loss:  468.22916409814997
loss:  463.19400216244804
loss:  465.88119975910456
loss:  460.1668713203608
loss:  465.3803904133891
loss:  463.7375090218016
loss:  468.41822906354156
loss:  468.3523230274865
loss:  464.9680997877995
loss:  467.65729735666207
loss:  466.3657272873544
loss:  467.893007007611
loss:  453.672209905006
loss:  468.02302671901987
loss:  467.87737705506476
loss:  442.34723674134386
loss:  453.17053284280524
loss:  469.4223806907856
loss:  451.6067416927629
loss:  462.78592964438826
loss:  467.682131443142
loss:  467.6941671834016
loss:  467.1165613144521
loss:  451.53922397620806
loss:  467.022054397352
loss:  468.0924980535913
loss:  454.20188017225826
loss:  467.4295157916551
loss:  440.51202865894635
loss:  464.358982155388
loss:  466.26042437468993
loss:  465.6661500567526
loss:  448.0711565796504
loss:  466.3223243279984
loss:  437.9514492652895
loss:  466.14801291307657
loss:  463.79998255000555
loss:  467.20963564064897
loss:  466.15437354541245
loss:  465.20490516796957
loss:  439.2076318916967
loss:  464.39330023011706
loss:  461.1229518957592
loss:  468.823765174149
loss:  467.742441008114
loss:  438.49161937874874
loss:  454.67721324117883
loss:  464.9375386275988
loss:  467.1876001019934
loss:  466.5384391888765
loss:  465.420152029501
loss:  467.59024927289715
loss:  454.4923028199853
loss:  467.88944787169925
loss:  467.9946135419204
loss:  464.9292993285658
loss:  464.9562585469375
loss:  464.52565056827814
loss:  443.33951557241556
loss:  437.08744855046183
loss:  448.79280705032335
loss:  466.8730214237588
loss:  453.3745824806656
loss:  466.80467827399224
loss:  453.63017516622386
loss:  464.98969010506124
loss:  448.33472782782286
loss:  453.6834847745077
loss:  467.1405108206462
loss:  453.2683526841614
loss:  463.22825348757755
loss:  467.6332800370761
loss:  465.36787367958584
loss:  457.25157483717965
loss:  449.05428336239413
loss:  459.21134812842575
loss:  467.93301301513856
loss:  468.08662053186987
loss:  463.7867146094723
loss:  465.68046294869447
loss:  451.0459468526525
loss:  468.55944788158365
loss:  456.6082490263389
loss:  467.8603422126953
loss:  465.8025210436239
loss:  456.7384304581238
loss:  467.10473759937906
loss:  465.96253966587113
loss:  467.14132930499187
loss:  466.5474683189018
loss:  466.35691993371864
loss:  466.8004630260343
loss:  436.8961362958804
loss:  464.47070411390706
loss:  458.7677650006391
loss:  438.25670204875735
loss:  464.02619077617675
loss:  464.15005860521796
loss:  464.1865004930911
loss:  458.2521588670556
loss:  441.48721626828734
loss:  463.3308878244949
loss:  460.2895079622803
loss:  464.847668999792
loss:  464.42351815209133
loss:  440.5154548151834
loss:  462.0448988756077
loss:  466.2892061663594
loss:  456.2928644011979
loss:  448.3224327358805
loss:  455.0463477625427
loss:  456.6677265658863
loss:  441.59303198278513
loss:  458.9978547822748
loss:  463.5754062829312
loss:  457.75807563509886
loss:  452.02746907000983
loss:  441.2216663714551
loss:  464.96076368364197
loss:  462.21734196605826
loss:  463.1498084052709
loss:  462.9966461822335
loss:  463.1722797652314
loss:  464.14950195886047
loss:  463.9329993436925
loss:  465.63645283737304
loss:  461.76501326006866
loss:  453.7320276296152
loss:  461.21544785530244
loss:  464.4559378867439
loss:  436.7266616469257
loss:  456.39032894718
loss:  463.60284186954163
loss:  461.02277454286866
loss:  463.2995463514818
loss:  456.58797198966397
loss:  441.4126094907238
loss:  449.51980775897596
loss:  460.9579157663514
loss:  437.2694103585278
loss:  462.3767924048846
loss:  464.1696873671208
loss:  456.0857892643778
loss:  437.5151656331929
loss:  460.27678380808703
loss:  437.42268437427316
loss:  462.2516248830135
loss:  437.6215210611438
loss:  461.7711344468208
loss:  456.4086570271735
loss:  459.40021721011874
loss:  463.5064132662589
loss:  464.3142523107887
loss:  437.62337162366686
loss:  461.93180969467585
loss:  461.4370114634732
loss:  464.5024442273031
loss:  461.2057181978726
loss:  460.4848966508355
loss:  454.98176514992946
loss:  437.6990283545646
loss:  445.3545160328529
loss:  460.7421815208877
loss:  440.18559917138936
loss:  440.3368601386868
loss:  462.40470335629186
loss:  442.6750558756306
loss:  460.76012643087125
loss:  456.1359046327216
loss:  438.98700905813223
loss:  457.50549034960153
loss:  438.6163546455525
loss:  464.3304544731614
loss:  454.0575623630486
loss:  455.4558631250776
loss:  463.5610119973485
loss:  457.9966744945231
loss:  455.610500897599
loss:  455.44234492292094
loss:  462.368702117432
loss:  460.52429652541514
loss:  463.6330175465546
loss:  463.25894997636385
loss:  450.1298647380188
loss:  463.1225171129865
loss:  459.9967969262962
loss:  461.4698330403947
loss:  454.3083804820648
loss:  461.085766496185
loss:  461.238989460561
loss:  462.0675208007983
loss:  461.46454414322596
loss:  462.73026944777564
loss:  463.3565830984786
loss:  465.5598672252289
loss:  449.6626478393545
loss:  437.1027197807264
loss:  441.3261293735322
loss:  464.5495284329279
loss:  462.2986801804825
loss:  460.7818343434441
loss:  437.648790807038
loss:  461.0239170367435
loss:  440.31204138342616
loss:  449.52003602493835
loss:  457.7946851054939
loss:  453.245583175357
loss:  462.6661404131227
loss:  463.51922339823926
loss:  447.2500959807956
loss:  456.92375184337095
loss:  460.4908344006318
loss:  451.7563627834241
loss:  451.53000812037726
loss:  462.8506635408243
loss:  454.8085331766107
loss:  461.5568563057077
loss:  461.6435247019332
loss:  462.7337789102167
loss:  462.06178345086533
loss:  463.6103748033828
loss:  462.2520623596934
loss:  436.05682254051567
loss:  437.55202102691504
loss:  461.3025885950116
loss:  459.69314068197986
loss:  460.54651821139464
loss:  453.27097622404756
loss:  463.91571836496763
loss:  463.7180900737602
loss:  459.9483822291667
loss:  462.36444307582667
loss:  455.65822708259617
loss:  454.30635043669986
loss:  453.02273589549475
loss:  459.5241546317884
loss:  461.12801050415
loss:  435.5378125339049
loss:  457.19778545824596
loss:  460.90415671736133
loss:  452.23084284996116
loss:  446.3135757799153
loss:  455.2627825877234
loss:  447.95317831517843
loss:  439.1470140172317
loss:  454.3992847535557
loss:  435.3304853252128
loss:  462.0302393385789
loss:  448.62866137486134
loss:  437.4199279107057
weights:  [7.07475401e-04 9.45782870e-04 7.81560443e-04 ... 5.16667256e-04
 4.71911991e-06 1.71374512e-06]
cy dot constraint : -9.806485761372954
Optimization problem did not converge.. Check the solution returned by the optimizer.
Returned solution is:
     fun: 435.3304853252128
   maxcv: 9.806585761372954
 message: 'Did not converge to a solution satisfying the constraints. See `maxcv` for magnitude of violation.'
    nfev: 600
  status: 4
 success: False
       x: array([7.07475401e-04, 9.45782870e-04, 7.81560443e-04, ...,
       5.16667256e-04, 4.71911991e-06, 1.71374512e-06])
Train data:
------------
Train accuracy :  0.786
Total data points: 7000
# non-protected examples: 4699
# protected examples: 2301
Non-protected in positive class: 646 (14%)
Protected in positive class: 175 (8%)
P-rule is: 55%

Test data: 
------------
Test accuracy :  0.7823333333333333
Total data points: 3000
# non-protected examples: 2055
# protected examples: 945
Non-protected in positive class: 286 (14%)
Protected in positive class: 84 (9%)
P-rule is: 64%
------------------------------------------------------------------------
------------------------------------------------------------------------
