iter:  900.0 , lambda:  1 , alpha:  0.3333333333333333 , kernel: rbf method:  cobyla , catol:  0.0001 batches:  100
x_init:  [0.00059529 0.0002443  0.00048968 ... 0.0006164  0.00089022 0.00014857]
loss:  657.6003983980221
loss:  700.5872985617808
loss:  699.6187754712413
loss:  702.0703775521357
loss:  694.6731484717424
loss:  698.3980387202226
loss:  704.9858954681497
loss:  705.7855680599298
loss:  681.0701182985187
loss:  658.0636511906395
loss:  704.841933165221
loss:  658.2628001422843
loss:  705.5788892995774
loss:  695.4372570495967
loss:  690.720018480489
loss:  701.7386847641014
loss:  684.2720044349159
loss:  705.4679384919873
loss:  702.9520191419044
loss:  706.342831932121
loss:  703.2881616365632
loss:  704.8163725352222
loss:  658.9834428309752
loss:  657.1700520743407
loss:  703.48646375076
loss:  704.7714013872771
loss:  681.0698648434333
loss:  701.1878273999947
loss:  680.5723683190414
loss:  704.5812693401763
loss:  693.9247361065165
loss:  695.4161697169698
loss:  700.7149627385309
loss:  697.574540417581
loss:  693.756462710605
loss:  663.3908689385329
loss:  657.8165964843324
loss:  698.0472440389708
loss:  675.2336561422485
loss:  703.6980523826411
loss:  662.2261733531261
loss:  704.3142029811742
loss:  689.9043970303566
loss:  695.5971114940821
loss:  707.042664605072
loss:  704.6693768507473
loss:  702.3290153880029
loss:  697.135903114313
loss:  702.3651323125163
loss:  688.2672190690323
loss:  701.8466902293621
loss:  705.0082862850631
loss:  702.2050145675123
loss:  702.6228882797502
loss:  688.1712369810813
loss:  675.317068284163
loss:  658.3120283605936
loss:  700.8103224059045
loss:  703.9662462680972
loss:  705.6179075763979
loss:  683.4092786069737
loss:  660.120992255412
loss:  657.4112867083714
loss:  700.9452180297826
loss:  701.7858766088978
loss:  680.1090131889324
loss:  657.4562477573346
loss:  704.6502824156253
loss:  704.7101342473153
loss:  704.8242083174545
loss:  701.1610360495267
loss:  704.6955726412335
loss:  696.0140978226509
loss:  701.3682122470436
loss:  701.8700614585824
loss:  703.8259579624554
loss:  659.6206158211894
loss:  688.0615298861322
loss:  705.9215786497616
loss:  700.7401712041278
loss:  704.2522072648836
loss:  703.0523303308478
loss:  685.9566404429646
loss:  663.2535417057558
loss:  704.6637757405066
loss:  704.742618871819
loss:  658.1024891258945
loss:  703.894038864751
loss:  704.0888573661161
loss:  703.3800746167241
loss:  700.5267094350767
loss:  704.7206093615187
loss:  684.207666577375
loss:  687.6285537029305
loss:  705.1564815620178
loss:  685.9623141994948
loss:  701.926210103294
loss:  701.9655317542462
loss:  704.1214505799821
loss:  704.5082277907015
loss:  704.7350118325141
loss:  694.7773025942489
loss:  704.344544996391
loss:  675.1352928494728
loss:  698.3530377764039
loss:  704.7460676207035
loss:  689.0643108248096
loss:  704.7444479712605
loss:  704.5608115331825
loss:  706.7190907586892
loss:  700.8871393863918
loss:  703.631161944327
loss:  663.3803868802114
loss:  701.8363501815132
loss:  701.0779226452163
loss:  700.2665711119242
loss:  704.2047435286427
loss:  704.3049124934068
loss:  700.134811350981
loss:  704.6592657127279
loss:  698.3865959468098
loss:  697.2315397664324
loss:  700.1349358704318
loss:  680.8188266001812
loss:  686.2974673772776
loss:  703.5466065856085
loss:  706.6886470331019
loss:  704.6918258679528
loss:  702.5755441472004
loss:  696.4544343910829
loss:  700.084098017125
loss:  693.8865015696257
loss:  694.3323685698449
loss:  696.3032049407786
loss:  707.0572342561345
loss:  664.6085875000995
loss:  704.7367524116685
loss:  700.332490405489
loss:  665.1733635760816
loss:  703.02974042971
loss:  700.9017758659515
loss:  685.3331120444483
loss:  698.983501875121
loss:  703.7019015154569
loss:  703.9208817617747
loss:  700.0106438115114
loss:  700.8587725375726
loss:  698.8908350020693
loss:  704.916432888241
loss:  704.2443561605998
loss:  697.5438702072951
loss:  688.322214249513
loss:  706.3255051532533
loss:  700.7073205491483
loss:  684.4550509289966
loss:  699.783479344805
loss:  702.3752615874337
loss:  700.860660392145
loss:  702.8353752752481
loss:  700.7898119671565
loss:  698.9285613041322
loss:  704.2371385205861
loss:  703.8283421320607
loss:  694.3295218358658
loss:  688.9131889575746
loss:  704.5702530332535
loss:  702.1787690313838
loss:  660.4717702131356
loss:  703.6677672073631
loss:  696.3435614526833
loss:  684.9729505454271
loss:  705.3202264165291
loss:  702.1470518452015
loss:  705.4704278327436
loss:  687.9650088761531
loss:  703.6851253771954
loss:  672.797937617315
loss:  702.8145775082007
loss:  701.9100757726114
loss:  686.1805148765391
loss:  703.6383526510004
loss:  689.4999557790477
loss:  698.92072658385
loss:  699.676454730789
loss:  689.4949616536666
loss:  704.4435910945341
loss:  701.6083252120809
loss:  702.4367159459032
loss:  686.680755590737
loss:  696.4057221577397
loss:  701.89678991819
loss:  700.1746263140056
loss:  700.8982312589284
loss:  701.1733598133859
loss:  690.0924071614368
loss:  680.5700417153796
loss:  703.697855243496
loss:  657.8226404650525
loss:  704.6721120685738
loss:  701.2495656795438
loss:  699.8127037228057
loss:  697.3107948841791
loss:  700.140689476769
loss:  703.0336976219573
loss:  688.6377703058902
loss:  686.4325051641338
loss:  689.9026387952686
loss:  704.5340898586109
loss:  703.2063577761858
loss:  698.48794983807
loss:  696.2368047400525
loss:  701.097252282859
loss:  688.0635569391791
loss:  663.878092003114
loss:  704.7107677554665
loss:  701.8880831291356
loss:  704.5693719418825
loss:  688.3202312212645
loss:  658.0054433000702
loss:  704.8743196951218
loss:  683.8469170387451
loss:  692.3712311279535
loss:  660.064461824358
loss:  703.8212796427096
loss:  693.8889058833955
loss:  704.5794682572507
loss:  681.2878471336655
loss:  702.3566661857285
loss:  701.5246761390532
loss:  700.9047478006828
loss:  704.102704964929
loss:  704.550849935713
loss:  701.2559616983447
loss:  682.2893979807852
loss:  700.0907772747352
loss:  701.5561416674017
loss:  701.2443901238476
loss:  665.0672021376547
loss:  676.8674009884761
loss:  698.4858920747724
loss:  698.4835216169473
loss:  705.6931917805329
loss:  704.2105797427776
loss:  702.8084671196577
loss:  692.0741728584018
loss:  691.4031667227024
loss:  702.6222068344251
loss:  694.7727261285182
loss:  705.6560424597315
loss:  700.5346066083151
loss:  704.4670012123003
loss:  705.5944366264544
loss:  707.4010024172607
loss:  698.2741397572192
loss:  683.3959268511976
loss:  707.3645346007731
loss:  687.7081597642899
loss:  691.0719840892858
loss:  702.7790989150151
loss:  680.6453138417651
loss:  703.276853548375
loss:  703.1331129213128
loss:  688.2840356943203
loss:  706.7120969244143
loss:  704.564033720685
loss:  704.5614581720496
loss:  681.073075756507
loss:  656.9083822678499
loss:  703.6252489017389
loss:  660.2266993856629
loss:  701.7764167820384
loss:  703.88128540932
loss:  705.359062251419
loss:  704.9222700674165
loss:  688.2844621628694
loss:  688.3283315675317
loss:  703.8436404073798
loss:  662.0230362134655
loss:  661.891405478291
loss:  689.9277337723546
loss:  705.1379133849711
loss:  702.9274565238226
loss:  677.4757793713347
loss:  682.5365414185602
loss:  703.4122989589644
loss:  687.8241546529536
loss:  697.9644630314932
loss:  661.8342425764772
loss:  686.6484080912678
loss:  688.3397485526528
loss:  703.7085896246738
loss:  690.1519247375343
loss:  700.5786688487395
loss:  701.7026929608722
loss:  700.0985876537738
loss:  699.9615408400327
loss:  656.9665402256468
loss:  701.9849545115018
loss:  682.4925820702413
loss:  699.8865282840824
loss:  705.2938195312288
loss:  683.2206606475402
loss:  688.5640295779834
loss:  658.5984910810756
loss:  674.3460830127607
loss:  694.1023714635118
loss:  702.4028947481006
loss:  688.0271206555509
loss:  702.9376962551557
loss:  661.9253740345355
loss:  702.6398020009035
loss:  703.3156910871083
loss:  684.1554325859908
loss:  702.5155950063306
loss:  703.1269322205553
loss:  701.8969303866229
loss:  689.5277044909585
loss:  702.9210391890566
loss:  696.7600870651618
loss:  658.2530828380985
loss:  702.8602060646595
loss:  693.4073387848554
loss:  704.1505899060868
loss:  702.833990282645
loss:  701.2334627172567
loss:  705.0025042591884
loss:  699.2184333175064
loss:  690.2283611642363
loss:  691.1827726444121
loss:  674.8069126446172
loss:  697.4006403122418
loss:  657.7409352244866
loss:  681.5669062578839
loss:  697.9909456497523
loss:  683.2463972165588
loss:  705.0596298926826
loss:  697.1135386175523
loss:  684.9100942322566
loss:  683.4058347556884
loss:  694.9926844204574
loss:  701.8856622039333
loss:  702.0858758873476
loss:  696.0329951323444
loss:  705.6069398556241
loss:  701.5595352062654
loss:  689.7744518003965
loss:  704.6421564046668
loss:  703.3303029076548
loss:  705.5707166973679
loss:  681.551292513323
loss:  704.1477968162862
loss:  696.6049608723641
loss:  700.6320189817784
loss:  692.0122748620797
loss:  699.8825190978864
loss:  697.4190886505002
loss:  704.4334370544273
loss:  704.3073204316487
loss:  699.2499774810498
loss:  703.286509296447
loss:  701.3133254648626
loss:  703.6369009672056
loss:  684.1953968956461
loss:  703.8353866706177
loss:  703.613225647245
loss:  664.6788007338656
loss:  683.3915046687571
loss:  705.921110805434
loss:  681.05527047534
loss:  695.9920919428405
loss:  703.3038515192011
loss:  703.3418289540145
loss:  702.4798216712808
loss:  680.9473421530271
loss:  702.3381865534402
loss:  703.930312750636
loss:  684.9748090151488
loss:  702.9083219588124
loss:  661.9694793491983
loss:  698.3523302756911
loss:  701.1550234846567
loss:  700.3096932051736
loss:  675.656185618797
loss:  701.2955588135819
loss:  657.9625029042029
loss:  700.9917339064397
loss:  697.4720609751275
loss:  702.6167101635243
loss:  701.0406683004453
loss:  699.5815525588091
loss:  660.1221894186439
loss:  698.4033271457721
loss:  693.4883315479981
loss:  705.0392121013069
loss:  703.4205409977059
loss:  659.0997564986769
loss:  685.708140030271
loss:  699.2185278339552
loss:  702.5851438482905
loss:  701.5848030401518
loss:  699.9372684911209
loss:  703.1867277437754
loss:  685.4170073350617
loss:  703.6022145104603
loss:  703.7802145797722
loss:  699.2063675885577
loss:  699.1867666392473
loss:  698.5893373992782
loss:  668.2398800064626
loss:  657.1591663323143
loss:  676.3618240626045
loss:  703.4451561287007
loss:  683.3719013892182
loss:  703.3011208637329
loss:  683.704593204288
loss:  700.6290180525937
loss:  675.6630342844114
loss:  683.8015871054329
loss:  703.8267793573567
loss:  683.2010865320324
loss:  697.97905908203
loss:  704.5382898226283
loss:  701.1968983490437
loss:  688.98111885059
loss:  676.7577324923442
loss:  691.9356455328343
loss:  705.0230003885434
loss:  705.2577741584153
loss:  698.8199261088581
loss:  701.611873542225
loss:  679.8104681285965
loss:  705.9585850791757
loss:  688.2205736251728
loss:  704.9202670427371
loss:  701.8484817475002
loss:  688.420346911421
loss:  703.769836376382
loss:  702.0881927115267
loss:  703.841285033621
loss:  702.9021287391698
loss:  702.6106533267233
loss:  703.3325931971596
loss:  657.1384756870276
loss:  703.9058551194574
loss:  689.6870719713197
loss:  657.7158669011362
loss:  702.7115941097934
loss:  703.477795409177
loss:  703.5289938595012
loss:  694.2758434055602
loss:  664.8321661900584
loss:  702.1828941967576
loss:  697.6228548581842
loss:  704.3468533721231
loss:  703.8579175690087
loss:  662.0300326340808
loss:  700.3173520487003
loss:  706.4657771316407
loss:  686.0134377672614
loss:  673.7242605643607
loss:  689.7254643964824
loss:  686.6214018719886
loss:  664.9969012733702
loss:  695.7338133089969
loss:  702.6009687708467
loss:  693.5911670178989
loss:  684.6915107235926
loss:  664.6889752209069
loss:  704.662057335879
loss:  700.57824088668
loss:  701.9288842660981
loss:  701.723233748038
loss:  701.9904560351717
loss:  703.476892403447
loss:  702.9708153845205
loss:  705.6220298437723
loss:  699.8915682768899
loss:  682.1526255573579
loss:  698.8897424559295
loss:  703.8869564772807
loss:  656.8738860198658
loss:  692.0137143954465
loss:  702.8653733327952
loss:  699.0053242791518
loss:  702.4267158763653
loss:  686.5607321168695
loss:  664.9323709617447
loss:  675.7439235772895
loss:  698.9294476520014
loss:  657.7813497152712
loss:  701.022272375171
loss:  703.7131171794679
loss:  685.8040727186329
loss:  658.1434834439411
loss:  697.8731490080495
loss:  658.3638650057646
loss:  700.8666085987875
loss:  657.3037967326288
loss:  700.151545806479
loss:  686.256607215214
loss:  696.5319628651054
loss:  702.730770448715
loss:  703.831443819846
loss:  657.3028775292506
loss:  700.3830736001851
loss:  699.635847384128
loss:  703.8779916099816
loss:  699.284561750466
loss:  698.189409515295
loss:  684.1547718704866
loss:  657.777846750323
loss:  668.9717839399591
loss:  698.5738892302298
loss:  662.4689514530334
loss:  661.9849518305756
loss:  700.9165243996536
loss:  664.3419772584057
loss:  698.6171432943293
loss:  691.2787464902285
loss:  660.1742622883154
loss:  693.6958483451591
loss:  657.6061049693949
loss:  703.815177819494
loss:  682.6385148079937
loss:  690.5490773293541
loss:  702.7815593447646
loss:  694.4562035831395
loss:  684.9304724363728
loss:  684.7869026330338
loss:  700.8134817709132
loss:  698.2500987587674
loss:  702.892941020637
loss:  702.2460461105661
loss:  682.4394528015248
loss:  702.0255847032929
loss:  697.445280836471
loss:  699.6832199104822
loss:  688.8508112727638
loss:  698.8923992611034
loss:  699.3366157467074
loss:  700.5892831416367
loss:  699.6773896787336
loss:  701.5855076897985
loss:  702.5081258559891
loss:  705.6161643825353
loss:  675.932695568061
loss:  657.6497300591303
loss:  664.7984156447839
loss:  704.2065664771336
loss:  700.9364628579899
loss:  698.6411309045914
loss:  658.3353347128483
loss:  699.0091049521694
loss:  661.949361486995
loss:  675.7434536036345
loss:  693.7048650176713
loss:  687.2241253928181
loss:  701.290203457411
loss:  702.7460267239942
loss:  672.1890224211323
loss:  687.0504553562563
loss:  698.1981997674683
loss:  679.1705394132631
loss:  684.5912492784856
loss:  701.5807951653202
loss:  689.611792436268
loss:  699.7272411945918
loss:  699.9405721447503
loss:  701.5907543547297
loss:  700.5806593126413
loss:  702.8350517370149
loss:  700.867308539324
loss:  656.1551294385904
loss:  658.8872951592648
loss:  699.7176232538262
loss:  697.3010707509433
loss:  698.5728725646004
loss:  681.6988541960022
loss:  703.4978801415963
loss:  703.2475315613535
loss:  697.6556729348412
loss:  701.3080711842438
loss:  691.1827802425008
loss:  683.3559702610323
loss:  681.3077633172036
loss:  697.0208880983824
loss:  699.4545308803594
loss:  655.6409710402411
loss:  693.5831870538443
loss:  699.2314353664963
loss:  679.7369035846741
loss:  671.312307187957
loss:  690.8549898988257
loss:  673.8712436463719
loss:  660.7519774424867
loss:  683.7748150097252
loss:  655.5489503532891
loss:  701.2846700180296
loss:  680.9569806814327
loss:  658.5838247796678
loss:  681.0272475060732
loss:  700.4058051499223
loss:  700.2333683607754
loss:  697.8565085277141
loss:  700.6412208121731
loss:  660.7185323643523
loss:  655.9562829868057
loss:  681.1909814352503
loss:  696.8041714075564
loss:  698.2212474187692
loss:  697.2071531464637
loss:  688.7588817990143
loss:  701.3916411640236
loss:  701.0003380848013
loss:  701.9665100645859
loss:  699.1659597970768
loss:  700.8295514590461
loss:  701.0335924860225
loss:  675.8510715699636
loss:  697.9307357027781
loss:  681.544420496485
loss:  699.6603858484676
loss:  704.1540998670657
loss:  655.5249549169849
loss:  662.8773076618468
loss:  702.4564148831076
loss:  655.7963739105929
loss:  696.2366961175961
loss:  675.1270259247144
loss:  684.6385584472067
loss:  699.9748316558839
loss:  699.5221214748976
loss:  655.2986103901065
loss:  702.2212584491773
loss:  655.2802113577276
loss:  660.8547803063134
loss:  698.9464494575382
loss:  702.408564328802
loss:  691.1054746930276
loss:  704.5887146872695
loss:  655.6528691038059
loss:  698.7841232490154
loss:  679.1132550429933
loss:  670.8918167731224
loss:  701.8509707527717
loss:  697.4776102528871
loss:  678.3587691908339
loss:  700.6432375894292
loss:  702.015992346103
loss:  702.2678221538036
loss:  696.7339507015001
loss:  705.2324851011958
loss:  655.9727530496749
loss:  698.6437541059271
loss:  691.3164552535746
loss:  699.6117748225378
loss:  689.1751340892455
loss:  694.5214635120939
loss:  701.0412702979106
loss:  703.3586138794552
loss:  657.5403131898682
loss:  670.09603314017
loss:  700.2059582854531
loss:  687.5260443122286
loss:  693.5156082035091
loss:  673.412282945078
loss:  699.4690704971867
loss:  681.2670572590418
loss:  698.9163361163154
loss:  700.192182179595
loss:  694.4860443582689
loss:  697.0091583815548
loss:  700.3821812675187
loss:  698.2401856335081
loss:  664.0092803692048
loss:  700.2220676692364
loss:  702.161005446128
loss:  686.7876787954006
loss:  690.9671439901405
loss:  680.9943719683039
loss:  700.675862728464
loss:  702.4204294549181
loss:  677.3396766184266
loss:  681.3833872506067
loss:  700.8614596107586
loss:  700.9890767245133
loss:  701.3952998846254
loss:  700.1981661860239
loss:  705.2739186841773
loss:  681.1015888812947
loss:  703.611155096499
loss:  698.7134941379018
loss:  680.6924629520693
loss:  696.6383004327524
loss:  680.6635167612025
loss:  643.308568483039
loss:  638.1958742784949
loss:  687.910620899417
loss:  689.4717402275745
loss:  688.3938446625258
loss:  689.9546568169599
loss:  695.6987569618071
loss:  679.151306278203
loss:  627.8777776833551
loss:  682.2992985620089
loss:  628.331524149144
loss:  683.8307877920317
loss:  641.6432508075551
loss:  638.9466820743206
loss:  632.0460520765951
loss:  634.8021824894639
loss:  620.5012885151896
loss:  673.8739983245507
loss:  683.6179748672602
loss:  666.4253678331968
loss:  671.652239724627
loss:  672.9669350328869
loss:  655.2622343238386
loss:  678.4571304933821
loss:  623.9677349688181
loss:  675.8489387492934
loss:  668.7658920831911
loss:  676.1172428054193
loss:  675.9434391247536
loss:  631.9353364131642
loss:  670.9481911948086
loss:  621.8729439659764
loss:  672.2607889656654
loss:  681.3043246105241
loss:  672.7626090010037
loss:  680.5468955354495
loss:  680.6043488217979
loss:  656.3403501691109
loss:  629.7059459161234
loss:  675.847872932112
loss:  671.8051476624856
loss:  625.0447689133711
loss:  674.8047134999781
loss:  616.8398869624082
loss:  618.618055689474
loss:  610.7987589541068
loss:  666.8219472099363
loss:  611.9312801546138
loss:  617.373130083781
loss:  667.6979698429783
loss:  614.7349249040082
loss:  612.0278888874043
loss:  668.8466711403704
loss:  667.2418742357396
loss:  667.4928149803699
loss:  615.736380249077
loss:  652.0786219342978
loss:  661.9352841671301
loss:  662.8643988563215
loss:  668.2465800593883
loss:  617.1923374849908
loss:  673.6007247842869
loss:  652.53253539932
loss:  610.5112867088424
loss:  664.4605359475293
loss:  663.7235945749866
loss:  640.1376172892229
loss:  662.0245814801573
loss:  650.814000297078
loss:  614.4231732255749
loss:  614.8548898721459
loss:  662.3539925653794
loss:  619.1168017095877
loss:  661.7757104246501
loss:  654.5457106068
loss:  610.9635931024812
loss:  659.4272740228839
loss:  661.8751133442779
loss:  664.8471221016267
loss:  602.3979767982295
loss:  612.7943261445504
loss:  590.8326004490616
loss:  649.378599187913
loss:  648.423946107531
loss:  648.58996484222
loss:  643.3388053365408
loss:  645.7487676997879
loss:  657.1460381771269
loss:  648.5980375813512
loss:  643.2676885477218
loss:  647.6328285609636
loss:  647.8338327527763
loss:  602.8731767387158
loss:  647.7191888340624
loss:  637.41597362242
loss:  594.137987217054
loss:  640.2637102395207
loss:  634.1189210399131
loss:  639.1720863734462
loss:  591.3320880406725
loss:  651.1512298032279
loss:  568.696555339193
loss:  570.5908315838583
loss:  566.579504731136
loss:  635.6836249684018
loss:  611.2400840740474
loss:  627.8051502110304
loss:  630.2075082099134
loss:  609.8804215506784
loss:  620.4651171922454
loss:  619.2335529887582
loss:  635.7145997115529
loss:  574.3080788141958
loss:  632.5441450026967
loss:  564.4844709702691
loss:  563.0904070665856
loss:  623.7235709289417
loss:  626.1250851494998
loss:  613.5999165583538
loss:  620.6942769317188
loss:  627.1482208832022
loss:  553.2073172455217
loss:  548.6096363677865
loss:  603.1985390262887
loss:  549.1450694545539
loss:  614.2938836734286
loss:  612.2311171970355
loss:  548.2652499806192
loss:  610.2243925119798
loss:  605.2499149079327
loss:  602.8036333232948
loss:  547.7758085127076
loss:  611.3248835141295
loss:  548.3219098348508
loss:  547.1935697670395
loss:  551.6984935803193
loss:  548.1109457354698
loss:  539.5880225673125
loss:  598.8617341447061
loss:  543.8212905266489
loss:  574.3060203903741
loss:  548.7433393980791
loss:  605.6884696735124
loss:  598.7692657289439
loss:  541.2879011376227
loss:  528.9995750292153
loss:  530.8007416033453
loss:  577.5128926087104
loss:  529.3496755061193
loss:  568.4231565776519
loss:  525.7370351739221
loss:  525.0798747809945
loss:  580.0342590500472
loss:  535.4120394342243
loss:  577.5036509185937
loss:  584.8384775172877
loss:  524.6496008815037
loss:  578.0917648251469
loss:  595.2468274710056
loss:  514.3219800363207
loss:  522.6569152923593
loss:  501.8387376852661
loss:  505.86969389206297
loss:  570.3609571849084
loss:  557.28454734608
loss:  557.4175745553641
loss:  497.9326660249465
loss:  476.0695972497062
loss:  527.9022047695839
loss:  537.7294756965379
loss:  476.96824858075144
loss:  472.08970198748415
loss:  439.45486575836725
loss:  496.2665590631199
loss:  487.56579733855165
loss:  490.0107429281792
loss:  441.3457459463684
loss:  494.38384521557066
loss:  445.60262175211886
loss:  467.83867712209644
loss:  504.63053330487776
loss:  496.8868811880683
loss:  493.15777051360783
loss:  496.1400871027932
loss:  490.0702143500545
loss:  478.4181385776618
loss:  490.8318114436362
loss:  484.88177258162267
loss:  470.4955570593141
loss:  484.8628865143746
loss:  458.6175949797363
loss:  502.8297092036722
loss:  499.37692034644346
loss:  500.38911730359365
loss:  442.7763579822612
loss:  502.74329543739134
loss:  448.13512898005973
loss:  498.610845861274
loss:  478.36451398323175
loss:  507.4619276572391
loss:  499.9407675942881
loss:  439.2118870061985
loss:  445.4366021046826
loss:  440.8068098586441
loss:  504.2571143302249
weights:  [0.00059529 0.0002443  0.00048968 ... 0.0006164  0.00089022 0.00014857]
cy dot constraint : -10.766988152244418
Optimization problem did not converge.. Check the solution returned by the optimizer.
Returned solution is:
     fun: 439.2118870061985
   maxcv: 10.767088152244417
 message: 'Did not converge to a solution satisfying the constraints. See `maxcv` for magnitude of violation.'
    nfev: 900
  status: 4
 success: False
       x: array([0.00059529, 0.0002443 , 0.00048968, ..., 0.0006164 , 0.00089022,
       0.00014857])
Train data:
------------
Train accuracy :  0.7261428571428571
Total data points: 7000
# non-protected examples: 4699
# protected examples: 2301
Non-protected in positive class: 1700 (36%)
Protected in positive class: 502 (22%)
P-rule is: 60%

Test data: 
------------
Test accuracy :  0.7113333333333334
Total data points: 3000
# non-protected examples: 2055
# protected examples: 945
Non-protected in positive class: 776 (38%)
Protected in positive class: 225 (24%)
P-rule is: 63%
------------------------------------------------------------------------
------------------------------------------------------------------------
