iter:  600.0 , lambda:  1 , alpha:  0.4444444444444444 , kernel: rbf method:  cobyla , catol:  0.0001 batches:  100
x_init:  [0.00046068 0.00031412 0.00054622 ... 0.00022137 0.00045322 0.00081812]
loss:  878.334261778185
loss:  937.6413095559964
loss:  936.342980537754
loss:  939.6308691133074
loss:  929.7440204425429
loss:  934.7071758096725
loss:  943.6066783730262
loss:  944.5998938411813
loss:  905.4333930310626
loss:  879.128746825077
loss:  943.3602710603869
loss:  879.2840603060889
loss:  944.3650176280232
loss:  930.7934744001429
loss:  924.4822508332961
loss:  939.1853674271414
loss:  909.6866084908133
loss:  944.2357451417114
loss:  940.915485585148
loss:  945.3453883543201
loss:  941.2418267874463
loss:  943.3250702366047
loss:  880.4243953958927
loss:  877.9028017725254
loss:  941.6937491186748
loss:  943.4503439133524
loss:  905.6265957881146
loss:  938.6040352089371
loss:  904.966693828383
loss:  943.2057500884549
loss:  928.919364102313
loss:  930.9993123240229
loss:  938.0210469356982
loss:  933.7580800351961
loss:  928.8005441811289
loss:  886.7697585105022
loss:  878.831419521031
loss:  934.3913622264156
loss:  897.8788157683184
loss:  941.9787612363997
loss:  884.9978366808921
loss:  942.8131014917157
loss:  923.5431327252068
loss:  931.19881850761
loss:  946.4804039127417
loss:  943.3067505571095
loss:  940.1619967961019
loss:  933.2023242608697
loss:  940.2098353164608
loss:  921.3691705201821
loss:  939.4887086037178
loss:  943.7098367826791
loss:  939.969293052721
loss:  940.6218345383959
loss:  915.0921809718759
loss:  897.9881075711018
loss:  879.4375821165687
loss:  938.1514646715859
loss:  942.3392060733863
loss:  944.5200707916035
loss:  914.8791235216116
loss:  882.1037157699757
loss:  878.2334430927564
loss:  938.3576174765207
loss:  939.5108957215677
loss:  904.3852962448082
loss:  878.3394561533157
loss:  943.2703976221076
loss:  943.3534090719002
loss:  943.5206401044401
loss:  938.6058618928535
loss:  943.3372526030915
loss:  931.6972811866974
loss:  938.9518402667312
loss:  939.5198683891936
loss:  942.1318677888339
loss:  881.4449486782862
loss:  914.9670499056325
loss:  944.9690254263219
loss:  937.9643040104747
loss:  942.7728095085907
loss:  941.1545030928562
loss:  912.1326359038485
loss:  886.5850558957436
loss:  943.3128077543001
loss:  943.4056992511906
loss:  879.1727764849569
loss:  942.3139717266631
loss:  942.5259083964753
loss:  941.5622115392291
loss:  937.7161137527446
loss:  943.3856858844243
loss:  909.7978523281153
loss:  914.3788604681897
loss:  943.9904272662276
loss:  912.1401366329902
loss:  939.5938256668311
loss:  939.7379898339252
loss:  942.549465835343
loss:  943.0681815074689
loss:  943.3383477709715
loss:  930.0384765591483
loss:  942.8535790008232
loss:  897.7450403585954
loss:  934.8142312848508
loss:  943.4044637810562
loss:  922.4160456407557
loss:  943.3692131500158
loss:  943.180901524111
loss:  946.0375613588749
loss:  938.1811829339593
loss:  941.8899029364176
loss:  886.7562559234831
loss:  939.4735038678064
loss:  938.4305487333364
loss:  937.4795478721944
loss:  942.6638653520087
loss:  942.7765775511776
loss:  937.189554879984
loss:  943.3068863965577
loss:  934.8618680524365
loss:  933.3120805217978
loss:  937.2752711918833
loss:  905.3558110678573
loss:  918.7249069079139
loss:  941.8449856639078
loss:  946.0085561544797
loss:  943.3323387566594
loss:  940.4660635462196
loss:  932.2025020296448
loss:  937.1232102139527
loss:  928.8445314641818
loss:  929.4422964661952
loss:  932.108856815573
loss:  946.4983319009654
loss:  888.4116306416051
loss:  943.3922547224518
loss:  937.4417351084516
loss:  889.1682135110838
loss:  941.0782637264318
loss:  938.2192311022895
loss:  911.2988367740569
loss:  935.64582156952
loss:  941.9839291194764
loss:  942.2380585171741
loss:  937.0240267558397
loss:  938.2481252043442
loss:  935.5149717086927
loss:  943.6118869870895
loss:  942.7649062477595
loss:  933.7886056150813
loss:  915.3276100323244
loss:  945.5089186190761
loss:  938.0109052406658
loss:  910.1378412374719
loss:  936.8472105961669
loss:  940.1741856672041
loss:  938.1536480284503
loss:  940.8154350820935
loss:  938.1270071285725
loss:  935.572907781251
loss:  942.7062754601426
loss:  942.2175867671866
loss:  929.4383438236848
loss:  922.2174067121658
loss:  943.1606420764816
loss:  939.9582758143288
loss:  882.5903288161736
loss:  941.9386364597517
loss:  932.1220564538145
loss:  916.9697889471348
loss:  944.1691847250863
loss:  939.8923954493958
loss:  944.3976614672539
loss:  914.8342087334192
loss:  941.9613706258568
loss:  894.6692690765026
loss:  940.7881368225397
loss:  939.5730509379496
loss:  912.435319395291
loss:  941.8993961806909
loss:  923.0003567430746
loss:  935.5625651550605
loss:  936.7041581402361
loss:  922.9936168604358
loss:  943.0180109643129
loss:  939.1671686751997
loss:  940.2816476626995
loss:  913.1054865013388
loss:  932.2224112277535
loss:  939.5554360386718
loss:  937.2428574425597
loss:  938.214475299272
loss:  938.5500155297838
loss:  923.786750911837
loss:  904.9638170732284
loss:  941.9784933599367
loss:  878.7235282890792
loss:  943.315164102735
loss:  938.6860823610908
loss:  936.7573370227208
loss:  933.5495295873798
loss:  937.198375252402
loss:  941.083545223577
loss:  921.8664902289447
loss:  912.7722216568774
loss:  923.5407599492381
loss:  943.1088935481353
loss:  941.2765988414584
loss:  934.9821528080219
loss:  932.0040767931387
loss:  938.4686448364275
loss:  914.9753482827015
loss:  886.2345782719168
loss:  943.350794753002
loss:  939.5439376290398
loss:  943.159343103897
loss:  915.3524400286007
loss:  879.0684582177461
loss:  943.5811303614761
loss:  909.3251508852834
loss:  926.9558088329037
loss:  881.5203533177081
loss:  942.2082714322105
loss:  928.8476131243143
loss:  943.2035458552739
loss:  905.9245221291861
loss:  940.1986575418853
loss:  939.163839402111
loss:  938.2231791471982
loss:  942.5682112395934
loss:  943.1678804392504
loss:  938.694514742759
loss:  913.3748653093055
loss:  937.1320332192629
loss:  939.0981470212248
loss:  938.6793770319248
loss:  889.0251805149879
loss:  900.090951037896
loss:  934.9794048851102
loss:  934.9763155025726
loss:  944.6493610671348
loss:  942.6716080468352
loss:  940.7436820067612
loss:  926.4322623988019
loss:  925.554688634937
loss:  940.6182978232677
loss:  930.0325915233349
loss:  944.5692209012257
loss:  937.7267331415663
loss:  943.019786271899
loss:  944.5699091766483
loss:  946.92886316147
loss:  934.7645711807521
loss:  908.7168570392446
loss:  946.8798253418205
loss:  920.613870442548
loss:  925.088886518513
loss:  940.7822130545923
loss:  905.1284934601547
loss:  941.4108161543402
loss:  941.2122740885465
loss:  915.2773038030006
loss:  945.9977568159168
loss:  943.1523335426391
loss:  943.1796310510924
loss:  905.6368633513116
loss:  877.6721151029158
loss:  942.0445273884396
loss:  882.3815115122376
loss:  939.5476013887235
loss:  942.3469225238997
loss:  944.374687470476
loss:  943.7874921475677
loss:  915.4748183144246
loss:  915.5380661683674
loss:  942.3569585546993
loss:  884.8445325111137
loss:  884.6694552768648
loss:  917.6727303537525
loss:  944.065161020434
loss:  941.0983040421545
loss:  901.1154217829774
loss:  907.7679049157902
loss:  941.7544713263053
loss:  914.8398738779291
loss:  934.4305467818265
loss:  884.5929075096965
loss:  919.4395505152105
loss:  915.5797329885701
loss:  942.1621084591449
loss:  924.0249676354119
loss:  937.9385892546453
loss:  939.4768831676496
loss:  937.2805279436166
loss:  937.1663380609506
loss:  877.8631719942283
loss:  939.7909107186837
loss:  907.7099408018104
loss:  937.0093849226176
loss:  944.2409100177658
loss:  908.7149460430635
loss:  921.8940095058349
loss:  879.9262291803991
loss:  897.0060159826523
loss:  929.3369535922396
loss:  940.3891488974396
loss:  915.1187813339815
loss:  941.1123392555442
loss:  884.7144531985194
loss:  940.7781930935425
loss:  941.6697062822345
loss:  909.9244228742838
loss:  940.5425368280316
loss:  941.3674693538969
loss:  939.7083187757299
loss:  923.2367139254877
loss:  941.068843794812
loss:  932.8158457923561
loss:  879.7153879766521
loss:  941.0689283391941
loss:  928.3512933386725
loss:  942.7237533452562
loss:  941.0277035414733
loss:  938.8172125430855
loss:  943.8820861429323
loss:  936.1118523070475
loss:  924.2291805132008
loss:  925.4093242008955
loss:  897.5207205188742
loss:  933.7848824510309
loss:  878.7320168135412
loss:  906.4812754403561
loss:  934.4656446390196
loss:  914.7905686087706
loss:  943.961381912594
loss:  933.30434579448
loss:  917.0758353081585
loss:  908.9248734113038
loss:  930.4775361866292
loss:  939.655289205364
loss:  939.96372587366
loss:  931.7855987987009
loss:  944.6763254400471
loss:  939.255592218961
loss:  923.5182569178062
loss:  943.3708475106813
loss:  941.6453725291589
loss:  944.6349537933439
loss:  912.5269663172867
loss:  942.6928641101108
loss:  932.6075329460521
loss:  938.0096471537336
loss:  926.5937826814564
loss:  937.0038973810287
loss:  933.6990067475637
loss:  943.0932063604002
loss:  942.9943277262428
loss:  936.1985388504945
loss:  941.5834436561554
loss:  939.0171035175385
loss:  942.0600887198372
loss:  909.9862984811266
loss:  942.3145411832114
loss:  942.0285591814552
loss:  888.6086601046588
loss:  908.9059212205152
loss:  945.1275299249846
loss:  905.8075021745802
loss:  931.7860615408534
loss:  941.6540461774161
loss:  941.6570446414479
loss:  940.4956152974386
loss:  905.6658017370241
loss:  940.3031840078021
loss:  942.4663805846583
loss:  911.0165366998164
loss:  941.1425648022225
loss:  884.7730917476094
loss:  934.9510398475901
loss:  938.809903609757
loss:  937.5764468239136
loss:  898.6552211654388
loss:  938.8859771301402
loss:  879.0712188441399
loss:  938.5861163840758
loss:  933.8799727202174
loss:  940.6800788149308
loss:  938.5570146836501
loss:  936.6955866238486
loss:  882.2424133268569
loss:  935.0189283945365
loss:  928.4800839836835
loss:  943.892148144922
loss:  941.7412234416197
loss:  880.8430090859905
loss:  912.0233021687712
loss:  936.11203123205
loss:  940.6349062096181
loss:  939.3658248924679
loss:  937.0909794490656
loss:  941.4469433606234
loss:  911.6066627409349
loss:  942.0621269931083
loss:  942.2752265382627
loss:  936.0960203754739
loss:  936.1912810793935
loss:  935.3086591845342
loss:  888.8716343794853
loss:  878.0904220675783
loss:  899.6012080846342
loss:  941.8016191981915
loss:  908.920338378618
loss:  941.6503799372183
loss:  909.3245732247138
loss:  938.0056333619108
loss:  898.6640672771335
loss:  909.5206896449503
loss:  942.3344113579656
loss:  908.657273366328
loss:  934.4500324444995
loss:  943.2964480956834
loss:  938.7759904242577
loss:  922.4536140014036
loss:  900.1340200574202
loss:  926.3955524831366
loss:  943.9157840406261
loss:  944.2049139724292
loss:  935.5775408535939
loss:  939.3987369179713
loss:  904.1814776193527
loss:  945.1542831834456
loss:  915.3972073074242
loss:  943.7485929087987
loss:  939.6438339764369
loss:  915.6702151124094
loss:  942.261589230903
loss:  939.9668520304062
loss:  942.3384035154947
loss:  941.1254391149797
loss:  940.7344673390124
loss:  941.6580724623132
loss:  877.8846870599859
loss:  942.4395047947638
loss:  917.3444877602699
loss:  878.8005199103303
loss:  940.7753957717615
loss:  941.8414723392875
loss:  941.9130637437311
loss:  929.6383109977934
loss:  888.8282410783107
loss:  940.0670780560027
loss:  934.0566028927557
loss:  942.9609942882261
loss:  942.3669999148034
loss:  884.853845199189
loss:  937.5866070840806
loss:  945.8416332732188
loss:  912.4047792445269
loss:  896.1367588995917
loss:  923.452933132501
loss:  913.2377176293148
loss:  889.0499619254557
loss:  931.4959814433577
loss:  940.639095039943
loss:  928.7169971769646
loss:  916.8235930834262
loss:  888.621930343576
loss:  943.4049333902835
loss:  937.9380184669203
loss:  939.7287886646366
loss:  939.458901041881
loss:  939.8185761105367
loss:  941.8402479193318
loss:  941.1119610686545
loss:  944.7220156884204
loss:  937.0161320604601
loss:  907.2774118168999
loss:  935.781271171328
loss:  942.3545750441074
loss:  877.6947748704529
loss:  927.7531199840565
loss:  942.3243227193882
loss:  937.115284136072
loss:  941.7323735772189
loss:  914.7980428980592
loss:  888.860084772583
loss:  900.3042989747167
loss:  937.0403582673391
loss:  879.0998688634386
loss:  939.8044253808919
loss:  943.4379129943362
loss:  913.7740610073623
loss:  879.5838092517253
loss:  935.5886430727398
loss:  879.6882960514738
loss:  939.6282856048681
loss:  878.3310204828426
loss:  938.6933395878237
loss:  914.3647275983594
loss:  933.7764600672889
loss:  942.142269535282
loss:  943.5976955767214
loss:  878.3298222206766
loss:  938.9739745480034
loss:  937.9681826563656
loss:  943.5611962626859
loss:  937.4938589327824
loss:  936.0159061899413
loss:  911.5878197748722
loss:  878.9341509682934
loss:  891.1527810339004
loss:  936.54147741318
loss:  884.7784972332131
loss:  884.7589563050661
loss:  939.707477075327
loss:  887.1307283568215
loss:  936.6384975808859
loss:  926.7632832185819
loss:  882.3063115332839
loss:  929.9995535947157
loss:  878.6388761384212
loss:  943.4758155702865
loss:  909.493418970777
loss:  925.8401102765692
loss:  942.2132252859476
loss:  931.039798836778
loss:  912.6465189359899
loss:  912.3962741805194
loss:  939.554652720088
loss:  936.09767609928
loss:  942.3637515980353
loss:  941.4905651086291
loss:  914.9001370571889
loss:  941.1873545988024
loss:  935.0105991442922
loss:  938.0300470689558
loss:  923.5253407687375
loss:  936.9955421134116
loss:  937.5644954492686
loss:  939.2542717454352
loss:  938.0236520704354
loss:  940.5985511504217
loss:  941.8428669352919
loss:  945.9094019940865
loss:  900.6046565839938
loss:  878.7855886849704
loss:  888.682615033021
loss:  944.0352647815079
loss:  939.7208275309234
loss:  936.6249351086387
loss:  879.8388161856759
loss:  937.1215277468095
loss:  884.7118460688689
loss:  900.3032582176209
loss:  929.9827933347694
loss:  921.3262446581026
loss:  940.1993941742566
loss:  942.164707779713
loss:  895.5894455012794
loss:  915.4629752413451
loss:  936.0275212558555
loss:  904.8744296839411
loss:  917.7833678642655
loss:  940.5902999964891
loss:  924.537455510348
loss:  938.0240943657403
loss:  938.3749256622601
loss:  940.6054802801305
loss:  939.2428602853186
loss:  942.285590820217
loss:  939.6292283644497
loss:  876.8786507739762
loss:  880.366054689272
loss:  938.2579811653402
loss:  935.0589557964632
loss:  936.7113767984664
loss:  908.5211076811871
loss:  943.3088710728384
loss:  942.987708432343
loss:  935.4705656794983
loss:  940.4037913649818
loss:  926.798723776568
loss:  910.7108221830041
loss:  907.8981691481501
loss:  934.6185034775077
loss:  937.9029362595536
loss:  876.3599505543806
loss:  930.2353360900132
loss:  937.8021729914961
loss:  905.8536546144738
loss:  894.7509491782838
loss:  926.587773826376
loss:  898.2079953507689
loss:  883.4466965948614
loss:  911.4483366118867
loss:  876.4131486670592
loss:  940.5010660432772
loss:  913.2214798883875
loss:  880.6337010124578
weights:  [0.00046068 0.00031412 0.00054622 ... 0.00022137 0.00045322 0.00081812]
cy dot constraint : -5.821693518924022
Optimization problem did not converge.. Check the solution returned by the optimizer.
Returned solution is:
     fun: 876.3599505543806
   maxcv: 5.8217935189240215
 message: 'Did not converge to a solution satisfying the constraints. See `maxcv` for magnitude of violation.'
    nfev: 600
  status: 4
 success: False
       x: array([0.00046068, 0.00031412, 0.00054622, ..., 0.00022137, 0.00045322,
       0.00081812])
Train data:
------------
Train accuracy :  0.7778571428571428
Total data points: 7000
# non-protected examples: 4699
# protected examples: 2301
Non-protected in positive class: 684 (15%)
Protected in positive class: 204 (9%)
P-rule is: 61%

Test data: 
------------
Test accuracy :  0.7733333333333333
Total data points: 3000
# non-protected examples: 2055
# protected examples: 945
Non-protected in positive class: 303 (15%)
Protected in positive class: 98 (10%)
P-rule is: 70%
------------------------------------------------------------------------
------------------------------------------------------------------------
