iter:  600.0 , lambda:  1 , alpha:  0.0 , kernel: rbf method:  cobyla , catol:  0.0001 batches:  100
x_init:  [1.58421131e-05 8.46499331e-04 8.32054085e-04 ... 2.17477247e-04
 1.04969509e-04 6.60110882e-04]
loss:  -1.8465479029983518
loss:  -0.5697725847079105
loss:  -0.5806581516181022
loss:  -0.557493393953632
loss:  -0.6002557134422357
loss:  -0.5926602888842143
loss:  -0.6336718115091564
loss:  -0.5691956367684328
loss:  -4.035787747456305
loss:  -4.532144824805073
loss:  -4.197055442092649
loss:  -5.034553821873658
loss:  -4.739749951604394
loss:  -4.652444969162236
loss:  -4.6427119999979745
loss:  -4.644225559631952
loss:  -6.278153374793712
loss:  -7.023228400846605
loss:  -6.885622643224888
loss:  -6.678741729591562
loss:  -6.64005850124705
loss:  -6.681357974764699
loss:  -7.51569116035073
loss:  -8.011483496092222
loss:  -7.653749845333632
loss:  -7.741693441342767
loss:  -9.209389868099795
loss:  -9.726040748020967
loss:  -10.816774379809576
loss:  -11.622543314719232
loss:  -11.091610297158923
loss:  -11.509975108988344
loss:  -11.268525490939165
loss:  -11.02119442279752
loss:  -11.641559426400288
loss:  -12.123496522171259
loss:  -11.73866275346803
loss:  -10.76116848799435
loss:  -14.111931838262857
loss:  -13.757245634105729
loss:  -14.574173765923009
loss:  -14.267721996259509
loss:  -13.981679408200073
loss:  -14.158951370248616
loss:  -14.543230436195383
loss:  -14.783094702880728
loss:  -13.58458116215871
loss:  -13.520696668566655
loss:  -13.583862019592264
loss:  -13.565414816986614
loss:  -13.537774558669147
loss:  -13.584972884560301
loss:  -13.539246071973224
loss:  -13.867208514991134
loss:  -16.938271503698765
loss:  -17.90148472049763
loss:  -18.397380716810854
loss:  -19.153626577739146
loss:  -18.896134982694736
loss:  -18.922530977446606
loss:  -18.665242546984636
loss:  -19.630861949366796
loss:  -19.60585768826383
loss:  -19.5034758624751
loss:  -19.756937371319257
loss:  -21.811746434732946
loss:  -22.30252802984443
loss:  -22.151059867200804
loss:  -22.15021790000413
loss:  -22.19425337609766
loss:  -22.046811925595044
loss:  -22.163480592278987
loss:  -21.946788663296882
loss:  -22.30764105850636
loss:  -21.182278279071475
loss:  -21.22126636229484
loss:  -23.350971402403395
loss:  -25.47490841752322
loss:  -25.642813298882327
loss:  -24.93106769736585
loss:  -24.658934664863768
loss:  -24.627215035234748
loss:  -27.65043021630521
loss:  -27.137994313083595
loss:  -27.639218547790833
loss:  -27.628158142124793
loss:  -28.152142657948396
loss:  -28.17721852406128
loss:  -27.195229132614017
loss:  -27.22168200634502
loss:  -27.286018944674808
loss:  -27.18324145220634
loss:  -30.168432622183953
loss:  -31.144177307512273
loss:  -32.10125266752736
loss:  -33.056112820479456
loss:  -34.15642339020031
loss:  -34.21572898437741
loss:  -33.35776310769578
loss:  -33.34461452528072
loss:  -33.43193400791526
loss:  -33.482820993696095
loss:  -33.33881441539636
loss:  -36.13860094070043
loss:  -36.21656514079897
loss:  -35.325598915726125
loss:  -35.31439414892035
loss:  -35.36294687965284
loss:  -35.34936668363416
loss:  -35.37522470280523
loss:  -35.38590523508511
loss:  -35.338119959181356
loss:  -35.7053627823786
loss:  -35.31431304516704
loss:  -35.41029499581422
loss:  -35.360912063680544
loss:  -35.32089876179941
loss:  -35.3745401781577
loss:  -35.32684346888947
loss:  -35.339248017774764
loss:  -35.33381946443487
loss:  -35.324994132380745
loss:  -35.3064634757063
loss:  -38.00282665025329
loss:  -37.92776148966811
loss:  -38.0662201528881
loss:  -37.243842944551574
loss:  -37.179141349228864
loss:  -37.22923956331044
loss:  -37.810457149315084
loss:  -37.2901833298648
loss:  -37.256423267208575
loss:  -37.247380481349836
loss:  -37.132809129873166
loss:  -37.318282753051946
loss:  -37.97786047790778
loss:  -37.16955658798631
loss:  -37.70329588795396
loss:  -37.95720400125205
loss:  -37.212797128506615
loss:  -37.256246982744855
loss:  -39.97495735555762
loss:  -40.13102032094148
loss:  -39.268764285369386
loss:  -39.58402639357126
loss:  -39.260267702490104
loss:  -39.23589808287166
loss:  -39.31081469600278
loss:  -39.32335267225686
loss:  -39.300473651403316
loss:  -39.19150737195125
loss:  -41.97676865769865
loss:  -42.1361808017118
loss:  -41.234205844893964
loss:  -43.945347336372485
loss:  -44.04884892170796
loss:  -43.50739313529119
loss:  -43.44727535859161
loss:  -43.343166083139835
loss:  -43.44227529117052
loss:  -43.434768896659826
loss:  -43.285668775593436
loss:  -43.191412977546356
loss:  -43.387514927954186
loss:  -43.33510817665027
loss:  -43.28109780830635
loss:  -43.27640565376752
loss:  -44.525265793263664
loss:  -43.81155392989819
loss:  -43.89672286349614
loss:  -43.792287340074
loss:  -43.746865015980305
loss:  -43.86300620280888
loss:  -43.711810699241916
loss:  -46.254596028706914
loss:  -46.511425189007824
loss:  -48.10845443495974
loss:  -48.35186439616179
loss:  -47.58735025940855
loss:  -50.12954234433797
loss:  -50.3531227739575
loss:  -49.436330211255665
loss:  -49.588002693377355
loss:  -49.54041006812739
loss:  -49.42876559552286
loss:  -49.49485237336712
loss:  -49.55526046006313
loss:  -49.58495286247052
loss:  -52.122677971481515
loss:  -52.19708912874873
loss:  -51.40950014855557
loss:  -51.374509315672455
loss:  -51.39040977207093
loss:  -51.667153587162986
loss:  -51.19606523953867
loss:  -53.915112312243515
loss:  -54.112761200427975
loss:  -55.0975613155412
loss:  -54.382747484960944
loss:  -54.202326840484105
loss:  -54.1812422586615
loss:  -54.463645784983456
loss:  -54.18716742239028
loss:  -54.23562023076606
loss:  -53.971493123456554
loss:  -56.83539625564012
loss:  -56.62978339649291
loss:  -57.027582811596844
loss:  -56.382163792543295
loss:  -56.08701403489862
loss:  -56.02454403076787
loss:  -56.20785115074209
loss:  -58.82861572384691
loss:  -60.30995138455712
loss:  -60.50775642409883
loss:  -59.6368523105179
loss:  -59.742726784495204
loss:  -62.34725306139944
loss:  -62.37016376437478
loss:  -62.55767752865071
loss:  -64.3287411401094
loss:  -64.30608778234192
loss:  -64.79688739828063
loss:  -65.00753638922907
loss:  -64.10509362103957
loss:  -64.21386137456915
loss:  -66.60640082218337
loss:  -66.6969012377463
loss:  -65.9546567180963
loss:  -65.8633186274642
loss:  -65.82799972105597
loss:  -65.91900712663393
loss:  -65.86497180717531
loss:  -65.52623121604933
loss:  -65.91269939676465
loss:  -65.91609897614853
loss:  -65.87703585992091
loss:  -67.24924860786902
loss:  -68.65379858963118
loss:  -68.74973771758737
loss:  -67.84622950330926
loss:  -68.03411404198184
loss:  -67.9181978813821
loss:  -68.30269843073353
loss:  -67.58454002634066
loss:  -67.5658602614946
loss:  -68.14252229968854
loss:  -67.67338691824146
loss:  -68.34235600391877
loss:  -67.8746964630591
loss:  -67.93012520899592
loss:  -68.29927965047976
loss:  -68.38645675564432
loss:  -67.65283303782547
loss:  -70.49674333170654
loss:  -71.06157548539218
loss:  -69.85468243315023
loss:  -69.89085277628784
loss:  -70.14726638129873
loss:  -72.54003881299172
loss:  -72.66811376734469
loss:  -71.81236074626585
loss:  -74.47850770555192
loss:  -74.89504090578751
loss:  -74.09167647237581
loss:  -74.19027627611867
loss:  -76.40960364987411
loss:  -76.9050882809614
loss:  -77.08757892104173
loss:  -76.56949589970546
loss:  -76.17435087136212
loss:  -76.40338128839927
loss:  -76.44450432495269
loss:  -76.38293277795457
loss:  -78.88922658439913
loss:  -79.69652848508929
loss:  -80.89213928521102
loss:  -80.35580410193009
loss:  -80.39076311302603
loss:  -81.76366528272911
loss:  -83.00899895575883
loss:  -83.14791478777384
loss:  -84.51919569634622
loss:  -85.4007265046325
loss:  -86.50983768716284
loss:  -87.39615605721099
loss:  -88.46253956562249
loss:  -87.94314281145768
loss:  -88.15689231255973
loss:  -89.38419028387936
loss:  -90.58071619995224
loss:  -90.28967174148094
loss:  -90.73808080128244
loss:  -89.76510294574615
loss:  -89.98500941229491
loss:  -89.70507960659567
loss:  -91.11902747864113
loss:  -91.07201916751117
loss:  -92.84947222515287
loss:  -92.91787350060872
loss:  -92.40885904494598
loss:  -94.56369983271074
loss:  -94.08328421607916
loss:  -95.05364639619945
loss:  -95.82691930466316
loss:  -96.36924600694948
loss:  -96.31764301975647
loss:  -97.31350672534364
loss:  -98.33592941208505
loss:  -97.80321829320856
loss:  -98.65671374673805
loss:  -97.92410498668421
loss:  -100.35577551106806
loss:  -100.30169363509886
loss:  -100.38152870806539
loss:  -99.33435908740267
loss:  -98.88379611958757
loss:  -99.51082412941507
loss:  -99.05533995177898
loss:  -101.71767045066332
loss:  -101.03489046398926
loss:  -100.30517155859314
loss:  -100.85446846508007
loss:  -101.10589709560158
loss:  -100.5962064138936
loss:  -100.96373637447135
loss:  -100.55880951799672
loss:  -100.72906871767528
loss:  -100.2445213546777
loss:  -102.99318965060316
loss:  -102.83853722836282
loss:  -103.41081597700511
loss:  -104.03343488247208
loss:  -104.60848453169244
loss:  -103.41457245435086
loss:  -104.88002559823121
loss:  -103.43845272236383
loss:  -103.22815456023362
loss:  -106.54589942554483
loss:  -105.81064515158762
loss:  -106.69702008870121
loss:  -105.57073221907939
loss:  -107.23381136123724
loss:  -105.86390678961328
loss:  -105.35775498658944
loss:  -104.9687952596395
loss:  -105.6182691796384
loss:  -105.68611434667297
loss:  -105.8214548012704
loss:  -104.81288387808145
loss:  -105.74102516636215
loss:  -105.04841732487876
loss:  -105.33017075589959
loss:  -105.84390815687026
loss:  -105.3598356893437
loss:  -105.0476252750044
loss:  -105.59060456181217
loss:  -106.18872139939772
loss:  -105.39143242186653
loss:  -105.5916008838872
loss:  -106.23341549771835
loss:  -105.67305105064868
loss:  -109.63318731893273
loss:  -108.99642065578489
loss:  -109.05016715977123
loss:  -109.17216077156837
loss:  -110.88413568613487
loss:  -111.72483876666314
loss:  -112.91496703836002
loss:  -112.47729257148461
loss:  -113.69866704830488
loss:  -113.07772901804132
loss:  -113.01292628647292
loss:  -114.82814418822335
loss:  -115.00197168206567
loss:  -114.60585694888641
loss:  -116.33633653771977
loss:  -117.64248678731646
loss:  -117.12525156518805
loss:  -116.68556963685079
loss:  -117.71668365007437
loss:  -115.93193511215573
loss:  -119.74213248588102
loss:  -118.98835352918726
loss:  -120.01254274131597
loss:  -119.86278679619139
loss:  -119.55410428544391
loss:  -119.2762426120129
loss:  -119.2158245812763
loss:  -119.63026368906141
loss:  -119.50607577241942
loss:  -119.07015082979518
loss:  -118.85676812842229
loss:  -119.74610055833995
loss:  -119.39090643820863
loss:  -120.49749357467704
loss:  -121.88801068619047
loss:  -121.94237303078319
loss:  -121.24360115869943
loss:  -121.72003473158034
loss:  -121.06043995698185
loss:  -121.36386487361872
loss:  -123.25117184992075
loss:  -124.35988671065772
loss:  -124.22312583546778
loss:  -123.532419573892
loss:  -124.50878812616897
loss:  -122.86954925286526
loss:  -126.03697249523857
loss:  -126.30062538557664
loss:  -127.3359114327734
loss:  -127.90441254910255
loss:  -129.26224161357163
loss:  -130.01963019417786
loss:  -131.17557368890803
loss:  -131.38062279077982
loss:  -132.22835508796044
loss:  -132.63965132769803
loss:  -134.35721782199226
loss:  -134.50275806478993
loss:  -135.42945982550788
loss:  -136.3514585929737
loss:  -135.54002483741334
loss:  -134.78809502098264
loss:  -137.22602395377092
loss:  -136.5814849860208
loss:  -138.04712911296338
loss:  -137.87701209450626
loss:  -137.09714945399074
loss:  -137.5784659902471
loss:  -138.91779781118785
loss:  -139.8086822587014
loss:  -141.40581151488328
loss:  -142.18104348164536
loss:  -141.40939236583856
loss:  -143.95064371030824
loss:  -144.54262603016744
loss:  -143.8230518836751
loss:  -144.04660898345972
loss:  -144.3253155934741
loss:  -144.14388174698365
loss:  -144.08632383382545
loss:  -144.88961172551478
loss:  -144.4843345651135
loss:  -146.57788975805778
loss:  -145.60821290952956
loss:  -148.06051112457513
loss:  -147.65896458957965
loss:  -147.6276198456791
loss:  -147.67766281904588
loss:  -147.6902774252896
loss:  -147.7363158080413
loss:  -147.22564465174142
loss:  -147.86744657362436
loss:  -147.7127912461023
loss:  -147.5246457336068
loss:  -147.37784998354738
loss:  -148.30934610800676
loss:  -150.60290112739722
loss:  -151.38450995674162
loss:  -151.16287959009716
loss:  -151.75912140407775
loss:  -151.37337081400025
loss:  -152.71625221555792
loss:  -153.2913104342062
loss:  -152.75448316264428
loss:  -152.53033356591027
loss:  -152.93500921144465
loss:  -153.01764439111523
loss:  -152.7323943913019
loss:  -152.82294976102486
loss:  -152.80231768167042
loss:  -152.76980603693798
loss:  -152.90949209226886
loss:  -153.17306932277683
loss:  -153.36828551708254
loss:  -151.82767208210447
loss:  -155.301528462098
loss:  -154.89821945413195
loss:  -155.05772292280204
loss:  -155.5439754261879
loss:  -154.40144700447792
loss:  -155.26839040068597
loss:  -154.9852993508701
loss:  -155.24599191178712
loss:  -156.90377888797605
loss:  -156.54013511573106
loss:  -156.7158851150212
loss:  -157.2427486658434
loss:  -157.80026845720639
loss:  -157.42681420728715
loss:  -157.62045593586245
loss:  -159.15858814013978
loss:  -158.80767774592584
loss:  -159.38920297623187
loss:  -160.72258584796145
loss:  -160.13518621129393
loss:  -160.2327372562886
loss:  -160.10229242962134
loss:  -161.961247751979
loss:  -161.95680268714338
loss:  -162.6348689012675
loss:  -162.73466937121518
loss:  -162.24347502151377
loss:  -161.17509078077586
loss:  -161.20096199303683
loss:  -162.3870786859132
loss:  -161.21397594069748
loss:  -161.15548680082034
loss:  -164.933761954027
loss:  -164.24629870167124
loss:  -165.60477315968873
loss:  -165.5057671188331
loss:  -165.6865603692347
loss:  -165.17621552004348
loss:  -166.61929120701234
loss:  -167.69838585489111
loss:  -166.75495031670766
loss:  -167.31167248821157
loss:  -167.18236410850392
loss:  -166.50381959841854
loss:  -166.70625776041598
loss:  -167.74022876382872
loss:  -169.77877136311994
loss:  -168.7909984596719
loss:  -169.70333437783975
loss:  -168.77243355843606
loss:  -171.4784108531746
loss:  -171.57648741883318
loss:  -173.60111681436308
loss:  -173.84581641411836
loss:  -173.63679883871117
loss:  -173.84372589739874
loss:  -172.303025014299
loss:  -173.69336370157498
loss:  -173.01871920177734
loss:  -173.33044563922988
loss:  -172.5471819134522
loss:  -173.81077293523978
loss:  -173.18979197790387
loss:  -173.2884474980754
loss:  -173.18885466234556
loss:  -173.38501791727015
loss:  -173.4400310576428
loss:  -174.20879378292668
loss:  -175.8534580397264
loss:  -176.12906575836453
loss:  -177.0037528237576
loss:  -176.9392039437245
loss:  -176.4795411816599
loss:  -176.3056238803825
loss:  -177.3991553369195
loss:  -176.71980625626475
loss:  -176.89673233098222
loss:  -178.04776470945387
loss:  -178.9743194456753
loss:  -177.70781989712063
loss:  -179.02471360828295
loss:  -177.83124876536004
loss:  -180.26195721665016
loss:  -181.59091807554054
loss:  -182.17194079981775
loss:  -182.94176565664316
loss:  -182.19832794646265
loss:  -183.95044401252244
loss:  -182.78554014780752
loss:  -183.9347864468288
loss:  -183.43295695563705
loss:  -183.65097438640552
loss:  -183.55590072419167
loss:  -183.82973731317202
loss:  -183.5699465790061
loss:  -184.44881382044292
loss:  -183.33433371566113
loss:  -184.15000559251888
loss:  -183.87320071793036
loss:  -184.01860363613415
loss:  -185.3334740349947
loss:  -186.40503346862855
loss:  -186.36266931185924
loss:  -185.85873378509226
loss:  -186.12356578545575
loss:  -185.52211983317218
loss:  -187.21909270649917
loss:  -187.27458014319492
loss:  -188.74962750204023
loss:  -189.32143908475734
loss:  -189.81964916417428
loss:  -189.15623084736748
loss:  -189.67743632795163
loss:  -191.51406178083806
loss:  -190.71626072953987
loss:  -191.46089132391737
loss:  -190.96633101642254
loss:  -190.98231553182134
loss:  -191.70862219021043
loss:  -192.20780989675612
loss:  -193.9165049054684
loss:  -192.98850176998195
loss:  -193.39430054277761
weights:  [1.58421131e-05 8.46499331e-04 8.32054085e-04 ... 2.17477247e-04
 1.04969509e-04 6.60110882e-04]
cy dot constraint : -9.802543045807079
Optimization problem did not converge.. Check the solution returned by the optimizer.
Returned solution is:
     fun: -193.9165049054684
   maxcv: 9.802643045807079
 message: 'Did not converge to a solution satisfying the constraints. See `maxcv` for magnitude of violation.'
    nfev: 600
  status: 4
 success: False
       x: array([1.58421131e-05, 8.46499331e-04, 8.32054085e-04, ...,
       2.17477247e-04, 1.04969509e-04, 6.60110882e-04])
Train data:
------------
Train accuracy :  0.7911428571428571
Total data points: 7000
# non-protected examples: 4699
# protected examples: 2301
Non-protected in positive class: 740 (16%)
Protected in positive class: 125 (5%)
P-rule is: 34%

Test data: 
------------
Test accuracy :  0.7843333333333333
Total data points: 3000
# non-protected examples: 2055
# protected examples: 945
Non-protected in positive class: 339 (16%)
Protected in positive class: 51 (5%)
P-rule is: 33%
------------------------------------------------------------------------
------------------------------------------------------------------------
