iter:  900.0 , lambda:  1 , alpha:  0.0 , kernel: rbf method:  cobyla , catol:  0.0001 batches:  100
x_init:  [2.69652152e-04 4.59980140e-05 8.11013990e-04 ... 6.91622579e-04
 7.05818331e-04 4.94421455e-04]
loss:  -1.8525774643467394
loss:  -0.5719600389820636
loss:  -0.5830594768840638
loss:  -0.5593341740830682
loss:  -0.6029083722904014
loss:  -0.5952852960259736
loss:  -0.6332037032027062
loss:  -0.570561999778461
loss:  -4.048505111211698
loss:  -4.5447790835908295
loss:  -4.20453514469121
loss:  -5.046234742414639
loss:  -4.745729654657999
loss:  -4.659990783568556
loss:  -4.650883222832023
loss:  -4.651806495580051
loss:  -6.296078895681776
loss:  -7.035003113255085
loss:  -6.890363090431782
loss:  -6.6857822518220384
loss:  -6.647946256939205
loss:  -6.688044537306821
loss:  -7.5268601791620995
loss:  -8.022636900477153
loss:  -7.660024205648849
loss:  -7.746839517087967
loss:  -9.227169166262996
loss:  -9.739603188583363
loss:  -10.837025114414729
loss:  -11.636574288449205
loss:  -11.101679315010317
loss:  -11.517547553339844
loss:  -11.2771859736696
loss:  -11.031817657709315
loss:  -11.648631418172432
loss:  -12.128386000912155
loss:  -11.742586475175361
loss:  -10.762561151877861
loss:  -14.123094681994683
loss:  -13.763446671855979
loss:  -14.58335460610098
loss:  -14.271582986389786
loss:  -13.987362450900775
loss:  -14.162880688622383
loss:  -14.546338340722423
loss:  -14.78624640488194
loss:  -13.582584944897427
loss:  -13.519756560620191
loss:  -13.581880661919083
loss:  -13.564869376234991
loss:  -13.536537797540536
loss:  -13.583543955050704
loss:  -13.537946065948136
loss:  -13.863434876092027
loss:  -16.946980491731118
loss:  -17.916898645119826
loss:  -18.414304410941455
loss:  -19.16508501825672
loss:  -18.90254886250747
loss:  -18.92947876384608
loss:  -18.673266479356442
loss:  -19.63949569385819
loss:  -19.61479597073266
loss:  -19.505987999414025
loss:  -19.758483838559172
loss:  -21.81839634469729
loss:  -22.30891690921795
loss:  -22.151882599171955
loss:  -22.150988160252002
loss:  -22.194638266515213
loss:  -22.048075032369315
loss:  -22.164148035032774
loss:  -21.949347501751305
loss:  -22.307028035276787
loss:  -22.052366254458416
loss:  -22.10166506017266
loss:  -23.3496240380353
loss:  -24.56193570433712
loss:  -25.613208396534105
loss:  -25.609915327489347
loss:  -25.60215712794082
loss:  -25.552227513096646
loss:  -26.66668754122458
loss:  -26.152062972159793
loss:  -27.627174416272002
loss:  -27.56843120513492
loss:  -28.129808902942344
loss:  -28.15767774160286
loss:  -27.130135963975217
loss:  -27.140410740693582
loss:  -27.17831884152048
loss:  -27.133537788823237
loss:  -30.176592086168895
loss:  -31.210627197134478
loss:  -32.163741359828684
loss:  -33.15999638382551
loss:  -34.18157245879931
loss:  -34.23376201747607
loss:  -33.313829076983076
loss:  -33.30380573692194
loss:  -33.36810430897206
loss:  -33.40786090237971
loss:  -33.300396957116135
loss:  -36.170319154289714
loss:  -36.165976632604824
loss:  -36.184607555499085
loss:  -35.263908023613695
loss:  -35.239468338281696
loss:  -35.213332471593056
loss:  -35.23781397326068
loss:  -35.2954096831084
loss:  -35.21824636330269
loss:  -35.67119323303682
loss:  -35.22626332616903
loss:  -35.319638510181946
loss:  -35.22560984348539
loss:  -35.20401231770326
loss:  -35.252313298514785
loss:  -35.24708685313055
loss:  -35.20533046693073
loss:  -35.24420757543625
loss:  -35.25028048940678
loss:  -35.186672381201305
loss:  -38.06827047075045
loss:  -37.98512264014922
loss:  -38.02094144016088
loss:  -38.107218739867974
loss:  -37.110826836191734
loss:  -37.175037494957635
loss:  -37.649087780962
loss:  -37.2307383784717
loss:  -37.241584995762594
loss:  -37.23199459368686
loss:  -37.13116455905165
loss:  -37.205324206947765
loss:  -38.020598668452706
loss:  -37.105715070036524
loss:  -37.53111150174754
loss:  -38.000258024575515
loss:  -37.1574316815726
loss:  -37.206048318604914
loss:  -40.116096103583025
loss:  -40.18575855352761
loss:  -39.225759225427566
loss:  -39.46436203631152
loss:  -39.237502213492235
loss:  -39.22655559810054
loss:  -39.272879384077626
loss:  -39.2568386235569
loss:  -39.26041069605507
loss:  -39.19500738495451
loss:  -42.13318212304297
loss:  -42.187995927397296
loss:  -41.21790645063915
loss:  -44.11659706898805
loss:  -44.14216680346257
loss:  -43.47232602093958
loss:  -43.438697067498865
loss:  -43.344151451032495
loss:  -43.38027862096374
loss:  -43.44000821195279
loss:  -43.28684014653665
loss:  -43.19245220732998
loss:  -43.426313932245435
loss:  -43.41157475738748
loss:  -43.27401393997782
loss:  -43.28745698052717
loss:  -44.614980593712836
loss:  -43.795964247333245
loss:  -43.9149550492317
loss:  -43.879354302656395
loss:  -43.731256414212936
loss:  -43.84705659020319
loss:  -43.6909719969742
loss:  -46.44462424983149
loss:  -46.60700759427039
loss:  -48.375650450301336
loss:  -48.51514106217513
loss:  -47.65470690268136
loss:  -50.40743799325946
loss:  -50.522156087775976
loss:  -49.57754008179189
loss:  -49.6691175610291
loss:  -49.63961369982423
loss:  -49.57214491898254
loss:  -49.58228454779973
loss:  -49.6350254339164
loss:  -49.64824292971124
loss:  -52.40432044670621
loss:  -52.419091192099266
loss:  -51.5329358998886
loss:  -51.513220734914526
loss:  -51.52104117180695
loss:  -51.75235392759104
loss:  -51.390804781489074
loss:  -54.22854797076211
loss:  -54.317356265881955
loss:  -55.30466243376035
loss:  -54.47868051132255
loss:  -54.3178980602754
loss:  -54.303190165353335
loss:  -54.62688677261122
loss:  -54.30527664894873
loss:  -54.346138890866506
loss:  -54.16127590870468
loss:  -57.15506871657425
loss:  -56.920773579751064
loss:  -57.24841426623366
loss:  -56.46540748334514
loss:  -56.22279203550638
loss:  -56.179734444709354
loss:  -56.314929549763804
loss:  -59.16028399534363
loss:  -60.64376719839814
loss:  -60.742664821652404
loss:  -59.77489676594033
loss:  -59.8675708256602
loss:  -62.686095044349685
loss:  -62.71041813598271
loss:  -62.79958029935448
loss:  -64.67812302712225
loss:  -64.63674892783742
loss:  -65.14837252994633
loss:  -65.26676331506764
loss:  -64.31119755146968
loss:  -64.37442244958676
loss:  -67.00760757821986
loss:  -67.01516849019777
loss:  -66.19002226909872
loss:  -66.0899801745205
loss:  -66.07111659891648
loss:  -66.1391991393337
loss:  -66.09099533833167
loss:  -65.84957681699511
loss:  -66.13068693134473
loss:  -66.13025786947928
loss:  -66.10002138769079
loss:  -67.56967689211093
loss:  -69.13981143167767
loss:  -69.15053392125013
loss:  -68.16198223280878
loss:  -68.32094854647492
loss:  -68.21964817927613
loss:  -68.5589636068111
loss:  -67.94543033834486
loss:  -67.92697318871947
loss:  -68.43688488276628
loss:  -68.0162553246313
loss:  -68.59022886931743
loss:  -68.18276055691788
loss:  -68.23226315623295
loss:  -68.56853409972821
loss:  -68.63192247656511
loss:  -68.00214208164383
loss:  -70.99339306389862
loss:  -71.40925582981957
loss:  -70.18492585466262
loss:  -70.2091055498818
loss:  -70.42904649432238
loss:  -73.0456182922317
loss:  -73.07739298391205
loss:  -72.12299113234715
loss:  -74.99527332201777
loss:  -75.27609232200366
loss:  -74.37419491853191
loss:  -74.46887171754638
loss:  -76.93262501198141
loss:  -77.42774483601681
loss:  -77.5111107820273
loss:  -76.98946961350532
loss:  -76.50845419149037
loss:  -76.70241012069597
loss:  -76.75204980541523
loss:  -76.6962066379891
loss:  -79.4200711268081
loss:  -80.33429586981225
loss:  -81.42990584744898
loss:  -80.89157412881029
loss:  -80.92648869527606
loss:  -82.39293768501673
loss:  -83.52413493098699
loss:  -83.56770363087026
loss:  -85.10460093724306
loss:  -86.08292732019821
loss:  -87.0915850714386
loss:  -88.0785167862777
loss:  -89.05060584331213
loss:  -88.5292857828396
loss:  -88.75126882528579
loss:  -90.06660874423555
loss:  -91.15293655799657
loss:  -90.83082969401086
loss:  -91.20676714897927
loss:  -90.1507053973524
loss:  -90.34031777597069
loss:  -90.10473437701046
loss:  -91.58860176819111
loss:  -91.3603361178414
loss:  -93.42138465576372
loss:  -93.3874166841975
loss:  -93.73017306251921
loss:  -95.52750577761464
loss:  -95.11314079795852
loss:  -96.01911451076293
loss:  -96.86437731574973
loss:  -97.43396783842789
loss:  -97.30093866131153
loss:  -98.47501112753906
loss:  -99.40414160970388
loss:  -98.86949545249588
loss:  -99.60706699761042
loss:  -98.76034484366187
loss:  -101.42815808668429
loss:  -101.29698238839377
loss:  -101.3648746579646
loss:  -101.3001788724925
loss:  -100.92149768935059
loss:  -101.43600715818742
loss:  -100.07494824532677
loss:  -102.77063535659167
loss:  -102.01189474516535
loss:  -101.36334761989384
loss:  -101.79222087003038
loss:  -102.06183489281501
loss:  -101.58296784722765
loss:  -101.89490352810574
loss:  -101.54573971031226
loss:  -101.85777414648331
loss:  -101.34846611427494
loss:  -104.26685808251733
loss:  -104.13000188407077
loss:  -104.68725628065076
loss:  -105.41000836631513
loss:  -105.92337312893223
loss:  -104.85556118724128
loss:  -106.0728451831273
loss:  -104.59765611782555
loss:  -104.56206776462865
loss:  -107.82367305814458
loss:  -107.1017958472049
loss:  -107.77636970889783
loss:  -107.57129429267576
loss:  -108.81143674506819
loss:  -108.23583191150873
loss:  -107.81539211170434
loss:  -107.4626446497787
loss:  -108.02539021368491
loss:  -108.09853701937001
loss:  -108.20644739794864
loss:  -107.29609519324234
loss:  -108.09288377241779
loss:  -107.53274769599179
loss:  -107.78820342950016
loss:  -108.22194996523801
loss:  -107.8089743795189
loss:  -107.53613352416833
loss:  -108.00304957469439
loss:  -108.51894499382284
loss:  -107.85285459725463
loss:  -108.02150492012372
loss:  -108.55741551024991
loss:  -108.09202554351249
loss:  -110.39972450115047
loss:  -110.60999896996938
loss:  -109.87207238910702
loss:  -110.1516548116641
loss:  -112.04835582105406
loss:  -112.67151960987258
loss:  -114.08104391084987
loss:  -113.60904417447108
loss:  -114.67320911964235
loss:  -113.90466528674543
loss:  -113.84652477214738
loss:  -116.02793939837863
loss:  -116.0751172274773
loss:  -115.50506289609221
loss:  -117.58900192360532
loss:  -118.64614728222695
loss:  -118.12686754322655
loss:  -117.60359532234314
loss:  -118.51378224026094
loss:  -117.62965240032122
loss:  -119.97887347675454
loss:  -119.96977484979776
loss:  -120.25108724964782
loss:  -120.91083543947016
loss:  -120.30093133148995
loss:  -120.03709241446813
loss:  -119.98462407849154
loss:  -120.36349541938228
loss:  -120.40092236379738
loss:  -119.86626609966129
loss:  -119.68329475767587
loss:  -120.44992675838249
loss:  -120.13341562525521
loss:  -121.39312053746383
loss:  -122.97123450315817
loss:  -122.91760209843783
loss:  -123.11669163472973
loss:  -122.6590544516111
loss:  -122.11423742029842
loss:  -122.36075463807833
loss:  -124.64776254460699
loss:  -125.4745757537325
loss:  -125.094935942331
loss:  -124.5498078706068
loss:  -125.34915509955991
loss:  -124.56862633361895
loss:  -126.32645629496484
loss:  -126.58936592352812
loss:  -126.98811449385225
loss:  -128.26477849029874
loss:  -128.94005067192185
loss:  -130.42399740362998
loss:  -130.87252517316213
loss:  -131.7831831184582
loss:  -131.99479035671618
loss:  -131.74175765248754
loss:  -133.46553734633028
loss:  -133.88574397488333
loss:  -134.52951641429982
loss:  -135.2318722664487
loss:  -134.15863248250687
loss:  -133.4888944581026
loss:  -136.4511125346386
loss:  -135.61245260078772
loss:  -136.98846043382943
loss:  -136.4970086482362
loss:  -135.75915674276348
loss:  -136.35191658547325
loss:  -138.20752573999218
loss:  -138.79647820786124
loss:  -140.68989994225856
loss:  -141.1395118108012
loss:  -140.09599044246391
loss:  -143.1894708751765
loss:  -143.55447848426118
loss:  -142.56275784744784
loss:  -142.809609208111
loss:  -143.13975993581477
loss:  -142.98615498212536
loss:  -142.8364890278433
loss:  -143.9008336644297
loss:  -143.26328235578575
loss:  -145.85903535317064
loss:  -144.8907616614992
loss:  -146.95229840729118
loss:  -146.28726578149954
loss:  -146.26459758752455
loss:  -146.5048442481949
loss:  -146.5842415291381
loss:  -146.2941482925988
loss:  -145.96905121444985
loss:  -146.42078000471736
loss:  -146.36458191077674
loss:  -146.41442894771808
loss:  -145.9937440880727
loss:  -146.88228741397475
loss:  -148.5285053565828
loss:  -148.7084410273225
loss:  -149.08738236742388
loss:  -149.70801574337548
loss:  -149.3243321682878
loss:  -150.34039080361455
loss:  -150.62100050994457
loss:  -150.00492369743577
loss:  -149.80344258369462
loss:  -150.2673876609634
loss:  -150.10709227480095
loss:  -149.7329236688285
loss:  -149.85354003250401
loss:  -149.82231705054832
loss:  -149.80073541306734
loss:  -149.99966846484287
loss:  -150.24597520308456
loss:  -150.53146259241757
loss:  -149.68572785578232
loss:  -151.76045998270976
loss:  -152.22913354002372
loss:  -151.80142804441863
loss:  -152.47052556840168
loss:  -150.9842242448923
loss:  -152.00908069058283
loss:  -151.63633151861578
loss:  -151.95877261358643
loss:  -154.05155978823802
loss:  -153.6900518792148
loss:  -153.90894472588258
loss:  -154.11222550774627
loss:  -154.6663454281144
loss:  -154.05589454794537
loss:  -154.3103490084527
loss:  -156.21504503399592
loss:  -155.86378164003574
loss:  -156.17376040537272
loss:  -157.54883002808938
loss:  -157.7164861925955
loss:  -157.22774878579963
loss:  -156.8299870863078
loss:  -159.19067025722876
loss:  -158.9313200655671
loss:  -159.6481351296533
loss:  -159.6165254701005
loss:  -159.15803294016004
loss:  -158.7779036481157
loss:  -158.78299989020846
loss:  -160.26840474535027
loss:  -158.5521442620225
loss:  -158.49118225404766
loss:  -162.6138275123015
loss:  -161.9274716619882
loss:  -163.2927962056602
loss:  -163.03049926321128
loss:  -163.37736627631193
loss:  -162.86496012089418
loss:  -164.2116421461084
loss:  -165.28768471541167
loss:  -164.16512099409653
loss:  -164.79003425358007
loss:  -164.76811622186972
loss:  -163.88403752783853
loss:  -164.29643501390308
loss:  -165.22244497021924
loss:  -166.53283140761718
loss:  -166.10594132598635
loss:  -167.23778433537572
loss:  -165.96756393143454
loss:  -169.07834661631094
loss:  -169.40609110644291
loss:  -171.2493794491332
loss:  -171.31673216838013
loss:  -170.90736121288128
loss:  -171.12247102554255
loss:  -169.41531670425894
loss:  -170.99338434862727
loss:  -170.3206248612163
loss:  -170.59737103499435
loss:  -169.70641135198585
loss:  -171.06426682475455
loss:  -170.47542497290365
loss:  -170.56602379820364
loss:  -170.47328052381224
loss:  -170.65825632895846
loss:  -170.71833008571556
loss:  -171.62178245764753
loss:  -173.34067012887184
loss:  -173.61644216645695
loss:  -174.49305871258085
loss:  -174.3471782226522
loss:  -173.7740162353712
loss:  -173.61448824733984
loss:  -174.88792663584806
loss:  -174.0268387679787
loss:  -174.38343380527525
loss:  -175.63335094049043
loss:  -176.3526822211798
loss:  -174.7858261558551
loss:  -176.21863778409812
loss:  -175.92631622117977
loss:  -176.72481448984215
loss:  -177.3245845857646
loss:  -178.58239097864055
loss:  -178.5100055089101
loss:  -177.51182745704253
loss:  -179.41513862690567
loss:  -177.93566678394828
loss:  -179.2236432142495
loss:  -178.68355789592465
loss:  -178.88770380410952
loss:  -178.79228866164107
loss:  -179.0906673118289
loss:  -178.80795607971768
loss:  -179.9114875403948
loss:  -178.79905127489647
loss:  -179.37387334292103
loss:  -179.04136266944872
loss:  -179.25230246748836
loss:  -180.9818899756061
loss:  -181.91194370928957
loss:  -181.70235538856176
loss:  -181.15759908970657
loss:  -181.4070180266683
loss:  -180.75555413946674
loss:  -182.9509259283925
loss:  -183.21588526182836
loss:  -184.46511359577443
loss:  -184.80987897941256
loss:  -185.3091284779286
loss:  -184.41347117279028
loss:  -184.9668753842005
loss:  -187.2674227742324
loss:  -186.59105329358906
loss:  -186.86125403432197
loss:  -186.8408170965102
loss:  -186.73373936535717
loss:  -187.67249137068035
loss:  -188.17080076956896
loss:  -189.68227457793787
loss:  -188.41152440216067
loss:  -189.15723370707587
loss:  -188.50751725934867
loss:  -189.99079043473728
loss:  -189.55562700441456
loss:  -189.24216871923298
loss:  -189.60528268825377
loss:  -189.46295685853684
loss:  -190.48759658096975
loss:  -191.71092683947217
loss:  -191.67247163127902
loss:  -191.77873808423965
loss:  -190.9262534225173
loss:  -190.06493603232792
loss:  -191.5173751630052
loss:  -191.51059409637165
loss:  -191.55356153855487
loss:  -190.98350244727348
loss:  -191.56887444111243
loss:  -191.23050395360553
loss:  -192.76487059124935
loss:  -192.78247452446737
loss:  -194.2137916028326
loss:  -195.2635579291409
loss:  -195.53971176252358
loss:  -194.80269632754187
loss:  -195.39737865607145
loss:  -194.1409904358277
loss:  -196.56572221345277
loss:  -194.44350922495096
loss:  -198.21898762659134
loss:  -196.12651942716482
loss:  -197.32545191288773
loss:  -197.61398475147018
loss:  -198.71777924256455
loss:  -198.27476408612367
loss:  -199.21574660670328
loss:  -198.49575823597021
loss:  -198.36049966601678
loss:  -199.06822132334057
loss:  -197.52347624057205
loss:  -199.40630375053698
loss:  -199.9371137149048
loss:  -197.9362121440497
loss:  -202.07244880890735
loss:  -202.7315181138241
loss:  -203.3006231122602
loss:  -202.1104420908813
loss:  -204.66939292599918
loss:  -204.85730660374267
loss:  -204.3903769347538
loss:  -204.40257776199462
loss:  -203.84565427498615
loss:  -205.37971821016293
loss:  -204.40329005313214
loss:  -203.38348712141038
loss:  -202.8014797129145
loss:  -203.6061514849351
loss:  -202.64589636149879
loss:  -203.01769675973622
loss:  -203.65921119637184
loss:  -204.25405403787224
loss:  -204.88159227948637
loss:  -206.86812886453856
loss:  -205.95755178068367
loss:  -204.83284460792672
loss:  -206.1292311328686
loss:  -207.41431661262106
loss:  -207.76673048094156
loss:  -205.2454862325738
loss:  -206.5668476123757
loss:  -206.78454010472385
loss:  -206.1391271524912
loss:  -206.56773012192912
loss:  -206.7339344503778
loss:  -206.55130057780187
loss:  -208.7893527000968
loss:  -207.92017403370414
loss:  -208.22464365860975
loss:  -206.5094689023489
loss:  -206.8116299907048
loss:  -210.1871556027175
loss:  -211.48045842407421
loss:  -211.05679815183214
loss:  -208.87761494070858
loss:  -212.96160807173484
loss:  -213.41067400575648
loss:  -213.722347536768
loss:  -212.25307165595336
loss:  -211.90665442656496
loss:  -213.2419228618744
loss:  -215.97640046579411
loss:  -215.8748787288333
loss:  -215.59186367943192
loss:  -217.17182997088096
loss:  -216.9160610815876
loss:  -217.54679710528094
loss:  -215.70016331895866
loss:  -218.33272644828193
loss:  -218.0558010717453
loss:  -218.1147190208217
loss:  -218.06780194502838
loss:  -218.29699030184815
loss:  -218.91836855150382
loss:  -219.57319573272954
loss:  -221.00439722455974
loss:  -222.08596902952834
loss:  -221.58856372755687
loss:  -222.26108135747475
loss:  -225.37677783105914
loss:  -227.24977289795515
loss:  -227.8748465070268
loss:  -227.42298174214181
loss:  -227.1056551419855
loss:  -227.36263533915246
loss:  -227.61863129030712
loss:  -226.10525080297373
loss:  -226.79331619127782
loss:  -226.5930475162358
loss:  -225.62565730569028
loss:  -227.42140614272802
loss:  -229.16862305809656
loss:  -229.38639448995048
loss:  -227.64778534393116
loss:  -228.54310532827213
loss:  -228.4629910999127
loss:  -231.35729949163647
loss:  -230.68554634644616
loss:  -230.17666839123208
loss:  -230.87573527788996
loss:  -231.73243367017122
loss:  -230.24250308014985
loss:  -231.27949141576022
loss:  -231.35117452994524
loss:  -229.51963995036883
loss:  -232.62698583564475
loss:  -231.72433882865624
loss:  -231.1250887531727
loss:  -234.04901681583402
loss:  -233.86405456972278
loss:  -234.17637487825334
loss:  -232.97678965518435
loss:  -235.36763131509616
loss:  -235.23534030154815
loss:  -235.5220855123415
loss:  -236.41498025069765
loss:  -237.9770579655725
loss:  -238.5709610612598
loss:  -238.19872643727797
loss:  -239.75627824643934
loss:  -239.7512349240248
loss:  -239.55473565622557
loss:  -240.36041226544253
loss:  -240.05812868212843
loss:  -240.6165508843044
loss:  -239.950396249329
loss:  -241.2755233242989
loss:  -243.33474252850937
loss:  -243.8599445668812
loss:  -241.8271632715633
loss:  -242.76298261633883
loss:  -242.99741788313955
loss:  -243.55651066164035
loss:  -241.39113639463037
loss:  -242.57924191030258
loss:  -241.88410313283256
loss:  -243.35991658708755
loss:  -245.23025426191023
loss:  -244.93083250286682
loss:  -246.0476368195416
loss:  -246.67908011431243
loss:  -245.81156776099192
loss:  -246.6851589547446
loss:  -246.919638251941
loss:  -247.24800264055614
loss:  -246.48397905182432
loss:  -248.06151518416067
loss:  -247.27889639110182
loss:  -246.9502402936544
loss:  -247.90802654409498
loss:  -248.3768281319671
loss:  -248.23957651652142
loss:  -246.93081805836957
loss:  -247.21870559603224
loss:  -248.56468655401628
loss:  -247.48532551143174
loss:  -246.73200814840612
loss:  -246.8164685795375
loss:  -246.75275692336666
loss:  -252.08057785287772
loss:  -250.89574242577214
loss:  -250.1635405256809
loss:  -253.82789491614534
loss:  -253.23106325932415
loss:  -253.65447614538132
loss:  -253.1456568689341
loss:  -254.32356295281988
loss:  -254.82263990211794
loss:  -255.73353684091524
loss:  -255.22152831859702
loss:  -254.80696422280252
loss:  -256.42051065695875
loss:  -254.25976024189325
loss:  -255.2485395495861
loss:  -255.45124341558497
loss:  -254.0661579881535
loss:  -255.74494198003487
loss:  -254.71495428757345
loss:  -257.4655548191429
loss:  -257.6271677362834
loss:  -256.08802431008274
loss:  -260.71408007771623
loss:  -259.7268280790835
loss:  -259.7919904871627
loss:  -260.8307523467703
loss:  -258.5499449830036
loss:  -258.829082689335
loss:  -259.2690005812135
loss:  -263.24674101877815
loss:  -261.74854963757167
loss:  -262.0435628957693
loss:  -262.7484124324726
loss:  -262.8953690974404
loss:  -262.67594190690806
loss:  -263.6170470443661
loss:  -263.0776034935923
loss:  -262.4890388985958
loss:  -262.39258093152387
loss:  -264.1133998117752
loss:  -263.62602839469014
loss:  -263.612674924056
loss:  -266.04171904703526
loss:  -266.39436222641217
loss:  -265.48992539695445
loss:  -264.98819359167317
loss:  -265.6403105069499
loss:  -265.87790196222124
loss:  -264.42097223471006
loss:  -267.5178148033011
loss:  -267.11584058884995
loss:  -266.6780357408735
loss:  -267.1966456799698
loss:  -268.79871548184394
loss:  -268.7859376541728
loss:  -269.7119761258058
loss:  -270.5843534308731
loss:  -270.98553061125773
loss:  -271.6928614513773
loss:  -272.1886182337459
loss:  -272.02282883697444
loss:  -270.82574871190184
loss:  -271.84260398206993
loss:  -272.27531580965086
loss:  -273.1676032896145
loss:  -271.84059551066696
loss:  -274.51129000873635
loss:  -276.3471543067696
loss:  -276.52522469089746
loss:  -274.21145293302294
loss:  -276.01487882682846
loss:  -275.68576521176044
loss:  -274.8686512886815
loss:  -274.9949575078845
loss:  -278.56940093177593
loss:  -277.13385099133615
loss:  -277.79409844236403
loss:  -278.25630163821927
loss:  -279.78942007713505
loss:  -279.91654348349175
loss:  -279.953372040471
loss:  -280.3527895350388
loss:  -279.55151212938887
loss:  -279.6594504228092
loss:  -280.4955480617716
loss:  -279.86919785767424
loss:  -279.96785438709634
loss:  -278.75550547543247
loss:  -280.63796670962716
loss:  -279.3913603240349
loss:  -279.1672451451089
loss:  -279.3568919844276
loss:  -279.0075602186271
loss:  -278.4999218360681
loss:  -279.0342388684538
loss:  -278.93799311284505
loss:  -278.17710230564853
loss:  -278.81133680765623
loss:  -277.8032009795168
loss:  -279.6938188343584
loss:  -279.2108769631673
loss:  -279.52874553846266
loss:  -279.6781637170516
loss:  -279.552873798569
loss:  -282.9581618843234
loss:  -283.2439488878607
loss:  -281.3660883997806
loss:  -282.65139789254823
loss:  -282.34531238170956
loss:  -283.72722461593855
loss:  -283.21243558158585
loss:  -282.7615904604695
loss:  -283.19724390584696
weights:  [2.69652152e-04 4.59980140e-05 8.11013990e-04 ... 6.91622579e-04
 7.05818331e-04 4.94421455e-04]
cy dot constraint : -13.792027692958385
Optimization problem did not converge.. Check the solution returned by the optimizer.
Returned solution is:
     fun: -283.72722461593855
   maxcv: 13.792127692958385
 message: 'Did not converge to a solution satisfying the constraints. See `maxcv` for magnitude of violation.'
    nfev: 900
  status: 4
 success: False
       x: array([2.69652152e-04, 4.59980140e-05, 8.11013990e-04, ...,
       6.91622579e-04, 7.05818331e-04, 4.94421455e-04])
Train data:
------------
Train accuracy :  0.7802857142857142
Total data points: 7000
# non-protected examples: 4699
# protected examples: 2301
Non-protected in positive class: 1311 (28%)
Protected in positive class: 352 (15%)
P-rule is: 55%

Test data: 
------------
Test accuracy :  0.7716666666666666
Total data points: 3000
# non-protected examples: 2055
# protected examples: 945
Non-protected in positive class: 605 (29%)
Protected in positive class: 141 (15%)
P-rule is: 51%
------------------------------------------------------------------------
------------------------------------------------------------------------
