Looking for file 'adult.data' in the current directory...
File found in current directory..
Looking for file 'adult.test' in the current directory...
File found in current directory..
Loading only 10000 examples from the data
Total data points: 10000
# non-protected examples: 6754
# protected examples: 3246
Non-protected in positive class: 2080 (31%)
Protected in positive class: 372 (11%)
P-rule is: 37%
iter:  1   lambda:  1   alpha:  0.5   kernel: rbf
[0.62230064 0.16969394 0.64710854 ... 0.13785812 0.61671567 0.53923458]
loss:  600.9906395967648
loss:  600.9906396401141
loss:  600.9906395941036
loss:  600.9906396518206
loss:  600.9906395971229
loss:  600.9906395999174
loss:  600.9906395999305
loss:  600.9906395908297
loss:  600.9906395938276
loss:  600.990639594886
loss:  600.990639590053
loss:  600.9906395945534
loss:  600.990639597904
loss:  600.9906395956498
loss:  600.9906396081872
loss:  600.9906396329402
loss:  600.990639593532
loss:  600.9906395955613
loss:  600.9906395989653
loss:  600.9906395975197
loss:  600.9906395919722
loss:  600.9906395970404
loss:  600.9906395948419
loss:  600.9906395908463
loss:  600.9906396118556
loss:  600.9906396050258
loss:  600.9906395816906
loss:  600.9906396193442
loss:  600.9906395883063
loss:  600.9906396014619
loss:  600.9906395951359
loss:  600.9906395898381
loss:  600.9906395954424
loss:  600.9906396275662
loss:  600.9906395920193
loss:  600.9906395959395
loss:  600.9906395905439
loss:  600.9906396118545
loss:  600.9906395899461
loss:  600.9906396076815
loss:  600.9906395912071
loss:  600.9906395943422
loss:  600.9906396081483
loss:  600.9906395914688
loss:  600.9906395932953
loss:  600.9906395901189
loss:  600.9906395906862
loss:  600.9906395917596
loss:  600.9906395970786
loss:  600.990639595223
loss:  600.9906396098604
loss:  600.9906395898645
loss:  600.9906396230949
loss:  600.9906395971486
loss:  600.9906395897135
loss:  600.9906395959488
loss:  600.990639590392
loss:  600.9906395917317
loss:  600.9906396034853
loss:  600.9906395937239
loss:  600.9906396046495
loss:  600.9906395908217
loss:  600.9906395901792
loss:  600.9906395898113
loss:  600.9906395990413
loss:  600.9906395947285
loss:  600.9906395906244
loss:  600.9906395806299
loss:  600.9906396057918
loss:  600.9906395967062
loss:  600.9906395902904
loss:  600.9906395992689
loss:  600.9906396022416
loss:  600.9906395959658
loss:  600.9906396017773
loss:  600.9906395938433
loss:  600.9906395907217
loss:  600.9906395857938
loss:  600.9906395936587
loss:  600.990639589688
loss:  600.9906395933717
loss:  600.9906395969028
loss:  600.990639594881
loss:  600.990639593545
loss:  600.9906396042809
loss:  600.9906395993614
loss:  600.9906395902613
loss:  600.9906395894568
loss:  600.9906395950059
loss:  600.9906395935932
loss:  600.9906396456533
loss:  600.9906396067565
loss:  600.9906395718401
loss:  600.9906395799999
loss:  600.9906395937619
loss:  600.990639586525
loss:  600.9906396039598
loss:  600.9906395900803
loss:  600.9906395969963
loss:  600.9906396104427
loss:  600.990639596617
loss:  600.990639594696
loss:  600.9906396127762
loss:  600.9906395929938
loss:  600.9906395953867
loss:  600.9906396094557
loss:  600.9906396086565
loss:  600.9906395951907
loss:  600.9906396107408
loss:  600.9906395944015
loss:  600.9906395960054
loss:  600.9906396048259
loss:  600.9906395901983
loss:  600.9906396005097
loss:  600.9906395902917
loss:  600.9906395939599
loss:  600.9906396153765
loss:  600.9906395947014
loss:  600.9906395981031
loss:  600.9906395986079
loss:  600.9906395931339
loss:  600.9906396047359
loss:  600.9906395914898
loss:  600.9906395921266
loss:  600.9906396324909
loss:  600.9906395979001
loss:  600.9906395964654
loss:  600.990639603606
loss:  600.9906396415633
loss:  600.9906395942628
loss:  600.9906396151357
loss:  600.9906396128683
loss:  600.9906396073563
loss:  600.9906395931682
loss:  600.9906395925609
loss:  600.9906395905475
loss:  600.9906395974358
loss:  600.9906395946625
loss:  600.9906395934477
loss:  600.990639632777
loss:  600.9906396150905
loss:  600.9906395828409
loss:  600.9906396162519
loss:  600.9906396223237
loss:  600.9906395918556
loss:  600.9906395966068
loss:  600.9906395907662
loss:  600.9906395912872
loss:  600.990639590229
loss:  600.9906396008298
loss:  600.9906395942162
loss:  600.9906395794749
loss:  600.9906395934445
loss:  600.9906395983139
loss:  600.9906395954117
loss:  600.9906395921569
loss:  600.9906395969383
loss:  600.99063959825
loss:  600.9906396072352
loss:  600.9906395900889
loss:  600.9906396298077
loss:  600.9906396004933
loss:  600.9906395969374
loss:  600.9906396088779
loss:  600.9906396021613
loss:  600.9906396008041
loss:  600.9906395910216
loss:  600.9906395909479
loss:  600.9906396014867
loss:  600.9906395972571
loss:  600.9906396001834
loss:  600.9906395958499
loss:  600.9906396036884
loss:  600.990639590729
loss:  600.9906395891369
loss:  600.9906396022607
loss:  600.990639593876
loss:  600.9906395911078
loss:  600.9906396221177
loss:  600.990639588998
loss:  600.9906396026722
loss:  600.9906396279937
loss:  600.9906396294759
loss:  600.9906395904668
loss:  600.9906396110689
loss:  600.9906395957407
loss:  600.9906396003719
loss:  600.9906396168485
loss:  600.9906395898474
loss:  600.9906395975265
loss:  600.9906396056797
loss:  600.990639602114
loss:  600.9906396258646
loss:  600.9906395917017
loss:  600.9906395984563
loss:  600.9906395846776
loss:  600.9906395936684
loss:  600.9906395901114
loss:  600.990639594105
loss:  600.9906396397078
loss:  600.9906396046836
loss:  600.9906395908602
loss:  600.9906396561112
loss:  600.9906396288579
loss:  600.9906396022582
loss:  600.9906395922435
loss:  600.9906396422757
loss:  600.9906396188176
loss:  600.9906395968044
loss:  600.9906396283211
loss:  600.9906395925498
loss:  600.990639593869
loss:  600.990639593711
loss:  600.9906395966693
loss:  600.9906396144345
loss:  600.990639599004
loss:  600.9906395879159
loss:  600.9906395788009
loss:  600.9906395964683
loss:  600.9906396182555
loss:  600.9906395914302
loss:  600.9906395938906
loss:  600.9906395922158
loss:  600.9906395930695
loss:  600.9906396088097
loss:  600.990639596341
loss:  600.9906395959042
loss:  600.9906395990558
loss:  600.9906395946145
loss:  600.990639622592
loss:  600.9906395941468
loss:  600.990639590718
loss:  600.99063964978
loss:  600.9906395909168
loss:  600.9906396339654
loss:  600.9906395985643
loss:  600.990639611824
loss:  600.9906395915134
loss:  600.9906395898333
loss:  600.9906396292074
loss:  600.9906396103938
loss:  600.9906395933756
loss:  600.9906396140834
loss:  600.9906395938663
loss:  600.9906395972043
loss:  600.990639601689
loss:  600.9906395909395
loss:  600.9906396174706
loss:  600.9906395946225
loss:  600.990639630395
loss:  600.9906396114623
loss:  600.9906395893795
loss:  600.9906395893736
loss:  600.9906395924679
loss:  600.9906395782691
loss:  600.9906395960504
loss:  600.9906396010886
loss:  600.9906396000999
loss:  600.9906395921203
loss:  600.9906395948378
loss:  600.9906396342067
loss:  600.9906396130518
loss:  600.990639602629
loss:  600.9906395950229
loss:  600.9906396044162
loss:  600.9906395916428
loss:  600.9906395905857
loss:  600.9906395954611
loss:  600.9906396060235
loss:  600.9906395926589
loss:  600.9906395957298
loss:  600.9906396009978
loss:  600.9906395900257
loss:  600.9906395904613
loss:  600.9906395999842
loss:  600.9906395969924
loss:  600.9906395995083
loss:  600.9906395906221
loss:  600.9906395907578
loss:  600.9906395960559
loss:  600.9906395955288
loss:  600.9906396071169
loss:  600.9906395924106
loss:  600.9906395936569
loss:  600.9906396079509
loss:  600.9906395822625
loss:  600.9906396023873
loss:  600.9906395922017
loss:  600.990639592859
loss:  600.9906395661944
loss:  600.9906395998005
loss:  600.9906396035651
loss:  600.9906396147894
loss:  600.9906395970663
loss:  600.9906395977994
loss:  600.9906395971393
loss:  600.990639590108
loss:  600.990639595736
loss:  600.9906395956375
loss:  600.9906396135582
loss:  600.9906395958442
loss:  600.9906395927262
loss:  600.9906396467238
loss:  600.9906395964877
loss:  600.9906395953942
loss:  600.9906395944361
loss:  600.9906396417637
loss:  600.990639603925
loss: 